STAR version=2.7.2b
STAR compilation time,server,dir=Mon Sep 16 09:34:15 CEST 2019 rackham5.uppmax.uu.se:/sw/bioinfo/star/2.7.2b/src/STAR-2.7.2b/source
##### Command Line:
STAR --runThreadN 8 --runMode genomeGenerate --genomeDir /domus/h1/siqili/gen-ana/result/rna-mapping/index --genomeFastaFiles /domus/h1/siqili/gen-ana/result/correct-assembly/pilon.fasta --genomeSAindexNbases 12
##### Initial USER parameters from Command Line:
###### All USER parameters from Command Line:
runThreadN                    8     ~RE-DEFINED
runMode                       genomeGenerate     ~RE-DEFINED
genomeDir                     /domus/h1/siqili/gen-ana/result/rna-mapping/index     ~RE-DEFINED
genomeFastaFiles              /domus/h1/siqili/gen-ana/result/correct-assembly/pilon.fasta        ~RE-DEFINED
genomeSAindexNbases           12     ~RE-DEFINED
##### Finished reading parameters from all sources

##### Final user re-defined parameters-----------------:
runMode                           genomeGenerate
runThreadN                        8
genomeDir                         /domus/h1/siqili/gen-ana/result/rna-mapping/index
genomeFastaFiles                  /domus/h1/siqili/gen-ana/result/correct-assembly/pilon.fasta   
genomeSAindexNbases               12

-------------------------------
##### Final effective command line:
STAR   --runMode genomeGenerate   --runThreadN 8   --genomeDir /domus/h1/siqili/gen-ana/result/rna-mapping/index   --genomeFastaFiles /domus/h1/siqili/gen-ana/result/correct-assembly/pilon.fasta      --genomeSAindexNbases 12
----------------------------------------

Finished loading and checking parameters
May 17 22:10:22 ... starting to generate Genome files
/domus/h1/siqili/gen-ana/result/correct-assembly/pilon.fasta : chr # 0  "tig00000002_pilon" chrStart: 0
/domus/h1/siqili/gen-ana/result/correct-assembly/pilon.fasta : chr # 1  "tig00000003_pilon" chrStart: 262144
/domus/h1/siqili/gen-ana/result/correct-assembly/pilon.fasta : chr # 2  "tig00000004_pilon" chrStart: 524288
/domus/h1/siqili/gen-ana/result/correct-assembly/pilon.fasta : chr # 3  "tig00000005_pilon" chrStart: 786432
/domus/h1/siqili/gen-ana/result/correct-assembly/pilon.fasta : chr # 4  "tig00000006_pilon" chrStart: 1048576
/domus/h1/siqili/gen-ana/result/correct-assembly/pilon.fasta : chr # 5  "tig00000007_pilon" chrStart: 1310720
/domus/h1/siqili/gen-ana/result/correct-assembly/pilon.fasta : chr # 6  "tig00000008_pilon" chrStart: 1572864
/domus/h1/siqili/gen-ana/result/correct-assembly/pilon.fasta : chr # 7  "tig00000009_pilon" chrStart: 1835008
/domus/h1/siqili/gen-ana/result/correct-assembly/pilon.fasta : chr # 8  "tig00000013_pilon" chrStart: 2097152
/domus/h1/siqili/gen-ana/result/correct-assembly/pilon.fasta : chr # 9  "tig00000014_pilon" chrStart: 3670016
/domus/h1/siqili/gen-ana/result/correct-assembly/pilon.fasta : chr # 10  "tig00000015_pilon" chrStart: 3932160
/domus/h1/siqili/gen-ana/result/correct-assembly/pilon.fasta : chr # 11  "tig00000017_pilon" chrStart: 4194304
/domus/h1/siqili/gen-ana/result/correct-assembly/pilon.fasta : chr # 12  "tig00000019_pilon" chrStart: 4456448
/domus/h1/siqili/gen-ana/result/correct-assembly/pilon.fasta : chr # 13  "tig00000020_pilon" chrStart: 4718592
/domus/h1/siqili/gen-ana/result/correct-assembly/pilon.fasta : chr # 14  "tig00000023_pilon" chrStart: 4980736
/domus/h1/siqili/gen-ana/result/correct-assembly/pilon.fasta : chr # 15  "tig00000025_pilon" chrStart: 5242880
/domus/h1/siqili/gen-ana/result/correct-assembly/pilon.fasta : chr # 16  "tig00000026_pilon" chrStart: 5505024
/domus/h1/siqili/gen-ana/result/correct-assembly/pilon.fasta : chr # 17  "tig00000027_pilon" chrStart: 5767168
/domus/h1/siqili/gen-ana/result/correct-assembly/pilon.fasta : chr # 18  "tig00000029_pilon" chrStart: 6029312
/domus/h1/siqili/gen-ana/result/correct-assembly/pilon.fasta : chr # 19  "tig00000032_pilon" chrStart: 6291456
/domus/h1/siqili/gen-ana/result/correct-assembly/pilon.fasta : chr # 20  "tig00000036_pilon" chrStart: 6553600
/domus/h1/siqili/gen-ana/result/correct-assembly/pilon.fasta : chr # 21  "tig00000038_pilon" chrStart: 7864320
/domus/h1/siqili/gen-ana/result/correct-assembly/pilon.fasta : chr # 22  "tig00000039_pilon" chrStart: 8126464
/domus/h1/siqili/gen-ana/result/correct-assembly/pilon.fasta : chr # 23  "tig00000040_pilon" chrStart: 8388608
/domus/h1/siqili/gen-ana/result/correct-assembly/pilon.fasta : chr # 24  "tig00000041_pilon" chrStart: 8650752
/domus/h1/siqili/gen-ana/result/correct-assembly/pilon.fasta : chr # 25  "tig00000042_pilon" chrStart: 8912896
/domus/h1/siqili/gen-ana/result/correct-assembly/pilon.fasta : chr # 26  "tig00000043_pilon" chrStart: 9175040
/domus/h1/siqili/gen-ana/result/correct-assembly/pilon.fasta : chr # 27  "tig00000044_pilon" chrStart: 9437184
/domus/h1/siqili/gen-ana/result/correct-assembly/pilon.fasta : chr # 28  "tig00000046_pilon" chrStart: 9699328
/domus/h1/siqili/gen-ana/result/correct-assembly/pilon.fasta : chr # 29  "tig00000047_pilon" chrStart: 9961472
/domus/h1/siqili/gen-ana/result/correct-assembly/pilon.fasta : chr # 30  "tig00000048_pilon" chrStart: 11272192
/domus/h1/siqili/gen-ana/result/correct-assembly/pilon.fasta : chr # 31  "tig00000049_pilon" chrStart: 11534336
/domus/h1/siqili/gen-ana/result/correct-assembly/pilon.fasta : chr # 32  "tig00000051_pilon" chrStart: 11796480
/domus/h1/siqili/gen-ana/result/correct-assembly/pilon.fasta : chr # 33  "tig00000052_pilon" chrStart: 12058624
/domus/h1/siqili/gen-ana/result/correct-assembly/pilon.fasta : chr # 34  "tig00000053_pilon" chrStart: 12320768
/domus/h1/siqili/gen-ana/result/correct-assembly/pilon.fasta : chr # 35  "tig00000054_pilon" chrStart: 12582912
/domus/h1/siqili/gen-ana/result/correct-assembly/pilon.fasta : chr # 36  "tig00000056_pilon" chrStart: 12845056
/domus/h1/siqili/gen-ana/result/correct-assembly/pilon.fasta : chr # 37  "tig00000057_pilon" chrStart: 13107200
/domus/h1/siqili/gen-ana/result/correct-assembly/pilon.fasta : chr # 38  "tig00000058_pilon" chrStart: 14155776
/domus/h1/siqili/gen-ana/result/correct-assembly/pilon.fasta : chr # 39  "tig00000060_pilon" chrStart: 14417920
/domus/h1/siqili/gen-ana/result/correct-assembly/pilon.fasta : chr # 40  "tig00000061_pilon" chrStart: 14680064
/domus/h1/siqili/gen-ana/result/correct-assembly/pilon.fasta : chr # 41  "tig00000062_pilon" chrStart: 14942208
/domus/h1/siqili/gen-ana/result/correct-assembly/pilon.fasta : chr # 42  "tig00000063_pilon" chrStart: 15204352
/domus/h1/siqili/gen-ana/result/correct-assembly/pilon.fasta : chr # 43  "tig00000065_pilon" chrStart: 15466496
/domus/h1/siqili/gen-ana/result/correct-assembly/pilon.fasta : chr # 44  "tig00000066_pilon" chrStart: 15728640
/domus/h1/siqili/gen-ana/result/correct-assembly/pilon.fasta : chr # 45  "tig00000067_pilon" chrStart: 15990784
/domus/h1/siqili/gen-ana/result/correct-assembly/pilon.fasta : chr # 46  "tig00000068_pilon" chrStart: 16252928
/domus/h1/siqili/gen-ana/result/correct-assembly/pilon.fasta : chr # 47  "tig00000069_pilon" chrStart: 16515072
/domus/h1/siqili/gen-ana/result/correct-assembly/pilon.fasta : chr # 48  "tig00000070_pilon" chrStart: 17563648
/domus/h1/siqili/gen-ana/result/correct-assembly/pilon.fasta : chr # 49  "tig00000072_pilon" chrStart: 17825792
/domus/h1/siqili/gen-ana/result/correct-assembly/pilon.fasta : chr # 50  "tig00000075_pilon" chrStart: 18087936
/domus/h1/siqili/gen-ana/result/correct-assembly/pilon.fasta : chr # 51  "tig00000076_pilon" chrStart: 18350080
/domus/h1/siqili/gen-ana/result/correct-assembly/pilon.fasta : chr # 52  "tig00000081_pilon" chrStart: 19398656
/domus/h1/siqili/gen-ana/result/correct-assembly/pilon.fasta : chr # 53  "tig00000082_pilon" chrStart: 19660800
/domus/h1/siqili/gen-ana/result/correct-assembly/pilon.fasta : chr # 54  "tig00000083_pilon" chrStart: 19922944
/domus/h1/siqili/gen-ana/result/correct-assembly/pilon.fasta : chr # 55  "tig00000084_pilon" chrStart: 20185088
/domus/h1/siqili/gen-ana/result/correct-assembly/pilon.fasta : chr # 56  "tig00000085_pilon" chrStart: 20447232
/domus/h1/siqili/gen-ana/result/correct-assembly/pilon.fasta : chr # 57  "tig00000086_pilon" chrStart: 20709376
/domus/h1/siqili/gen-ana/result/correct-assembly/pilon.fasta : chr # 58  "tig00000087_pilon" chrStart: 20971520
/domus/h1/siqili/gen-ana/result/correct-assembly/pilon.fasta : chr # 59  "tig00000088_pilon" chrStart: 21233664
/domus/h1/siqili/gen-ana/result/correct-assembly/pilon.fasta : chr # 60  "tig00000091_pilon" chrStart: 21495808
/domus/h1/siqili/gen-ana/result/correct-assembly/pilon.fasta : chr # 61  "tig00000092_pilon" chrStart: 21757952
/domus/h1/siqili/gen-ana/result/correct-assembly/pilon.fasta : chr # 62  "tig00000093_pilon" chrStart: 22020096
/domus/h1/siqili/gen-ana/result/correct-assembly/pilon.fasta : chr # 63  "tig00000094_pilon" chrStart: 22282240
/domus/h1/siqili/gen-ana/result/correct-assembly/pilon.fasta : chr # 64  "tig00000095_pilon" chrStart: 22544384
/domus/h1/siqili/gen-ana/result/correct-assembly/pilon.fasta : chr # 65  "tig00000096_pilon" chrStart: 22806528
/domus/h1/siqili/gen-ana/result/correct-assembly/pilon.fasta : chr # 66  "tig00000097_pilon" chrStart: 23592960
/domus/h1/siqili/gen-ana/result/correct-assembly/pilon.fasta : chr # 67  "tig00000098_pilon" chrStart: 23855104
/domus/h1/siqili/gen-ana/result/correct-assembly/pilon.fasta : chr # 68  "tig00000101_pilon" chrStart: 24117248
/domus/h1/siqili/gen-ana/result/correct-assembly/pilon.fasta : chr # 69  "tig00000103_pilon" chrStart: 24379392
/domus/h1/siqili/gen-ana/result/correct-assembly/pilon.fasta : chr # 70  "tig00000104_pilon" chrStart: 24641536
/domus/h1/siqili/gen-ana/result/correct-assembly/pilon.fasta : chr # 71  "tig00000108_pilon" chrStart: 24903680
/domus/h1/siqili/gen-ana/result/correct-assembly/pilon.fasta : chr # 72  "tig00000110_pilon" chrStart: 25165824
/domus/h1/siqili/gen-ana/result/correct-assembly/pilon.fasta : chr # 73  "tig00000111_pilon" chrStart: 25427968
/domus/h1/siqili/gen-ana/result/correct-assembly/pilon.fasta : chr # 74  "tig00000112_pilon" chrStart: 25690112
/domus/h1/siqili/gen-ana/result/correct-assembly/pilon.fasta : chr # 75  "tig00000113_pilon" chrStart: 25952256
/domus/h1/siqili/gen-ana/result/correct-assembly/pilon.fasta : chr # 76  "tig00000114_pilon" chrStart: 26214400
/domus/h1/siqili/gen-ana/result/correct-assembly/pilon.fasta : chr # 77  "tig00000115_pilon" chrStart: 26476544
/domus/h1/siqili/gen-ana/result/correct-assembly/pilon.fasta : chr # 78  "tig00000119_pilon" chrStart: 26738688
/domus/h1/siqili/gen-ana/result/correct-assembly/pilon.fasta : chr # 79  "tig00000122_pilon" chrStart: 27000832
/domus/h1/siqili/gen-ana/result/correct-assembly/pilon.fasta : chr # 80  "tig00000123_pilon" chrStart: 27787264
/domus/h1/siqili/gen-ana/result/correct-assembly/pilon.fasta : chr # 81  "tig00000127_pilon" chrStart: 28573696
/domus/h1/siqili/gen-ana/result/correct-assembly/pilon.fasta : chr # 82  "tig00000128_pilon" chrStart: 28835840
/domus/h1/siqili/gen-ana/result/correct-assembly/pilon.fasta : chr # 83  "tig00000129_pilon" chrStart: 29097984
/domus/h1/siqili/gen-ana/result/correct-assembly/pilon.fasta : chr # 84  "tig00000130_pilon" chrStart: 29360128
/domus/h1/siqili/gen-ana/result/correct-assembly/pilon.fasta : chr # 85  "tig00000132_pilon" chrStart: 29622272
/domus/h1/siqili/gen-ana/result/correct-assembly/pilon.fasta : chr # 86  "tig00000136_pilon" chrStart: 29884416
/domus/h1/siqili/gen-ana/result/correct-assembly/pilon.fasta : chr # 87  "tig00000138_pilon" chrStart: 30146560
/domus/h1/siqili/gen-ana/result/correct-assembly/pilon.fasta : chr # 88  "tig00000140_pilon" chrStart: 30408704
/domus/h1/siqili/gen-ana/result/correct-assembly/pilon.fasta : chr # 89  "tig00000141_pilon" chrStart: 30670848
/domus/h1/siqili/gen-ana/result/correct-assembly/pilon.fasta : chr # 90  "tig00000142_pilon" chrStart: 30932992
/domus/h1/siqili/gen-ana/result/correct-assembly/pilon.fasta : chr # 91  "tig00000143_pilon" chrStart: 31195136
/domus/h1/siqili/gen-ana/result/correct-assembly/pilon.fasta : chr # 92  "tig00000145_pilon" chrStart: 31457280
/domus/h1/siqili/gen-ana/result/correct-assembly/pilon.fasta : chr # 93  "tig00000147_pilon" chrStart: 31719424
/domus/h1/siqili/gen-ana/result/correct-assembly/pilon.fasta : chr # 94  "tig00000148_pilon" chrStart: 31981568
/domus/h1/siqili/gen-ana/result/correct-assembly/pilon.fasta : chr # 95  "tig00000149_pilon" chrStart: 32243712
/domus/h1/siqili/gen-ana/result/correct-assembly/pilon.fasta : chr # 96  "tig00000150_pilon" chrStart: 32505856
/domus/h1/siqili/gen-ana/result/correct-assembly/pilon.fasta : chr # 97  "tig00000151_pilon" chrStart: 32768000
/domus/h1/siqili/gen-ana/result/correct-assembly/pilon.fasta : chr # 98  "tig00000152_pilon" chrStart: 33292288
/domus/h1/siqili/gen-ana/result/correct-assembly/pilon.fasta : chr # 99  "tig00000153_pilon" chrStart: 33554432
/domus/h1/siqili/gen-ana/result/correct-assembly/pilon.fasta : chr # 100  "tig00000154_pilon" chrStart: 33816576
/domus/h1/siqili/gen-ana/result/correct-assembly/pilon.fasta : chr # 101  "tig00000157_pilon" chrStart: 34078720
/domus/h1/siqili/gen-ana/result/correct-assembly/pilon.fasta : chr # 102  "tig00000159_pilon" chrStart: 34340864
/domus/h1/siqili/gen-ana/result/correct-assembly/pilon.fasta : chr # 103  "tig00000160_pilon" chrStart: 34603008
/domus/h1/siqili/gen-ana/result/correct-assembly/pilon.fasta : chr # 104  "tig00000161_pilon" chrStart: 34865152
/domus/h1/siqili/gen-ana/result/correct-assembly/pilon.fasta : chr # 105  "tig00000164_pilon" chrStart: 35127296
/domus/h1/siqili/gen-ana/result/correct-assembly/pilon.fasta : chr # 106  "tig00000165_pilon" chrStart: 35389440
/domus/h1/siqili/gen-ana/result/correct-assembly/pilon.fasta : chr # 107  "tig00000166_pilon" chrStart: 35651584
/domus/h1/siqili/gen-ana/result/correct-assembly/pilon.fasta : chr # 108  "tig00000168_pilon" chrStart: 35913728
/domus/h1/siqili/gen-ana/result/correct-assembly/pilon.fasta : chr # 109  "tig00000170_pilon" chrStart: 36175872
/domus/h1/siqili/gen-ana/result/correct-assembly/pilon.fasta : chr # 110  "tig00000172_pilon" chrStart: 36438016
/domus/h1/siqili/gen-ana/result/correct-assembly/pilon.fasta : chr # 111  "tig00000173_pilon" chrStart: 36700160
/domus/h1/siqili/gen-ana/result/correct-assembly/pilon.fasta : chr # 112  "tig00000175_pilon" chrStart: 36962304
/domus/h1/siqili/gen-ana/result/correct-assembly/pilon.fasta : chr # 113  "tig00000176_pilon" chrStart: 37224448
/domus/h1/siqili/gen-ana/result/correct-assembly/pilon.fasta : chr # 114  "tig00000177_pilon" chrStart: 37486592
/domus/h1/siqili/gen-ana/result/correct-assembly/pilon.fasta : chr # 115  "tig00000179_pilon" chrStart: 37748736
/domus/h1/siqili/gen-ana/result/correct-assembly/pilon.fasta : chr # 116  "tig00000180_pilon" chrStart: 38010880
/domus/h1/siqili/gen-ana/result/correct-assembly/pilon.fasta : chr # 117  "tig00000183_pilon" chrStart: 38273024
/domus/h1/siqili/gen-ana/result/correct-assembly/pilon.fasta : chr # 118  "tig00000184_pilon" chrStart: 38535168
/domus/h1/siqili/gen-ana/result/correct-assembly/pilon.fasta : chr # 119  "tig00000185_pilon" chrStart: 38797312
/domus/h1/siqili/gen-ana/result/correct-assembly/pilon.fasta : chr # 120  "tig00000186_pilon" chrStart: 39059456
/domus/h1/siqili/gen-ana/result/correct-assembly/pilon.fasta : chr # 121  "tig00000187_pilon" chrStart: 39321600
/domus/h1/siqili/gen-ana/result/correct-assembly/pilon.fasta : chr # 122  "tig00000188_pilon" chrStart: 39583744
/domus/h1/siqili/gen-ana/result/correct-assembly/pilon.fasta : chr # 123  "tig00000189_pilon" chrStart: 40108032
/domus/h1/siqili/gen-ana/result/correct-assembly/pilon.fasta : chr # 124  "tig00000191_pilon" chrStart: 40370176
/domus/h1/siqili/gen-ana/result/correct-assembly/pilon.fasta : chr # 125  "tig00000192_pilon" chrStart: 40632320
/domus/h1/siqili/gen-ana/result/correct-assembly/pilon.fasta : chr # 126  "tig00000193_pilon" chrStart: 40894464
/domus/h1/siqili/gen-ana/result/correct-assembly/pilon.fasta : chr # 127  "tig00000194_pilon" chrStart: 41156608
/domus/h1/siqili/gen-ana/result/correct-assembly/pilon.fasta : chr # 128  "tig00000195_pilon" chrStart: 41418752
/domus/h1/siqili/gen-ana/result/correct-assembly/pilon.fasta : chr # 129  "tig00000196_pilon" chrStart: 41680896
/domus/h1/siqili/gen-ana/result/correct-assembly/pilon.fasta : chr # 130  "tig00000198_pilon" chrStart: 42205184
/domus/h1/siqili/gen-ana/result/correct-assembly/pilon.fasta : chr # 131  "tig00000199_pilon" chrStart: 42467328
/domus/h1/siqili/gen-ana/result/correct-assembly/pilon.fasta : chr # 132  "tig00000200_pilon" chrStart: 42729472
/domus/h1/siqili/gen-ana/result/correct-assembly/pilon.fasta : chr # 133  "tig00000202_pilon" chrStart: 42991616
/domus/h1/siqili/gen-ana/result/correct-assembly/pilon.fasta : chr # 134  "tig00000205_pilon" chrStart: 43253760
/domus/h1/siqili/gen-ana/result/correct-assembly/pilon.fasta : chr # 135  "tig00000206_pilon" chrStart: 43515904
/domus/h1/siqili/gen-ana/result/correct-assembly/pilon.fasta : chr # 136  "tig00000207_pilon" chrStart: 43778048
/domus/h1/siqili/gen-ana/result/correct-assembly/pilon.fasta : chr # 137  "tig00000208_pilon" chrStart: 44040192
/domus/h1/siqili/gen-ana/result/correct-assembly/pilon.fasta : chr # 138  "tig00000214_pilon" chrStart: 44302336
/domus/h1/siqili/gen-ana/result/correct-assembly/pilon.fasta : chr # 139  "tig00000215_pilon" chrStart: 44564480
/domus/h1/siqili/gen-ana/result/correct-assembly/pilon.fasta : chr # 140  "tig00000216_pilon" chrStart: 44826624
/domus/h1/siqili/gen-ana/result/correct-assembly/pilon.fasta : chr # 141  "tig00000219_pilon" chrStart: 45088768
/domus/h1/siqili/gen-ana/result/correct-assembly/pilon.fasta : chr # 142  "tig00000222_pilon" chrStart: 45350912
/domus/h1/siqili/gen-ana/result/correct-assembly/pilon.fasta : chr # 143  "tig00000223_pilon" chrStart: 45613056
/domus/h1/siqili/gen-ana/result/correct-assembly/pilon.fasta : chr # 144  "tig00000225_pilon" chrStart: 45875200
/domus/h1/siqili/gen-ana/result/correct-assembly/pilon.fasta : chr # 145  "tig00000227_pilon" chrStart: 46137344
/domus/h1/siqili/gen-ana/result/correct-assembly/pilon.fasta : chr # 146  "tig00000228_pilon" chrStart: 46399488
/domus/h1/siqili/gen-ana/result/correct-assembly/pilon.fasta : chr # 147  "tig00000231_pilon" chrStart: 46661632
/domus/h1/siqili/gen-ana/result/correct-assembly/pilon.fasta : chr # 148  "tig00000234_pilon" chrStart: 46923776
/domus/h1/siqili/gen-ana/result/correct-assembly/pilon.fasta : chr # 149  "tig00000235_pilon" chrStart: 47185920
/domus/h1/siqili/gen-ana/result/correct-assembly/pilon.fasta : chr # 150  "tig00000236_pilon" chrStart: 47448064
/domus/h1/siqili/gen-ana/result/correct-assembly/pilon.fasta : chr # 151  "tig00000237_pilon" chrStart: 47710208
/domus/h1/siqili/gen-ana/result/correct-assembly/pilon.fasta : chr # 152  "tig00000238_pilon" chrStart: 47972352
/domus/h1/siqili/gen-ana/result/correct-assembly/pilon.fasta : chr # 153  "tig00000241_pilon" chrStart: 48234496
/domus/h1/siqili/gen-ana/result/correct-assembly/pilon.fasta : chr # 154  "tig00000242_pilon" chrStart: 48496640
/domus/h1/siqili/gen-ana/result/correct-assembly/pilon.fasta : chr # 155  "tig00000243_pilon" chrStart: 48758784
/domus/h1/siqili/gen-ana/result/correct-assembly/pilon.fasta : chr # 156  "tig00000244_pilon" chrStart: 49020928
/domus/h1/siqili/gen-ana/result/correct-assembly/pilon.fasta : chr # 157  "tig00000246_pilon" chrStart: 49283072
/domus/h1/siqili/gen-ana/result/correct-assembly/pilon.fasta : chr # 158  "tig00000248_pilon" chrStart: 49545216
/domus/h1/siqili/gen-ana/result/correct-assembly/pilon.fasta : chr # 159  "tig00000249_pilon" chrStart: 49807360
/domus/h1/siqili/gen-ana/result/correct-assembly/pilon.fasta : chr # 160  "tig00000250_pilon" chrStart: 50069504
/domus/h1/siqili/gen-ana/result/correct-assembly/pilon.fasta : chr # 161  "tig00000251_pilon" chrStart: 50331648
/domus/h1/siqili/gen-ana/result/correct-assembly/pilon.fasta : chr # 162  "tig00000253_pilon" chrStart: 50593792
/domus/h1/siqili/gen-ana/result/correct-assembly/pilon.fasta : chr # 163  "tig00000255_pilon" chrStart: 50855936
/domus/h1/siqili/gen-ana/result/correct-assembly/pilon.fasta : chr # 164  "tig00000256_pilon" chrStart: 51118080
/domus/h1/siqili/gen-ana/result/correct-assembly/pilon.fasta : chr # 165  "tig00000258_pilon" chrStart: 51380224
/domus/h1/siqili/gen-ana/result/correct-assembly/pilon.fasta : chr # 166  "tig00000259_pilon" chrStart: 51642368
/domus/h1/siqili/gen-ana/result/correct-assembly/pilon.fasta : chr # 167  "tig00000260_pilon" chrStart: 51904512
/domus/h1/siqili/gen-ana/result/correct-assembly/pilon.fasta : chr # 168  "tig00000261_pilon" chrStart: 52166656
/domus/h1/siqili/gen-ana/result/correct-assembly/pilon.fasta : chr # 169  "tig00000264_pilon" chrStart: 52428800
/domus/h1/siqili/gen-ana/result/correct-assembly/pilon.fasta : chr # 170  "tig00000265_pilon" chrStart: 52690944
/domus/h1/siqili/gen-ana/result/correct-assembly/pilon.fasta : chr # 171  "tig00000266_pilon" chrStart: 52953088
/domus/h1/siqili/gen-ana/result/correct-assembly/pilon.fasta : chr # 172  "tig00000267_pilon" chrStart: 53215232
/domus/h1/siqili/gen-ana/result/correct-assembly/pilon.fasta : chr # 173  "tig00000268_pilon" chrStart: 53477376
/domus/h1/siqili/gen-ana/result/correct-assembly/pilon.fasta : chr # 174  "tig00000269_pilon" chrStart: 53739520
/domus/h1/siqili/gen-ana/result/correct-assembly/pilon.fasta : chr # 175  "tig00000270_pilon" chrStart: 54001664
/domus/h1/siqili/gen-ana/result/correct-assembly/pilon.fasta : chr # 176  "tig00000272_pilon" chrStart: 54263808
/domus/h1/siqili/gen-ana/result/correct-assembly/pilon.fasta : chr # 177  "tig00000274_pilon" chrStart: 54525952
/domus/h1/siqili/gen-ana/result/correct-assembly/pilon.fasta : chr # 178  "tig00000275_pilon" chrStart: 54788096
/domus/h1/siqili/gen-ana/result/correct-assembly/pilon.fasta : chr # 179  "tig00000276_pilon" chrStart: 55050240
/domus/h1/siqili/gen-ana/result/correct-assembly/pilon.fasta : chr # 180  "tig00000277_pilon" chrStart: 55312384
/domus/h1/siqili/gen-ana/result/correct-assembly/pilon.fasta : chr # 181  "tig00000279_pilon" chrStart: 55574528
/domus/h1/siqili/gen-ana/result/correct-assembly/pilon.fasta : chr # 182  "tig00000280_pilon" chrStart: 55836672
/domus/h1/siqili/gen-ana/result/correct-assembly/pilon.fasta : chr # 183  "tig00000282_pilon" chrStart: 56098816
/domus/h1/siqili/gen-ana/result/correct-assembly/pilon.fasta : chr # 184  "tig00000283_pilon" chrStart: 56360960
/domus/h1/siqili/gen-ana/result/correct-assembly/pilon.fasta : chr # 185  "tig00000286_pilon" chrStart: 56623104
/domus/h1/siqili/gen-ana/result/correct-assembly/pilon.fasta : chr # 186  "tig00000287_pilon" chrStart: 56885248
/domus/h1/siqili/gen-ana/result/correct-assembly/pilon.fasta : chr # 187  "tig00000288_pilon" chrStart: 57147392
/domus/h1/siqili/gen-ana/result/correct-assembly/pilon.fasta : chr # 188  "tig00000290_pilon" chrStart: 57409536
/domus/h1/siqili/gen-ana/result/correct-assembly/pilon.fasta : chr # 189  "tig00000291_pilon" chrStart: 57671680
/domus/h1/siqili/gen-ana/result/correct-assembly/pilon.fasta : chr # 190  "tig00000292_pilon" chrStart: 57933824
/domus/h1/siqili/gen-ana/result/correct-assembly/pilon.fasta : chr # 191  "tig00000293_pilon" chrStart: 58195968
/domus/h1/siqili/gen-ana/result/correct-assembly/pilon.fasta : chr # 192  "tig00000294_pilon" chrStart: 58458112
/domus/h1/siqili/gen-ana/result/correct-assembly/pilon.fasta : chr # 193  "tig00000295_pilon" chrStart: 58720256
/domus/h1/siqili/gen-ana/result/correct-assembly/pilon.fasta : chr # 194  "tig00000296_pilon" chrStart: 58982400
/domus/h1/siqili/gen-ana/result/correct-assembly/pilon.fasta : chr # 195  "tig00000297_pilon" chrStart: 59244544
/domus/h1/siqili/gen-ana/result/correct-assembly/pilon.fasta : chr # 196  "tig00000298_pilon" chrStart: 59506688
/domus/h1/siqili/gen-ana/result/correct-assembly/pilon.fasta : chr # 197  "tig00000299_pilon" chrStart: 59768832
/domus/h1/siqili/gen-ana/result/correct-assembly/pilon.fasta : chr # 198  "tig00000300_pilon" chrStart: 60030976
/domus/h1/siqili/gen-ana/result/correct-assembly/pilon.fasta : chr # 199  "tig00000301_pilon" chrStart: 60293120
/domus/h1/siqili/gen-ana/result/correct-assembly/pilon.fasta : chr # 200  "tig00000302_pilon" chrStart: 60555264
/domus/h1/siqili/gen-ana/result/correct-assembly/pilon.fasta : chr # 201  "tig00000303_pilon" chrStart: 60817408
/domus/h1/siqili/gen-ana/result/correct-assembly/pilon.fasta : chr # 202  "tig00000304_pilon" chrStart: 61079552
/domus/h1/siqili/gen-ana/result/correct-assembly/pilon.fasta : chr # 203  "tig00000305_pilon" chrStart: 61341696
/domus/h1/siqili/gen-ana/result/correct-assembly/pilon.fasta : chr # 204  "tig00000306_pilon" chrStart: 61603840
/domus/h1/siqili/gen-ana/result/correct-assembly/pilon.fasta : chr # 205  "tig00000308_pilon" chrStart: 61865984
/domus/h1/siqili/gen-ana/result/correct-assembly/pilon.fasta : chr # 206  "tig00000309_pilon" chrStart: 62128128
/domus/h1/siqili/gen-ana/result/correct-assembly/pilon.fasta : chr # 207  "tig00000310_pilon" chrStart: 62390272
/domus/h1/siqili/gen-ana/result/correct-assembly/pilon.fasta : chr # 208  "tig00000312_pilon" chrStart: 62652416
/domus/h1/siqili/gen-ana/result/correct-assembly/pilon.fasta : chr # 209  "tig00000314_pilon" chrStart: 62914560
/domus/h1/siqili/gen-ana/result/correct-assembly/pilon.fasta : chr # 210  "tig00000315_pilon" chrStart: 63176704
/domus/h1/siqili/gen-ana/result/correct-assembly/pilon.fasta : chr # 211  "tig00000316_pilon" chrStart: 63438848
/domus/h1/siqili/gen-ana/result/correct-assembly/pilon.fasta : chr # 212  "tig00000317_pilon" chrStart: 63700992
/domus/h1/siqili/gen-ana/result/correct-assembly/pilon.fasta : chr # 213  "tig00000318_pilon" chrStart: 63963136
/domus/h1/siqili/gen-ana/result/correct-assembly/pilon.fasta : chr # 214  "tig00000320_pilon" chrStart: 64225280
/domus/h1/siqili/gen-ana/result/correct-assembly/pilon.fasta : chr # 215  "tig00000321_pilon" chrStart: 64487424
/domus/h1/siqili/gen-ana/result/correct-assembly/pilon.fasta : chr # 216  "tig00000322_pilon" chrStart: 64749568
/domus/h1/siqili/gen-ana/result/correct-assembly/pilon.fasta : chr # 217  "tig00000323_pilon" chrStart: 65011712
/domus/h1/siqili/gen-ana/result/correct-assembly/pilon.fasta : chr # 218  "tig00000324_pilon" chrStart: 65273856
/domus/h1/siqili/gen-ana/result/correct-assembly/pilon.fasta : chr # 219  "tig00000325_pilon" chrStart: 65536000
/domus/h1/siqili/gen-ana/result/correct-assembly/pilon.fasta : chr # 220  "tig00000326_pilon" chrStart: 65798144
/domus/h1/siqili/gen-ana/result/correct-assembly/pilon.fasta : chr # 221  "tig00000327_pilon" chrStart: 66060288
/domus/h1/siqili/gen-ana/result/correct-assembly/pilon.fasta : chr # 222  "tig00000328_pilon" chrStart: 66322432
/domus/h1/siqili/gen-ana/result/correct-assembly/pilon.fasta : chr # 223  "tig00000329_pilon" chrStart: 66584576
/domus/h1/siqili/gen-ana/result/correct-assembly/pilon.fasta : chr # 224  "tig00000330_pilon" chrStart: 66846720
/domus/h1/siqili/gen-ana/result/correct-assembly/pilon.fasta : chr # 225  "tig00000332_pilon" chrStart: 67108864
/domus/h1/siqili/gen-ana/result/correct-assembly/pilon.fasta : chr # 226  "tig00000333_pilon" chrStart: 67371008
/domus/h1/siqili/gen-ana/result/correct-assembly/pilon.fasta : chr # 227  "tig00000334_pilon" chrStart: 67633152
/domus/h1/siqili/gen-ana/result/correct-assembly/pilon.fasta : chr # 228  "tig00000335_pilon" chrStart: 67895296
/domus/h1/siqili/gen-ana/result/correct-assembly/pilon.fasta : chr # 229  "tig00000336_pilon" chrStart: 68157440
/domus/h1/siqili/gen-ana/result/correct-assembly/pilon.fasta : chr # 230  "tig00000337_pilon" chrStart: 68419584
/domus/h1/siqili/gen-ana/result/correct-assembly/pilon.fasta : chr # 231  "tig00000338_pilon" chrStart: 68681728
/domus/h1/siqili/gen-ana/result/correct-assembly/pilon.fasta : chr # 232  "tig00000340_pilon" chrStart: 68943872
/domus/h1/siqili/gen-ana/result/correct-assembly/pilon.fasta : chr # 233  "tig00000341_pilon" chrStart: 69206016
/domus/h1/siqili/gen-ana/result/correct-assembly/pilon.fasta : chr # 234  "tig00000342_pilon" chrStart: 69468160
/domus/h1/siqili/gen-ana/result/correct-assembly/pilon.fasta : chr # 235  "tig00000343_pilon" chrStart: 69730304
/domus/h1/siqili/gen-ana/result/correct-assembly/pilon.fasta : chr # 236  "tig00000344_pilon" chrStart: 69992448
/domus/h1/siqili/gen-ana/result/correct-assembly/pilon.fasta : chr # 237  "tig00000347_pilon" chrStart: 70254592
/domus/h1/siqili/gen-ana/result/correct-assembly/pilon.fasta : chr # 238  "tig00000348_pilon" chrStart: 70516736
/domus/h1/siqili/gen-ana/result/correct-assembly/pilon.fasta : chr # 239  "tig00000349_pilon" chrStart: 70778880
/domus/h1/siqili/gen-ana/result/correct-assembly/pilon.fasta : chr # 240  "tig00000351_pilon" chrStart: 71041024
/domus/h1/siqili/gen-ana/result/correct-assembly/pilon.fasta : chr # 241  "tig00000353_pilon" chrStart: 71303168
/domus/h1/siqili/gen-ana/result/correct-assembly/pilon.fasta : chr # 242  "tig00000355_pilon" chrStart: 71565312
/domus/h1/siqili/gen-ana/result/correct-assembly/pilon.fasta : chr # 243  "tig00000356_pilon" chrStart: 71827456
/domus/h1/siqili/gen-ana/result/correct-assembly/pilon.fasta : chr # 244  "tig00000357_pilon" chrStart: 72089600
/domus/h1/siqili/gen-ana/result/correct-assembly/pilon.fasta : chr # 245  "tig00000358_pilon" chrStart: 72351744
/domus/h1/siqili/gen-ana/result/correct-assembly/pilon.fasta : chr # 246  "tig00000359_pilon" chrStart: 72613888
/domus/h1/siqili/gen-ana/result/correct-assembly/pilon.fasta : chr # 247  "tig00000360_pilon" chrStart: 72876032
/domus/h1/siqili/gen-ana/result/correct-assembly/pilon.fasta : chr # 248  "tig00000361_pilon" chrStart: 73138176
/domus/h1/siqili/gen-ana/result/correct-assembly/pilon.fasta : chr # 249  "tig00000362_pilon" chrStart: 73400320
/domus/h1/siqili/gen-ana/result/correct-assembly/pilon.fasta : chr # 250  "tig00000363_pilon" chrStart: 73662464
/domus/h1/siqili/gen-ana/result/correct-assembly/pilon.fasta : chr # 251  "tig00000364_pilon" chrStart: 73924608
/domus/h1/siqili/gen-ana/result/correct-assembly/pilon.fasta : chr # 252  "tig00000365_pilon" chrStart: 74186752
/domus/h1/siqili/gen-ana/result/correct-assembly/pilon.fasta : chr # 253  "tig00000366_pilon" chrStart: 74448896
/domus/h1/siqili/gen-ana/result/correct-assembly/pilon.fasta : chr # 254  "tig00000367_pilon" chrStart: 74711040
/domus/h1/siqili/gen-ana/result/correct-assembly/pilon.fasta : chr # 255  "tig00000368_pilon" chrStart: 74973184
/domus/h1/siqili/gen-ana/result/correct-assembly/pilon.fasta : chr # 256  "tig00000370_pilon" chrStart: 75235328
/domus/h1/siqili/gen-ana/result/correct-assembly/pilon.fasta : chr # 257  "tig00000372_pilon" chrStart: 75497472
/domus/h1/siqili/gen-ana/result/correct-assembly/pilon.fasta : chr # 258  "tig00000373_pilon" chrStart: 75759616
/domus/h1/siqili/gen-ana/result/correct-assembly/pilon.fasta : chr # 259  "tig00000374_pilon" chrStart: 76021760
/domus/h1/siqili/gen-ana/result/correct-assembly/pilon.fasta : chr # 260  "tig00000375_pilon" chrStart: 76283904
/domus/h1/siqili/gen-ana/result/correct-assembly/pilon.fasta : chr # 261  "tig00000376_pilon" chrStart: 76546048
/domus/h1/siqili/gen-ana/result/correct-assembly/pilon.fasta : chr # 262  "tig00000377_pilon" chrStart: 76808192
/domus/h1/siqili/gen-ana/result/correct-assembly/pilon.fasta : chr # 263  "tig00000378_pilon" chrStart: 77070336
/domus/h1/siqili/gen-ana/result/correct-assembly/pilon.fasta : chr # 264  "tig00000379_pilon" chrStart: 77332480
/domus/h1/siqili/gen-ana/result/correct-assembly/pilon.fasta : chr # 265  "tig00000380_pilon" chrStart: 77594624
/domus/h1/siqili/gen-ana/result/correct-assembly/pilon.fasta : chr # 266  "tig00000383_pilon" chrStart: 77856768
/domus/h1/siqili/gen-ana/result/correct-assembly/pilon.fasta : chr # 267  "tig00000384_pilon" chrStart: 78118912
/domus/h1/siqili/gen-ana/result/correct-assembly/pilon.fasta : chr # 268  "tig00000385_pilon" chrStart: 78381056
/domus/h1/siqili/gen-ana/result/correct-assembly/pilon.fasta : chr # 269  "tig00000386_pilon" chrStart: 78643200
/domus/h1/siqili/gen-ana/result/correct-assembly/pilon.fasta : chr # 270  "tig00000387_pilon" chrStart: 78905344
/domus/h1/siqili/gen-ana/result/correct-assembly/pilon.fasta : chr # 271  "tig00000388_pilon" chrStart: 79167488
/domus/h1/siqili/gen-ana/result/correct-assembly/pilon.fasta : chr # 272  "tig00000390_pilon" chrStart: 79429632
/domus/h1/siqili/gen-ana/result/correct-assembly/pilon.fasta : chr # 273  "tig00000391_pilon" chrStart: 79691776
/domus/h1/siqili/gen-ana/result/correct-assembly/pilon.fasta : chr # 274  "tig00000392_pilon" chrStart: 79953920
/domus/h1/siqili/gen-ana/result/correct-assembly/pilon.fasta : chr # 275  "tig00000393_pilon" chrStart: 80216064
/domus/h1/siqili/gen-ana/result/correct-assembly/pilon.fasta : chr # 276  "tig00000394_pilon" chrStart: 80478208
/domus/h1/siqili/gen-ana/result/correct-assembly/pilon.fasta : chr # 277  "tig00000395_pilon" chrStart: 80740352
/domus/h1/siqili/gen-ana/result/correct-assembly/pilon.fasta : chr # 278  "tig00000396_pilon" chrStart: 81002496
/domus/h1/siqili/gen-ana/result/correct-assembly/pilon.fasta : chr # 279  "tig00000398_pilon" chrStart: 81264640
/domus/h1/siqili/gen-ana/result/correct-assembly/pilon.fasta : chr # 280  "tig00000399_pilon" chrStart: 81526784
/domus/h1/siqili/gen-ana/result/correct-assembly/pilon.fasta : chr # 281  "tig00000400_pilon" chrStart: 81788928
/domus/h1/siqili/gen-ana/result/correct-assembly/pilon.fasta : chr # 282  "tig00000401_pilon" chrStart: 82051072
/domus/h1/siqili/gen-ana/result/correct-assembly/pilon.fasta : chr # 283  "tig00000405_pilon" chrStart: 82313216
/domus/h1/siqili/gen-ana/result/correct-assembly/pilon.fasta : chr # 284  "tig00000406_pilon" chrStart: 82575360
/domus/h1/siqili/gen-ana/result/correct-assembly/pilon.fasta : chr # 285  "tig00000408_pilon" chrStart: 82837504
/domus/h1/siqili/gen-ana/result/correct-assembly/pilon.fasta : chr # 286  "tig00000409_pilon" chrStart: 83099648
/domus/h1/siqili/gen-ana/result/correct-assembly/pilon.fasta : chr # 287  "tig00000411_pilon" chrStart: 83361792
/domus/h1/siqili/gen-ana/result/correct-assembly/pilon.fasta : chr # 288  "tig00000412_pilon" chrStart: 83623936
/domus/h1/siqili/gen-ana/result/correct-assembly/pilon.fasta : chr # 289  "tig00000413_pilon" chrStart: 83886080
/domus/h1/siqili/gen-ana/result/correct-assembly/pilon.fasta : chr # 290  "tig00000414_pilon" chrStart: 84148224
/domus/h1/siqili/gen-ana/result/correct-assembly/pilon.fasta : chr # 291  "tig00000415_pilon" chrStart: 84410368
/domus/h1/siqili/gen-ana/result/correct-assembly/pilon.fasta : chr # 292  "tig00000418_pilon" chrStart: 84672512
/domus/h1/siqili/gen-ana/result/correct-assembly/pilon.fasta : chr # 293  "tig00000420_pilon" chrStart: 84934656
/domus/h1/siqili/gen-ana/result/correct-assembly/pilon.fasta : chr # 294  "tig00000422_pilon" chrStart: 85196800
/domus/h1/siqili/gen-ana/result/correct-assembly/pilon.fasta : chr # 295  "tig00000424_pilon" chrStart: 85458944
/domus/h1/siqili/gen-ana/result/correct-assembly/pilon.fasta : chr # 296  "tig00000425_pilon" chrStart: 85721088
/domus/h1/siqili/gen-ana/result/correct-assembly/pilon.fasta : chr # 297  "tig00000426_pilon" chrStart: 85983232
/domus/h1/siqili/gen-ana/result/correct-assembly/pilon.fasta : chr # 298  "tig00000427_pilon" chrStart: 86245376
/domus/h1/siqili/gen-ana/result/correct-assembly/pilon.fasta : chr # 299  "tig00000428_pilon" chrStart: 86507520
/domus/h1/siqili/gen-ana/result/correct-assembly/pilon.fasta : chr # 300  "tig00000429_pilon" chrStart: 86769664
/domus/h1/siqili/gen-ana/result/correct-assembly/pilon.fasta : chr # 301  "tig00000430_pilon" chrStart: 87031808
/domus/h1/siqili/gen-ana/result/correct-assembly/pilon.fasta : chr # 302  "tig00000431_pilon" chrStart: 87293952
/domus/h1/siqili/gen-ana/result/correct-assembly/pilon.fasta : chr # 303  "tig00000432_pilon" chrStart: 87556096
/domus/h1/siqili/gen-ana/result/correct-assembly/pilon.fasta : chr # 304  "tig00000433_pilon" chrStart: 87818240
/domus/h1/siqili/gen-ana/result/correct-assembly/pilon.fasta : chr # 305  "tig00000434_pilon" chrStart: 88080384
/domus/h1/siqili/gen-ana/result/correct-assembly/pilon.fasta : chr # 306  "tig00000435_pilon" chrStart: 88342528
/domus/h1/siqili/gen-ana/result/correct-assembly/pilon.fasta : chr # 307  "tig00000437_pilon" chrStart: 88604672
/domus/h1/siqili/gen-ana/result/correct-assembly/pilon.fasta : chr # 308  "tig00000438_pilon" chrStart: 88866816
/domus/h1/siqili/gen-ana/result/correct-assembly/pilon.fasta : chr # 309  "tig00000440_pilon" chrStart: 89128960
/domus/h1/siqili/gen-ana/result/correct-assembly/pilon.fasta : chr # 310  "tig00000441_pilon" chrStart: 89391104
/domus/h1/siqili/gen-ana/result/correct-assembly/pilon.fasta : chr # 311  "tig00000442_pilon" chrStart: 89653248
/domus/h1/siqili/gen-ana/result/correct-assembly/pilon.fasta : chr # 312  "tig00000443_pilon" chrStart: 89915392
/domus/h1/siqili/gen-ana/result/correct-assembly/pilon.fasta : chr # 313  "tig00000445_pilon" chrStart: 90177536
/domus/h1/siqili/gen-ana/result/correct-assembly/pilon.fasta : chr # 314  "tig00000447_pilon" chrStart: 90439680
/domus/h1/siqili/gen-ana/result/correct-assembly/pilon.fasta : chr # 315  "tig00000448_pilon" chrStart: 90701824
/domus/h1/siqili/gen-ana/result/correct-assembly/pilon.fasta : chr # 316  "tig00000450_pilon" chrStart: 90963968
/domus/h1/siqili/gen-ana/result/correct-assembly/pilon.fasta : chr # 317  "tig00000452_pilon" chrStart: 91226112
/domus/h1/siqili/gen-ana/result/correct-assembly/pilon.fasta : chr # 318  "tig00000454_pilon" chrStart: 91488256
/domus/h1/siqili/gen-ana/result/correct-assembly/pilon.fasta : chr # 319  "tig00000455_pilon" chrStart: 91750400
/domus/h1/siqili/gen-ana/result/correct-assembly/pilon.fasta : chr # 320  "tig00000456_pilon" chrStart: 92012544
/domus/h1/siqili/gen-ana/result/correct-assembly/pilon.fasta : chr # 321  "tig00000457_pilon" chrStart: 92274688
/domus/h1/siqili/gen-ana/result/correct-assembly/pilon.fasta : chr # 322  "tig00000459_pilon" chrStart: 92536832
/domus/h1/siqili/gen-ana/result/correct-assembly/pilon.fasta : chr # 323  "tig00000460_pilon" chrStart: 92798976
/domus/h1/siqili/gen-ana/result/correct-assembly/pilon.fasta : chr # 324  "tig00000461_pilon" chrStart: 93061120
/domus/h1/siqili/gen-ana/result/correct-assembly/pilon.fasta : chr # 325  "tig00000462_pilon" chrStart: 93323264
/domus/h1/siqili/gen-ana/result/correct-assembly/pilon.fasta : chr # 326  "tig00000465_pilon" chrStart: 93585408
/domus/h1/siqili/gen-ana/result/correct-assembly/pilon.fasta : chr # 327  "tig00000467_pilon" chrStart: 93847552
/domus/h1/siqili/gen-ana/result/correct-assembly/pilon.fasta : chr # 328  "tig00000469_pilon" chrStart: 94109696
/domus/h1/siqili/gen-ana/result/correct-assembly/pilon.fasta : chr # 329  "tig00000470_pilon" chrStart: 94371840
/domus/h1/siqili/gen-ana/result/correct-assembly/pilon.fasta : chr # 330  "tig00000471_pilon" chrStart: 94633984
/domus/h1/siqili/gen-ana/result/correct-assembly/pilon.fasta : chr # 331  "tig00000473_pilon" chrStart: 94896128
/domus/h1/siqili/gen-ana/result/correct-assembly/pilon.fasta : chr # 332  "tig00000474_pilon" chrStart: 95158272
/domus/h1/siqili/gen-ana/result/correct-assembly/pilon.fasta : chr # 333  "tig00000476_pilon" chrStart: 95420416
/domus/h1/siqili/gen-ana/result/correct-assembly/pilon.fasta : chr # 334  "tig00000478_pilon" chrStart: 95682560
/domus/h1/siqili/gen-ana/result/correct-assembly/pilon.fasta : chr # 335  "tig00000479_pilon" chrStart: 95944704
/domus/h1/siqili/gen-ana/result/correct-assembly/pilon.fasta : chr # 336  "tig00000480_pilon" chrStart: 96206848
/domus/h1/siqili/gen-ana/result/correct-assembly/pilon.fasta : chr # 337  "tig00000481_pilon" chrStart: 96468992
/domus/h1/siqili/gen-ana/result/correct-assembly/pilon.fasta : chr # 338  "tig00000483_pilon" chrStart: 96731136
/domus/h1/siqili/gen-ana/result/correct-assembly/pilon.fasta : chr # 339  "tig00000484_pilon" chrStart: 96993280
/domus/h1/siqili/gen-ana/result/correct-assembly/pilon.fasta : chr # 340  "tig00000486_pilon" chrStart: 97255424
/domus/h1/siqili/gen-ana/result/correct-assembly/pilon.fasta : chr # 341  "tig00000488_pilon" chrStart: 97517568
/domus/h1/siqili/gen-ana/result/correct-assembly/pilon.fasta : chr # 342  "tig00000489_pilon" chrStart: 97779712
/domus/h1/siqili/gen-ana/result/correct-assembly/pilon.fasta : chr # 343  "tig00000490_pilon" chrStart: 98041856
/domus/h1/siqili/gen-ana/result/correct-assembly/pilon.fasta : chr # 344  "tig00000491_pilon" chrStart: 98304000
/domus/h1/siqili/gen-ana/result/correct-assembly/pilon.fasta : chr # 345  "tig00000493_pilon" chrStart: 98566144
/domus/h1/siqili/gen-ana/result/correct-assembly/pilon.fasta : chr # 346  "tig00000495_pilon" chrStart: 98828288
/domus/h1/siqili/gen-ana/result/correct-assembly/pilon.fasta : chr # 347  "tig00000496_pilon" chrStart: 99090432
/domus/h1/siqili/gen-ana/result/correct-assembly/pilon.fasta : chr # 348  "tig00000497_pilon" chrStart: 99352576
/domus/h1/siqili/gen-ana/result/correct-assembly/pilon.fasta : chr # 349  "tig00000498_pilon" chrStart: 99614720
/domus/h1/siqili/gen-ana/result/correct-assembly/pilon.fasta : chr # 350  "tig00000499_pilon" chrStart: 99876864
/domus/h1/siqili/gen-ana/result/correct-assembly/pilon.fasta : chr # 351  "tig00000500_pilon" chrStart: 100139008
/domus/h1/siqili/gen-ana/result/correct-assembly/pilon.fasta : chr # 352  "tig00000501_pilon" chrStart: 100401152
/domus/h1/siqili/gen-ana/result/correct-assembly/pilon.fasta : chr # 353  "tig00000502_pilon" chrStart: 100663296
/domus/h1/siqili/gen-ana/result/correct-assembly/pilon.fasta : chr # 354  "tig00000503_pilon" chrStart: 100925440
/domus/h1/siqili/gen-ana/result/correct-assembly/pilon.fasta : chr # 355  "tig00000504_pilon" chrStart: 101187584
/domus/h1/siqili/gen-ana/result/correct-assembly/pilon.fasta : chr # 356  "tig00000505_pilon" chrStart: 101449728
/domus/h1/siqili/gen-ana/result/correct-assembly/pilon.fasta : chr # 357  "tig00000506_pilon" chrStart: 101711872
/domus/h1/siqili/gen-ana/result/correct-assembly/pilon.fasta : chr # 358  "tig00000510_pilon" chrStart: 101974016
/domus/h1/siqili/gen-ana/result/correct-assembly/pilon.fasta : chr # 359  "tig00000511_pilon" chrStart: 102236160
/domus/h1/siqili/gen-ana/result/correct-assembly/pilon.fasta : chr # 360  "tig00000512_pilon" chrStart: 102498304
/domus/h1/siqili/gen-ana/result/correct-assembly/pilon.fasta : chr # 361  "tig00000513_pilon" chrStart: 102760448
/domus/h1/siqili/gen-ana/result/correct-assembly/pilon.fasta : chr # 362  "tig00000515_pilon" chrStart: 103022592
/domus/h1/siqili/gen-ana/result/correct-assembly/pilon.fasta : chr # 363  "tig00000517_pilon" chrStart: 103284736
/domus/h1/siqili/gen-ana/result/correct-assembly/pilon.fasta : chr # 364  "tig00000519_pilon" chrStart: 103546880
/domus/h1/siqili/gen-ana/result/correct-assembly/pilon.fasta : chr # 365  "tig00000520_pilon" chrStart: 103809024
/domus/h1/siqili/gen-ana/result/correct-assembly/pilon.fasta : chr # 366  "tig00000521_pilon" chrStart: 104071168
/domus/h1/siqili/gen-ana/result/correct-assembly/pilon.fasta : chr # 367  "tig00000522_pilon" chrStart: 104333312
/domus/h1/siqili/gen-ana/result/correct-assembly/pilon.fasta : chr # 368  "tig00000524_pilon" chrStart: 104595456
/domus/h1/siqili/gen-ana/result/correct-assembly/pilon.fasta : chr # 369  "tig00000526_pilon" chrStart: 104857600
/domus/h1/siqili/gen-ana/result/correct-assembly/pilon.fasta : chr # 370  "tig00000528_pilon" chrStart: 105119744
/domus/h1/siqili/gen-ana/result/correct-assembly/pilon.fasta : chr # 371  "tig00000532_pilon" chrStart: 105381888
/domus/h1/siqili/gen-ana/result/correct-assembly/pilon.fasta : chr # 372  "tig00000533_pilon" chrStart: 105644032
/domus/h1/siqili/gen-ana/result/correct-assembly/pilon.fasta : chr # 373  "tig00000534_pilon" chrStart: 105906176
/domus/h1/siqili/gen-ana/result/correct-assembly/pilon.fasta : chr # 374  "tig00000535_pilon" chrStart: 106168320
/domus/h1/siqili/gen-ana/result/correct-assembly/pilon.fasta : chr # 375  "tig00000537_pilon" chrStart: 106430464
/domus/h1/siqili/gen-ana/result/correct-assembly/pilon.fasta : chr # 376  "tig00000540_pilon" chrStart: 106692608
/domus/h1/siqili/gen-ana/result/correct-assembly/pilon.fasta : chr # 377  "tig00000545_pilon" chrStart: 106954752
/domus/h1/siqili/gen-ana/result/correct-assembly/pilon.fasta : chr # 378  "tig00000546_pilon" chrStart: 107216896
/domus/h1/siqili/gen-ana/result/correct-assembly/pilon.fasta : chr # 379  "tig00000548_pilon" chrStart: 107479040
/domus/h1/siqili/gen-ana/result/correct-assembly/pilon.fasta : chr # 380  "tig00000551_pilon" chrStart: 107741184
/domus/h1/siqili/gen-ana/result/correct-assembly/pilon.fasta : chr # 381  "tig00000552_pilon" chrStart: 108003328
/domus/h1/siqili/gen-ana/result/correct-assembly/pilon.fasta : chr # 382  "tig00000554_pilon" chrStart: 108265472
/domus/h1/siqili/gen-ana/result/correct-assembly/pilon.fasta : chr # 383  "tig00000555_pilon" chrStart: 108527616
/domus/h1/siqili/gen-ana/result/correct-assembly/pilon.fasta : chr # 384  "tig00000557_pilon" chrStart: 108789760
/domus/h1/siqili/gen-ana/result/correct-assembly/pilon.fasta : chr # 385  "tig00000559_pilon" chrStart: 109051904
/domus/h1/siqili/gen-ana/result/correct-assembly/pilon.fasta : chr # 386  "tig00000560_pilon" chrStart: 109314048
/domus/h1/siqili/gen-ana/result/correct-assembly/pilon.fasta : chr # 387  "tig00000563_pilon" chrStart: 109576192
/domus/h1/siqili/gen-ana/result/correct-assembly/pilon.fasta : chr # 388  "tig00000564_pilon" chrStart: 109838336
/domus/h1/siqili/gen-ana/result/correct-assembly/pilon.fasta : chr # 389  "tig00000565_pilon" chrStart: 110100480
/domus/h1/siqili/gen-ana/result/correct-assembly/pilon.fasta : chr # 390  "tig00000568_pilon" chrStart: 110362624
/domus/h1/siqili/gen-ana/result/correct-assembly/pilon.fasta : chr # 391  "tig00000569_pilon" chrStart: 110624768
/domus/h1/siqili/gen-ana/result/correct-assembly/pilon.fasta : chr # 392  "tig00000571_pilon" chrStart: 110886912
/domus/h1/siqili/gen-ana/result/correct-assembly/pilon.fasta : chr # 393  "tig00000572_pilon" chrStart: 111149056
/domus/h1/siqili/gen-ana/result/correct-assembly/pilon.fasta : chr # 394  "tig00000576_pilon" chrStart: 111411200
/domus/h1/siqili/gen-ana/result/correct-assembly/pilon.fasta : chr # 395  "tig00000577_pilon" chrStart: 111673344
/domus/h1/siqili/gen-ana/result/correct-assembly/pilon.fasta : chr # 396  "tig00000578_pilon" chrStart: 111935488
/domus/h1/siqili/gen-ana/result/correct-assembly/pilon.fasta : chr # 397  "tig00000579_pilon" chrStart: 112197632
/domus/h1/siqili/gen-ana/result/correct-assembly/pilon.fasta : chr # 398  "tig00000580_pilon" chrStart: 112459776
/domus/h1/siqili/gen-ana/result/correct-assembly/pilon.fasta : chr # 399  "tig00000582_pilon" chrStart: 112721920
/domus/h1/siqili/gen-ana/result/correct-assembly/pilon.fasta : chr # 400  "tig00000585_pilon" chrStart: 112984064
/domus/h1/siqili/gen-ana/result/correct-assembly/pilon.fasta : chr # 401  "tig00000586_pilon" chrStart: 113246208
/domus/h1/siqili/gen-ana/result/correct-assembly/pilon.fasta : chr # 402  "tig00000587_pilon" chrStart: 113508352
/domus/h1/siqili/gen-ana/result/correct-assembly/pilon.fasta : chr # 403  "tig00000589_pilon" chrStart: 113770496
/domus/h1/siqili/gen-ana/result/correct-assembly/pilon.fasta : chr # 404  "tig00000590_pilon" chrStart: 114032640
/domus/h1/siqili/gen-ana/result/correct-assembly/pilon.fasta : chr # 405  "tig00000594_pilon" chrStart: 114294784
/domus/h1/siqili/gen-ana/result/correct-assembly/pilon.fasta : chr # 406  "tig00000595_pilon" chrStart: 114556928
/domus/h1/siqili/gen-ana/result/correct-assembly/pilon.fasta : chr # 407  "tig00000596_pilon" chrStart: 114819072
/domus/h1/siqili/gen-ana/result/correct-assembly/pilon.fasta : chr # 408  "tig00000598_pilon" chrStart: 115081216
/domus/h1/siqili/gen-ana/result/correct-assembly/pilon.fasta : chr # 409  "tig00000599_pilon" chrStart: 115343360
/domus/h1/siqili/gen-ana/result/correct-assembly/pilon.fasta : chr # 410  "tig00000600_pilon" chrStart: 115605504
/domus/h1/siqili/gen-ana/result/correct-assembly/pilon.fasta : chr # 411  "tig00000602_pilon" chrStart: 115867648
/domus/h1/siqili/gen-ana/result/correct-assembly/pilon.fasta : chr # 412  "tig00000604_pilon" chrStart: 116129792
/domus/h1/siqili/gen-ana/result/correct-assembly/pilon.fasta : chr # 413  "tig00000605_pilon" chrStart: 116391936
/domus/h1/siqili/gen-ana/result/correct-assembly/pilon.fasta : chr # 414  "tig00000606_pilon" chrStart: 116654080
/domus/h1/siqili/gen-ana/result/correct-assembly/pilon.fasta : chr # 415  "tig00000608_pilon" chrStart: 116916224
/domus/h1/siqili/gen-ana/result/correct-assembly/pilon.fasta : chr # 416  "tig00000609_pilon" chrStart: 117178368
/domus/h1/siqili/gen-ana/result/correct-assembly/pilon.fasta : chr # 417  "tig00000610_pilon" chrStart: 117440512
/domus/h1/siqili/gen-ana/result/correct-assembly/pilon.fasta : chr # 418  "tig00000611_pilon" chrStart: 117702656
/domus/h1/siqili/gen-ana/result/correct-assembly/pilon.fasta : chr # 419  "tig00000613_pilon" chrStart: 117964800
/domus/h1/siqili/gen-ana/result/correct-assembly/pilon.fasta : chr # 420  "tig00000614_pilon" chrStart: 118226944
/domus/h1/siqili/gen-ana/result/correct-assembly/pilon.fasta : chr # 421  "tig00000616_pilon" chrStart: 118489088
/domus/h1/siqili/gen-ana/result/correct-assembly/pilon.fasta : chr # 422  "tig00000619_pilon" chrStart: 118751232
/domus/h1/siqili/gen-ana/result/correct-assembly/pilon.fasta : chr # 423  "tig00000621_pilon" chrStart: 119013376
/domus/h1/siqili/gen-ana/result/correct-assembly/pilon.fasta : chr # 424  "tig00000623_pilon" chrStart: 119275520
/domus/h1/siqili/gen-ana/result/correct-assembly/pilon.fasta : chr # 425  "tig00000633_pilon" chrStart: 119537664
/domus/h1/siqili/gen-ana/result/correct-assembly/pilon.fasta : chr # 426  "tig00000634_pilon" chrStart: 119799808
/domus/h1/siqili/gen-ana/result/correct-assembly/pilon.fasta : chr # 427  "tig00000637_pilon" chrStart: 120061952
/domus/h1/siqili/gen-ana/result/correct-assembly/pilon.fasta : chr # 428  "tig00000639_pilon" chrStart: 120324096
/domus/h1/siqili/gen-ana/result/correct-assembly/pilon.fasta : chr # 429  "tig00000641_pilon" chrStart: 120586240
/domus/h1/siqili/gen-ana/result/correct-assembly/pilon.fasta : chr # 430  "tig00000643_pilon" chrStart: 120848384
/domus/h1/siqili/gen-ana/result/correct-assembly/pilon.fasta : chr # 431  "tig00000646_pilon" chrStart: 121110528
/domus/h1/siqili/gen-ana/result/correct-assembly/pilon.fasta : chr # 432  "tig00000647_pilon" chrStart: 121372672
/domus/h1/siqili/gen-ana/result/correct-assembly/pilon.fasta : chr # 433  "tig00000648_pilon" chrStart: 121634816
/domus/h1/siqili/gen-ana/result/correct-assembly/pilon.fasta : chr # 434  "tig00000650_pilon" chrStart: 121896960
/domus/h1/siqili/gen-ana/result/correct-assembly/pilon.fasta : chr # 435  "tig00000653_pilon" chrStart: 122159104
/domus/h1/siqili/gen-ana/result/correct-assembly/pilon.fasta : chr # 436  "tig00000655_pilon" chrStart: 122421248
/domus/h1/siqili/gen-ana/result/correct-assembly/pilon.fasta : chr # 437  "tig00000657_pilon" chrStart: 122683392
/domus/h1/siqili/gen-ana/result/correct-assembly/pilon.fasta : chr # 438  "tig00000658_pilon" chrStart: 122945536
/domus/h1/siqili/gen-ana/result/correct-assembly/pilon.fasta : chr # 439  "tig00000659_pilon" chrStart: 123207680
/domus/h1/siqili/gen-ana/result/correct-assembly/pilon.fasta : chr # 440  "tig00000660_pilon" chrStart: 123469824
/domus/h1/siqili/gen-ana/result/correct-assembly/pilon.fasta : chr # 441  "tig00000662_pilon" chrStart: 123731968
/domus/h1/siqili/gen-ana/result/correct-assembly/pilon.fasta : chr # 442  "tig00000663_pilon" chrStart: 123994112
/domus/h1/siqili/gen-ana/result/correct-assembly/pilon.fasta : chr # 443  "tig00000666_pilon" chrStart: 124256256
/domus/h1/siqili/gen-ana/result/correct-assembly/pilon.fasta : chr # 444  "tig00000667_pilon" chrStart: 124518400
/domus/h1/siqili/gen-ana/result/correct-assembly/pilon.fasta : chr # 445  "tig00000668_pilon" chrStart: 124780544
/domus/h1/siqili/gen-ana/result/correct-assembly/pilon.fasta : chr # 446  "tig00000670_pilon" chrStart: 125042688
/domus/h1/siqili/gen-ana/result/correct-assembly/pilon.fasta : chr # 447  "tig00000671_pilon" chrStart: 125304832
/domus/h1/siqili/gen-ana/result/correct-assembly/pilon.fasta : chr # 448  "tig00000674_pilon" chrStart: 125566976
/domus/h1/siqili/gen-ana/result/correct-assembly/pilon.fasta : chr # 449  "tig00000678_pilon" chrStart: 125829120
/domus/h1/siqili/gen-ana/result/correct-assembly/pilon.fasta : chr # 450  "tig00000680_pilon" chrStart: 126091264
/domus/h1/siqili/gen-ana/result/correct-assembly/pilon.fasta : chr # 451  "tig00000685_pilon" chrStart: 126353408
/domus/h1/siqili/gen-ana/result/correct-assembly/pilon.fasta : chr # 452  "tig00000686_pilon" chrStart: 126615552
/domus/h1/siqili/gen-ana/result/correct-assembly/pilon.fasta : chr # 453  "tig00000687_pilon" chrStart: 126877696
/domus/h1/siqili/gen-ana/result/correct-assembly/pilon.fasta : chr # 454  "tig00000688_pilon" chrStart: 127139840
/domus/h1/siqili/gen-ana/result/correct-assembly/pilon.fasta : chr # 455  "tig00000690_pilon" chrStart: 127401984
/domus/h1/siqili/gen-ana/result/correct-assembly/pilon.fasta : chr # 456  "tig00000691_pilon" chrStart: 127664128
/domus/h1/siqili/gen-ana/result/correct-assembly/pilon.fasta : chr # 457  "tig00000692_pilon" chrStart: 127926272
/domus/h1/siqili/gen-ana/result/correct-assembly/pilon.fasta : chr # 458  "tig00000694_pilon" chrStart: 128188416
/domus/h1/siqili/gen-ana/result/correct-assembly/pilon.fasta : chr # 459  "tig00000696_pilon" chrStart: 128450560
/domus/h1/siqili/gen-ana/result/correct-assembly/pilon.fasta : chr # 460  "tig00000698_pilon" chrStart: 128712704
/domus/h1/siqili/gen-ana/result/correct-assembly/pilon.fasta : chr # 461  "tig00000700_pilon" chrStart: 128974848
/domus/h1/siqili/gen-ana/result/correct-assembly/pilon.fasta : chr # 462  "tig00000701_pilon" chrStart: 129236992
/domus/h1/siqili/gen-ana/result/correct-assembly/pilon.fasta : chr # 463  "tig00000702_pilon" chrStart: 129499136
/domus/h1/siqili/gen-ana/result/correct-assembly/pilon.fasta : chr # 464  "tig00000704_pilon" chrStart: 129761280
/domus/h1/siqili/gen-ana/result/correct-assembly/pilon.fasta : chr # 465  "tig00000707_pilon" chrStart: 130023424
/domus/h1/siqili/gen-ana/result/correct-assembly/pilon.fasta : chr # 466  "tig00000709_pilon" chrStart: 130285568
/domus/h1/siqili/gen-ana/result/correct-assembly/pilon.fasta : chr # 467  "tig00000710_pilon" chrStart: 130547712
/domus/h1/siqili/gen-ana/result/correct-assembly/pilon.fasta : chr # 468  "tig00000712_pilon" chrStart: 130809856
/domus/h1/siqili/gen-ana/result/correct-assembly/pilon.fasta : chr # 469  "tig00000714_pilon" chrStart: 131072000
/domus/h1/siqili/gen-ana/result/correct-assembly/pilon.fasta : chr # 470  "tig00000715_pilon" chrStart: 131334144
/domus/h1/siqili/gen-ana/result/correct-assembly/pilon.fasta : chr # 471  "tig00000717_pilon" chrStart: 131596288
/domus/h1/siqili/gen-ana/result/correct-assembly/pilon.fasta : chr # 472  "tig00000718_pilon" chrStart: 131858432
/domus/h1/siqili/gen-ana/result/correct-assembly/pilon.fasta : chr # 473  "tig00000719_pilon" chrStart: 132120576
/domus/h1/siqili/gen-ana/result/correct-assembly/pilon.fasta : chr # 474  "tig00000724_pilon" chrStart: 132382720
/domus/h1/siqili/gen-ana/result/correct-assembly/pilon.fasta : chr # 475  "tig00000725_pilon" chrStart: 132644864
/domus/h1/siqili/gen-ana/result/correct-assembly/pilon.fasta : chr # 476  "tig00000727_pilon" chrStart: 132907008
/domus/h1/siqili/gen-ana/result/correct-assembly/pilon.fasta : chr # 477  "tig00000728_pilon" chrStart: 133169152
/domus/h1/siqili/gen-ana/result/correct-assembly/pilon.fasta : chr # 478  "tig00000729_pilon" chrStart: 133431296
/domus/h1/siqili/gen-ana/result/correct-assembly/pilon.fasta : chr # 479  "tig00000733_pilon" chrStart: 133693440
/domus/h1/siqili/gen-ana/result/correct-assembly/pilon.fasta : chr # 480  "tig00000734_pilon" chrStart: 133955584
/domus/h1/siqili/gen-ana/result/correct-assembly/pilon.fasta : chr # 481  "tig00000735_pilon" chrStart: 134217728
/domus/h1/siqili/gen-ana/result/correct-assembly/pilon.fasta : chr # 482  "tig00000740_pilon" chrStart: 134479872
/domus/h1/siqili/gen-ana/result/correct-assembly/pilon.fasta : chr # 483  "tig00000743_pilon" chrStart: 134742016
/domus/h1/siqili/gen-ana/result/correct-assembly/pilon.fasta : chr # 484  "tig00000745_pilon" chrStart: 135004160
/domus/h1/siqili/gen-ana/result/correct-assembly/pilon.fasta : chr # 485  "tig00000746_pilon" chrStart: 135266304
/domus/h1/siqili/gen-ana/result/correct-assembly/pilon.fasta : chr # 486  "tig00000747_pilon" chrStart: 135528448
/domus/h1/siqili/gen-ana/result/correct-assembly/pilon.fasta : chr # 487  "tig00000748_pilon" chrStart: 135790592
/domus/h1/siqili/gen-ana/result/correct-assembly/pilon.fasta : chr # 488  "tig00000750_pilon" chrStart: 136052736
/domus/h1/siqili/gen-ana/result/correct-assembly/pilon.fasta : chr # 489  "tig00000751_pilon" chrStart: 136314880
/domus/h1/siqili/gen-ana/result/correct-assembly/pilon.fasta : chr # 490  "tig00000752_pilon" chrStart: 136577024
/domus/h1/siqili/gen-ana/result/correct-assembly/pilon.fasta : chr # 491  "tig00000753_pilon" chrStart: 136839168
/domus/h1/siqili/gen-ana/result/correct-assembly/pilon.fasta : chr # 492  "tig00000754_pilon" chrStart: 137101312
/domus/h1/siqili/gen-ana/result/correct-assembly/pilon.fasta : chr # 493  "tig00000755_pilon" chrStart: 137363456
/domus/h1/siqili/gen-ana/result/correct-assembly/pilon.fasta : chr # 494  "tig00000756_pilon" chrStart: 137625600
/domus/h1/siqili/gen-ana/result/correct-assembly/pilon.fasta : chr # 495  "tig00000757_pilon" chrStart: 137887744
/domus/h1/siqili/gen-ana/result/correct-assembly/pilon.fasta : chr # 496  "tig00000759_pilon" chrStart: 138149888
/domus/h1/siqili/gen-ana/result/correct-assembly/pilon.fasta : chr # 497  "tig00000761_pilon" chrStart: 138412032
/domus/h1/siqili/gen-ana/result/correct-assembly/pilon.fasta : chr # 498  "tig00000763_pilon" chrStart: 138674176
/domus/h1/siqili/gen-ana/result/correct-assembly/pilon.fasta : chr # 499  "tig00000765_pilon" chrStart: 138936320
/domus/h1/siqili/gen-ana/result/correct-assembly/pilon.fasta : chr # 500  "tig00000767_pilon" chrStart: 139198464
/domus/h1/siqili/gen-ana/result/correct-assembly/pilon.fasta : chr # 501  "tig00000768_pilon" chrStart: 139460608
/domus/h1/siqili/gen-ana/result/correct-assembly/pilon.fasta : chr # 502  "tig00000769_pilon" chrStart: 139722752
/domus/h1/siqili/gen-ana/result/correct-assembly/pilon.fasta : chr # 503  "tig00000770_pilon" chrStart: 139984896
/domus/h1/siqili/gen-ana/result/correct-assembly/pilon.fasta : chr # 504  "tig00000772_pilon" chrStart: 140247040
/domus/h1/siqili/gen-ana/result/correct-assembly/pilon.fasta : chr # 505  "tig00000773_pilon" chrStart: 140509184
/domus/h1/siqili/gen-ana/result/correct-assembly/pilon.fasta : chr # 506  "tig00000774_pilon" chrStart: 140771328
/domus/h1/siqili/gen-ana/result/correct-assembly/pilon.fasta : chr # 507  "tig00000780_pilon" chrStart: 141033472
/domus/h1/siqili/gen-ana/result/correct-assembly/pilon.fasta : chr # 508  "tig00000782_pilon" chrStart: 141295616
/domus/h1/siqili/gen-ana/result/correct-assembly/pilon.fasta : chr # 509  "tig00000783_pilon" chrStart: 141557760
/domus/h1/siqili/gen-ana/result/correct-assembly/pilon.fasta : chr # 510  "tig00000784_pilon" chrStart: 141819904
/domus/h1/siqili/gen-ana/result/correct-assembly/pilon.fasta : chr # 511  "tig00000785_pilon" chrStart: 142082048
/domus/h1/siqili/gen-ana/result/correct-assembly/pilon.fasta : chr # 512  "tig00000787_pilon" chrStart: 142344192
/domus/h1/siqili/gen-ana/result/correct-assembly/pilon.fasta : chr # 513  "tig00000789_pilon" chrStart: 142606336
/domus/h1/siqili/gen-ana/result/correct-assembly/pilon.fasta : chr # 514  "tig00000790_pilon" chrStart: 142868480
/domus/h1/siqili/gen-ana/result/correct-assembly/pilon.fasta : chr # 515  "tig00000791_pilon" chrStart: 143130624
/domus/h1/siqili/gen-ana/result/correct-assembly/pilon.fasta : chr # 516  "tig00000792_pilon" chrStart: 143392768
/domus/h1/siqili/gen-ana/result/correct-assembly/pilon.fasta : chr # 517  "tig00000793_pilon" chrStart: 143654912
/domus/h1/siqili/gen-ana/result/correct-assembly/pilon.fasta : chr # 518  "tig00000794_pilon" chrStart: 143917056
/domus/h1/siqili/gen-ana/result/correct-assembly/pilon.fasta : chr # 519  "tig00000795_pilon" chrStart: 144179200
/domus/h1/siqili/gen-ana/result/correct-assembly/pilon.fasta : chr # 520  "tig00000797_pilon" chrStart: 144441344
/domus/h1/siqili/gen-ana/result/correct-assembly/pilon.fasta : chr # 521  "tig00000804_pilon" chrStart: 144703488
/domus/h1/siqili/gen-ana/result/correct-assembly/pilon.fasta : chr # 522  "tig00000806_pilon" chrStart: 144965632
/domus/h1/siqili/gen-ana/result/correct-assembly/pilon.fasta : chr # 523  "tig00000809_pilon" chrStart: 145227776
/domus/h1/siqili/gen-ana/result/correct-assembly/pilon.fasta : chr # 524  "tig00000810_pilon" chrStart: 145489920
/domus/h1/siqili/gen-ana/result/correct-assembly/pilon.fasta : chr # 525  "tig00000811_pilon" chrStart: 145752064
/domus/h1/siqili/gen-ana/result/correct-assembly/pilon.fasta : chr # 526  "tig00000812_pilon" chrStart: 146014208
/domus/h1/siqili/gen-ana/result/correct-assembly/pilon.fasta : chr # 527  "tig00000813_pilon" chrStart: 146276352
/domus/h1/siqili/gen-ana/result/correct-assembly/pilon.fasta : chr # 528  "tig00000815_pilon" chrStart: 146538496
/domus/h1/siqili/gen-ana/result/correct-assembly/pilon.fasta : chr # 529  "tig00000816_pilon" chrStart: 146800640
/domus/h1/siqili/gen-ana/result/correct-assembly/pilon.fasta : chr # 530  "tig00000824_pilon" chrStart: 147062784
/domus/h1/siqili/gen-ana/result/correct-assembly/pilon.fasta : chr # 531  "tig00000826_pilon" chrStart: 147324928
/domus/h1/siqili/gen-ana/result/correct-assembly/pilon.fasta : chr # 532  "tig00000827_pilon" chrStart: 147587072
/domus/h1/siqili/gen-ana/result/correct-assembly/pilon.fasta : chr # 533  "tig00000828_pilon" chrStart: 147849216
/domus/h1/siqili/gen-ana/result/correct-assembly/pilon.fasta : chr # 534  "tig00000829_pilon" chrStart: 148111360
/domus/h1/siqili/gen-ana/result/correct-assembly/pilon.fasta : chr # 535  "tig00000835_pilon" chrStart: 148373504
/domus/h1/siqili/gen-ana/result/correct-assembly/pilon.fasta : chr # 536  "tig00000841_pilon" chrStart: 148635648
/domus/h1/siqili/gen-ana/result/correct-assembly/pilon.fasta : chr # 537  "tig00000844_pilon" chrStart: 148897792
/domus/h1/siqili/gen-ana/result/correct-assembly/pilon.fasta : chr # 538  "tig00000847_pilon" chrStart: 149159936
/domus/h1/siqili/gen-ana/result/correct-assembly/pilon.fasta : chr # 539  "tig00000864_pilon" chrStart: 149422080
/domus/h1/siqili/gen-ana/result/correct-assembly/pilon.fasta : chr # 540  "tig00000870_pilon" chrStart: 149684224
/domus/h1/siqili/gen-ana/result/correct-assembly/pilon.fasta : chr # 541  "tig00000872_pilon" chrStart: 149946368
/domus/h1/siqili/gen-ana/result/correct-assembly/pilon.fasta : chr # 542  "tig00000876_pilon" chrStart: 150208512
/domus/h1/siqili/gen-ana/result/correct-assembly/pilon.fasta : chr # 543  "tig00000880_pilon" chrStart: 150470656
/domus/h1/siqili/gen-ana/result/correct-assembly/pilon.fasta : chr # 544  "tig00000881_pilon" chrStart: 150732800
/domus/h1/siqili/gen-ana/result/correct-assembly/pilon.fasta : chr # 545  "tig00000882_pilon" chrStart: 150994944
/domus/h1/siqili/gen-ana/result/correct-assembly/pilon.fasta : chr # 546  "tig00000886_pilon" chrStart: 151257088
/domus/h1/siqili/gen-ana/result/correct-assembly/pilon.fasta : chr # 547  "tig00000887_pilon" chrStart: 151519232
/domus/h1/siqili/gen-ana/result/correct-assembly/pilon.fasta : chr # 548  "tig00000891_pilon" chrStart: 151781376
/domus/h1/siqili/gen-ana/result/correct-assembly/pilon.fasta : chr # 549  "tig00000896_pilon" chrStart: 152043520
/domus/h1/siqili/gen-ana/result/correct-assembly/pilon.fasta : chr # 550  "tig00000910_pilon" chrStart: 152305664
/domus/h1/siqili/gen-ana/result/correct-assembly/pilon.fasta : chr # 551  "tig00000912_pilon" chrStart: 152567808
/domus/h1/siqili/gen-ana/result/correct-assembly/pilon.fasta : chr # 552  "tig00000921_pilon" chrStart: 152829952
/domus/h1/siqili/gen-ana/result/correct-assembly/pilon.fasta : chr # 553  "tig00000922_pilon" chrStart: 153092096
/domus/h1/siqili/gen-ana/result/correct-assembly/pilon.fasta : chr # 554  "tig00000924_pilon" chrStart: 153354240
/domus/h1/siqili/gen-ana/result/correct-assembly/pilon.fasta : chr # 555  "tig00000925_pilon" chrStart: 153616384
/domus/h1/siqili/gen-ana/result/correct-assembly/pilon.fasta : chr # 556  "tig00000926_pilon" chrStart: 153878528
/domus/h1/siqili/gen-ana/result/correct-assembly/pilon.fasta : chr # 557  "tig00000928_pilon" chrStart: 154140672
/domus/h1/siqili/gen-ana/result/correct-assembly/pilon.fasta : chr # 558  "tig00000933_pilon" chrStart: 154402816
/domus/h1/siqili/gen-ana/result/correct-assembly/pilon.fasta : chr # 559  "tig00000934_pilon" chrStart: 154664960
/domus/h1/siqili/gen-ana/result/correct-assembly/pilon.fasta : chr # 560  "tig00000935_pilon" chrStart: 154927104
/domus/h1/siqili/gen-ana/result/correct-assembly/pilon.fasta : chr # 561  "tig00000936_pilon" chrStart: 155189248
/domus/h1/siqili/gen-ana/result/correct-assembly/pilon.fasta : chr # 562  "tig00000937_pilon" chrStart: 155451392
/domus/h1/siqili/gen-ana/result/correct-assembly/pilon.fasta : chr # 563  "tig00000938_pilon" chrStart: 155713536
/domus/h1/siqili/gen-ana/result/correct-assembly/pilon.fasta : chr # 564  "tig00000939_pilon" chrStart: 155975680
/domus/h1/siqili/gen-ana/result/correct-assembly/pilon.fasta : chr # 565  "tig00000941_pilon" chrStart: 156237824
/domus/h1/siqili/gen-ana/result/correct-assembly/pilon.fasta : chr # 566  "tig00000942_pilon" chrStart: 156499968
/domus/h1/siqili/gen-ana/result/correct-assembly/pilon.fasta : chr # 567  "tig00000944_pilon" chrStart: 156762112
/domus/h1/siqili/gen-ana/result/correct-assembly/pilon.fasta : chr # 568  "tig00000947_pilon" chrStart: 157024256
/domus/h1/siqili/gen-ana/result/correct-assembly/pilon.fasta : chr # 569  "tig00000948_pilon" chrStart: 157286400
/domus/h1/siqili/gen-ana/result/correct-assembly/pilon.fasta : chr # 570  "tig00000949_pilon" chrStart: 157548544
/domus/h1/siqili/gen-ana/result/correct-assembly/pilon.fasta : chr # 571  "tig00000954_pilon" chrStart: 157810688
/domus/h1/siqili/gen-ana/result/correct-assembly/pilon.fasta : chr # 572  "tig00000955_pilon" chrStart: 158072832
/domus/h1/siqili/gen-ana/result/correct-assembly/pilon.fasta : chr # 573  "tig00000956_pilon" chrStart: 158334976
/domus/h1/siqili/gen-ana/result/correct-assembly/pilon.fasta : chr # 574  "tig00000962_pilon" chrStart: 158597120
/domus/h1/siqili/gen-ana/result/correct-assembly/pilon.fasta : chr # 575  "tig00000963_pilon" chrStart: 158859264
/domus/h1/siqili/gen-ana/result/correct-assembly/pilon.fasta : chr # 576  "tig00000964_pilon" chrStart: 159121408
/domus/h1/siqili/gen-ana/result/correct-assembly/pilon.fasta : chr # 577  "tig00000979_pilon" chrStart: 159383552
/domus/h1/siqili/gen-ana/result/correct-assembly/pilon.fasta : chr # 578  "tig00000980_pilon" chrStart: 159645696
/domus/h1/siqili/gen-ana/result/correct-assembly/pilon.fasta : chr # 579  "tig00000981_pilon" chrStart: 159907840
/domus/h1/siqili/gen-ana/result/correct-assembly/pilon.fasta : chr # 580  "tig00000984_pilon" chrStart: 160169984
/domus/h1/siqili/gen-ana/result/correct-assembly/pilon.fasta : chr # 581  "tig00000987_pilon" chrStart: 160432128
/domus/h1/siqili/gen-ana/result/correct-assembly/pilon.fasta : chr # 582  "tig00000990_pilon" chrStart: 160694272
/domus/h1/siqili/gen-ana/result/correct-assembly/pilon.fasta : chr # 583  "tig00000995_pilon" chrStart: 160956416
/domus/h1/siqili/gen-ana/result/correct-assembly/pilon.fasta : chr # 584  "tig00000996_pilon" chrStart: 161218560
/domus/h1/siqili/gen-ana/result/correct-assembly/pilon.fasta : chr # 585  "tig00000998_pilon" chrStart: 161480704
/domus/h1/siqili/gen-ana/result/correct-assembly/pilon.fasta : chr # 586  "tig00001001_pilon" chrStart: 161742848
/domus/h1/siqili/gen-ana/result/correct-assembly/pilon.fasta : chr # 587  "tig00001004_pilon" chrStart: 162004992
/domus/h1/siqili/gen-ana/result/correct-assembly/pilon.fasta : chr # 588  "tig00001006_pilon" chrStart: 162267136
/domus/h1/siqili/gen-ana/result/correct-assembly/pilon.fasta : chr # 589  "tig00001011_pilon" chrStart: 162529280
/domus/h1/siqili/gen-ana/result/correct-assembly/pilon.fasta : chr # 590  "tig00001018_pilon" chrStart: 162791424
/domus/h1/siqili/gen-ana/result/correct-assembly/pilon.fasta : chr # 591  "tig00001024_pilon" chrStart: 163053568
/domus/h1/siqili/gen-ana/result/correct-assembly/pilon.fasta : chr # 592  "tig00001025_pilon" chrStart: 163315712
/domus/h1/siqili/gen-ana/result/correct-assembly/pilon.fasta : chr # 593  "tig00001026_pilon" chrStart: 163577856
/domus/h1/siqili/gen-ana/result/correct-assembly/pilon.fasta : chr # 594  "tig00001030_pilon" chrStart: 163840000
/domus/h1/siqili/gen-ana/result/correct-assembly/pilon.fasta : chr # 595  "tig00001033_pilon" chrStart: 164102144
/domus/h1/siqili/gen-ana/result/correct-assembly/pilon.fasta : chr # 596  "tig00001034_pilon" chrStart: 164364288
/domus/h1/siqili/gen-ana/result/correct-assembly/pilon.fasta : chr # 597  "tig00001037_pilon" chrStart: 164626432
/domus/h1/siqili/gen-ana/result/correct-assembly/pilon.fasta : chr # 598  "tig00001040_pilon" chrStart: 164888576
/domus/h1/siqili/gen-ana/result/correct-assembly/pilon.fasta : chr # 599  "tig00001048_pilon" chrStart: 165150720
/domus/h1/siqili/gen-ana/result/correct-assembly/pilon.fasta : chr # 600  "tig00001049_pilon" chrStart: 165412864
/domus/h1/siqili/gen-ana/result/correct-assembly/pilon.fasta : chr # 601  "tig00001050_pilon" chrStart: 165675008
/domus/h1/siqili/gen-ana/result/correct-assembly/pilon.fasta : chr # 602  "tig00001051_pilon" chrStart: 165937152
/domus/h1/siqili/gen-ana/result/correct-assembly/pilon.fasta : chr # 603  "tig00001052_pilon" chrStart: 166199296
/domus/h1/siqili/gen-ana/result/correct-assembly/pilon.fasta : chr # 604  "tig00001053_pilon" chrStart: 166461440
/domus/h1/siqili/gen-ana/result/correct-assembly/pilon.fasta : chr # 605  "tig00001056_pilon" chrStart: 166723584
/domus/h1/siqili/gen-ana/result/correct-assembly/pilon.fasta : chr # 606  "tig00001057_pilon" chrStart: 166985728
/domus/h1/siqili/gen-ana/result/correct-assembly/pilon.fasta : chr # 607  "tig00001060_pilon" chrStart: 167247872
/domus/h1/siqili/gen-ana/result/correct-assembly/pilon.fasta : chr # 608  "tig00001063_pilon" chrStart: 167510016
/domus/h1/siqili/gen-ana/result/correct-assembly/pilon.fasta : chr # 609  "tig00001064_pilon" chrStart: 167772160
/domus/h1/siqili/gen-ana/result/correct-assembly/pilon.fasta : chr # 610  "tig00001071_pilon" chrStart: 168034304
/domus/h1/siqili/gen-ana/result/correct-assembly/pilon.fasta : chr # 611  "tig00001074_pilon" chrStart: 168296448
/domus/h1/siqili/gen-ana/result/correct-assembly/pilon.fasta : chr # 612  "tig00001085_pilon" chrStart: 168558592
/domus/h1/siqili/gen-ana/result/correct-assembly/pilon.fasta : chr # 613  "tig00001086_pilon" chrStart: 168820736
/domus/h1/siqili/gen-ana/result/correct-assembly/pilon.fasta : chr # 614  "tig00001093_pilon" chrStart: 169082880
/domus/h1/siqili/gen-ana/result/correct-assembly/pilon.fasta : chr # 615  "tig00001094_pilon" chrStart: 169345024
/domus/h1/siqili/gen-ana/result/correct-assembly/pilon.fasta : chr # 616  "tig00001102_pilon" chrStart: 169607168
/domus/h1/siqili/gen-ana/result/correct-assembly/pilon.fasta : chr # 617  "tig00001106_pilon" chrStart: 169869312
/domus/h1/siqili/gen-ana/result/correct-assembly/pilon.fasta : chr # 618  "tig00001107_pilon" chrStart: 170131456
/domus/h1/siqili/gen-ana/result/correct-assembly/pilon.fasta : chr # 619  "tig00001116_pilon" chrStart: 170393600
/domus/h1/siqili/gen-ana/result/correct-assembly/pilon.fasta : chr # 620  "tig00001117_pilon" chrStart: 170655744
/domus/h1/siqili/gen-ana/result/correct-assembly/pilon.fasta : chr # 621  "tig00001118_pilon" chrStart: 170917888
/domus/h1/siqili/gen-ana/result/correct-assembly/pilon.fasta : chr # 622  "tig00001123_pilon" chrStart: 171180032
/domus/h1/siqili/gen-ana/result/correct-assembly/pilon.fasta : chr # 623  "tig00001125_pilon" chrStart: 171442176
/domus/h1/siqili/gen-ana/result/correct-assembly/pilon.fasta : chr # 624  "tig00001131_pilon" chrStart: 171704320
/domus/h1/siqili/gen-ana/result/correct-assembly/pilon.fasta : chr # 625  "tig00001136_pilon" chrStart: 171966464
/domus/h1/siqili/gen-ana/result/correct-assembly/pilon.fasta : chr # 626  "tig00001137_pilon" chrStart: 172228608
/domus/h1/siqili/gen-ana/result/correct-assembly/pilon.fasta : chr # 627  "tig00001143_pilon" chrStart: 172490752
/domus/h1/siqili/gen-ana/result/correct-assembly/pilon.fasta : chr # 628  "tig00001149_pilon" chrStart: 172752896
/domus/h1/siqili/gen-ana/result/correct-assembly/pilon.fasta : chr # 629  "tig00001150_pilon" chrStart: 173015040
/domus/h1/siqili/gen-ana/result/correct-assembly/pilon.fasta : chr # 630  "tig00001156_pilon" chrStart: 173277184
/domus/h1/siqili/gen-ana/result/correct-assembly/pilon.fasta : chr # 631  "tig00001157_pilon" chrStart: 173539328
/domus/h1/siqili/gen-ana/result/correct-assembly/pilon.fasta : chr # 632  "tig00001159_pilon" chrStart: 173801472
/domus/h1/siqili/gen-ana/result/correct-assembly/pilon.fasta : chr # 633  "tig00001174_pilon" chrStart: 174063616
/domus/h1/siqili/gen-ana/result/correct-assembly/pilon.fasta : chr # 634  "tig00001175_pilon" chrStart: 174325760
/domus/h1/siqili/gen-ana/result/correct-assembly/pilon.fasta : chr # 635  "tig00001176_pilon" chrStart: 174587904
/domus/h1/siqili/gen-ana/result/correct-assembly/pilon.fasta : chr # 636  "tig00001181_pilon" chrStart: 174850048
/domus/h1/siqili/gen-ana/result/correct-assembly/pilon.fasta : chr # 637  "tig00001186_pilon" chrStart: 175112192
/domus/h1/siqili/gen-ana/result/correct-assembly/pilon.fasta : chr # 638  "tig00001189_pilon" chrStart: 175374336
/domus/h1/siqili/gen-ana/result/correct-assembly/pilon.fasta : chr # 639  "tig00001201_pilon" chrStart: 175636480
/domus/h1/siqili/gen-ana/result/correct-assembly/pilon.fasta : chr # 640  "tig00001206_pilon" chrStart: 175898624
/domus/h1/siqili/gen-ana/result/correct-assembly/pilon.fasta : chr # 641  "tig00001207_pilon" chrStart: 176160768
/domus/h1/siqili/gen-ana/result/correct-assembly/pilon.fasta : chr # 642  "tig00001208_pilon" chrStart: 176422912
/domus/h1/siqili/gen-ana/result/correct-assembly/pilon.fasta : chr # 643  "tig00001213_pilon" chrStart: 176685056
/domus/h1/siqili/gen-ana/result/correct-assembly/pilon.fasta : chr # 644  "tig00001216_pilon" chrStart: 176947200
/domus/h1/siqili/gen-ana/result/correct-assembly/pilon.fasta : chr # 645  "tig00001217_pilon" chrStart: 177209344
/domus/h1/siqili/gen-ana/result/correct-assembly/pilon.fasta : chr # 646  "tig00001220_pilon" chrStart: 177471488
/domus/h1/siqili/gen-ana/result/correct-assembly/pilon.fasta : chr # 647  "tig00001221_pilon" chrStart: 177733632
/domus/h1/siqili/gen-ana/result/correct-assembly/pilon.fasta : chr # 648  "tig00001228_pilon" chrStart: 177995776
/domus/h1/siqili/gen-ana/result/correct-assembly/pilon.fasta : chr # 649  "tig00001229_pilon" chrStart: 178257920
/domus/h1/siqili/gen-ana/result/correct-assembly/pilon.fasta : chr # 650  "tig00001230_pilon" chrStart: 178520064
/domus/h1/siqili/gen-ana/result/correct-assembly/pilon.fasta : chr # 651  "tig00001231_pilon" chrStart: 178782208
/domus/h1/siqili/gen-ana/result/correct-assembly/pilon.fasta : chr # 652  "tig00001234_pilon" chrStart: 179044352
/domus/h1/siqili/gen-ana/result/correct-assembly/pilon.fasta : chr # 653  "tig00001236_pilon" chrStart: 179306496
/domus/h1/siqili/gen-ana/result/correct-assembly/pilon.fasta : chr # 654  "tig00001238_pilon" chrStart: 179568640
/domus/h1/siqili/gen-ana/result/correct-assembly/pilon.fasta : chr # 655  "tig00001241_pilon" chrStart: 179830784
/domus/h1/siqili/gen-ana/result/correct-assembly/pilon.fasta : chr # 656  "tig00001244_pilon" chrStart: 180092928
/domus/h1/siqili/gen-ana/result/correct-assembly/pilon.fasta : chr # 657  "tig00001245_pilon" chrStart: 180355072
/domus/h1/siqili/gen-ana/result/correct-assembly/pilon.fasta : chr # 658  "tig00001247_pilon" chrStart: 180617216
/domus/h1/siqili/gen-ana/result/correct-assembly/pilon.fasta : chr # 659  "tig00001248_pilon" chrStart: 180879360
/domus/h1/siqili/gen-ana/result/correct-assembly/pilon.fasta : chr # 660  "tig00001249_pilon" chrStart: 181141504
/domus/h1/siqili/gen-ana/result/correct-assembly/pilon.fasta : chr # 661  "tig00001256_pilon" chrStart: 181403648
/domus/h1/siqili/gen-ana/result/correct-assembly/pilon.fasta : chr # 662  "tig00001257_pilon" chrStart: 181665792
/domus/h1/siqili/gen-ana/result/correct-assembly/pilon.fasta : chr # 663  "tig00001262_pilon" chrStart: 181927936
/domus/h1/siqili/gen-ana/result/correct-assembly/pilon.fasta : chr # 664  "tig00001284_pilon" chrStart: 182190080
/domus/h1/siqili/gen-ana/result/correct-assembly/pilon.fasta : chr # 665  "tig00001285_pilon" chrStart: 182452224
/domus/h1/siqili/gen-ana/result/correct-assembly/pilon.fasta : chr # 666  "tig00001289_pilon" chrStart: 182714368
/domus/h1/siqili/gen-ana/result/correct-assembly/pilon.fasta : chr # 667  "tig00001291_pilon" chrStart: 182976512
/domus/h1/siqili/gen-ana/result/correct-assembly/pilon.fasta : chr # 668  "tig00001295_pilon" chrStart: 183238656
/domus/h1/siqili/gen-ana/result/correct-assembly/pilon.fasta : chr # 669  "tig00001300_pilon" chrStart: 183500800
/domus/h1/siqili/gen-ana/result/correct-assembly/pilon.fasta : chr # 670  "tig00001304_pilon" chrStart: 183762944
/domus/h1/siqili/gen-ana/result/correct-assembly/pilon.fasta : chr # 671  "tig00001307_pilon" chrStart: 184025088
/domus/h1/siqili/gen-ana/result/correct-assembly/pilon.fasta : chr # 672  "tig00001308_pilon" chrStart: 184287232
/domus/h1/siqili/gen-ana/result/correct-assembly/pilon.fasta : chr # 673  "tig00001309_pilon" chrStart: 184549376
/domus/h1/siqili/gen-ana/result/correct-assembly/pilon.fasta : chr # 674  "tig00001313_pilon" chrStart: 184811520
/domus/h1/siqili/gen-ana/result/correct-assembly/pilon.fasta : chr # 675  "tig00001318_pilon" chrStart: 185073664
/domus/h1/siqili/gen-ana/result/correct-assembly/pilon.fasta : chr # 676  "tig00001319_pilon" chrStart: 185335808
/domus/h1/siqili/gen-ana/result/correct-assembly/pilon.fasta : chr # 677  "tig00001320_pilon" chrStart: 185597952
/domus/h1/siqili/gen-ana/result/correct-assembly/pilon.fasta : chr # 678  "tig00001321_pilon" chrStart: 185860096
/domus/h1/siqili/gen-ana/result/correct-assembly/pilon.fasta : chr # 679  "tig00001322_pilon" chrStart: 186122240
/domus/h1/siqili/gen-ana/result/correct-assembly/pilon.fasta : chr # 680  "tig00001325_pilon" chrStart: 186384384
/domus/h1/siqili/gen-ana/result/correct-assembly/pilon.fasta : chr # 681  "tig00001331_pilon" chrStart: 186646528
/domus/h1/siqili/gen-ana/result/correct-assembly/pilon.fasta : chr # 682  "tig00001333_pilon" chrStart: 186908672
/domus/h1/siqili/gen-ana/result/correct-assembly/pilon.fasta : chr # 683  "tig00001339_pilon" chrStart: 187170816
/domus/h1/siqili/gen-ana/result/correct-assembly/pilon.fasta : chr # 684  "tig00001343_pilon" chrStart: 187432960
/domus/h1/siqili/gen-ana/result/correct-assembly/pilon.fasta : chr # 685  "tig00001345_pilon" chrStart: 187695104
/domus/h1/siqili/gen-ana/result/correct-assembly/pilon.fasta : chr # 686  "tig00001346_pilon" chrStart: 187957248
/domus/h1/siqili/gen-ana/result/correct-assembly/pilon.fasta : chr # 687  "tig00001354_pilon" chrStart: 188219392
/domus/h1/siqili/gen-ana/result/correct-assembly/pilon.fasta : chr # 688  "tig00001355_pilon" chrStart: 188481536
/domus/h1/siqili/gen-ana/result/correct-assembly/pilon.fasta : chr # 689  "tig00001356_pilon" chrStart: 188743680
/domus/h1/siqili/gen-ana/result/correct-assembly/pilon.fasta : chr # 690  "tig00001357_pilon" chrStart: 189005824
/domus/h1/siqili/gen-ana/result/correct-assembly/pilon.fasta : chr # 691  "tig00001365_pilon" chrStart: 189267968
/domus/h1/siqili/gen-ana/result/correct-assembly/pilon.fasta : chr # 692  "tig00001370_pilon" chrStart: 189530112
/domus/h1/siqili/gen-ana/result/correct-assembly/pilon.fasta : chr # 693  "tig00001371_pilon" chrStart: 189792256
/domus/h1/siqili/gen-ana/result/correct-assembly/pilon.fasta : chr # 694  "tig00001372_pilon" chrStart: 190054400
/domus/h1/siqili/gen-ana/result/correct-assembly/pilon.fasta : chr # 695  "tig00001373_pilon" chrStart: 190316544
/domus/h1/siqili/gen-ana/result/correct-assembly/pilon.fasta : chr # 696  "tig00001376_pilon" chrStart: 190578688
/domus/h1/siqili/gen-ana/result/correct-assembly/pilon.fasta : chr # 697  "tig00002264_pilon" chrStart: 190840832
/domus/h1/siqili/gen-ana/result/correct-assembly/pilon.fasta : chr # 698  "tig00002265_pilon" chrStart: 191102976
/domus/h1/siqili/gen-ana/result/correct-assembly/pilon.fasta : chr # 699  "tig00002266_pilon" chrStart: 191365120
/domus/h1/siqili/gen-ana/result/correct-assembly/pilon.fasta : chr # 700  "tig00002267_pilon" chrStart: 194510848
/domus/h1/siqili/gen-ana/result/correct-assembly/pilon.fasta : chr # 701  "tig00002268_pilon" chrStart: 195821568
/domus/h1/siqili/gen-ana/result/correct-assembly/pilon.fasta : chr # 702  "tig00002269_pilon" chrStart: 196608000
/domus/h1/siqili/gen-ana/result/correct-assembly/pilon.fasta : chr # 703  "tig00002270_pilon" chrStart: 196870144
/domus/h1/siqili/gen-ana/result/correct-assembly/pilon.fasta : chr # 704  "tig00002271_pilon" chrStart: 197132288
/domus/h1/siqili/gen-ana/result/correct-assembly/pilon.fasta : chr # 705  "tig00002272_pilon" chrStart: 197394432
/domus/h1/siqili/gen-ana/result/correct-assembly/pilon.fasta : chr # 706  "tig00002273_pilon" chrStart: 199229440
/domus/h1/siqili/gen-ana/result/correct-assembly/pilon.fasta : chr # 707  "tig00002274_pilon" chrStart: 199491584
/domus/h1/siqili/gen-ana/result/correct-assembly/pilon.fasta : chr # 708  "tig00002275_pilon" chrStart: 199753728
/domus/h1/siqili/gen-ana/result/correct-assembly/pilon.fasta : chr # 709  "tig00002276_pilon" chrStart: 200015872
/domus/h1/siqili/gen-ana/result/correct-assembly/pilon.fasta : chr # 710  "tig00002277_pilon" chrStart: 200278016
/domus/h1/siqili/gen-ana/result/correct-assembly/pilon.fasta : chr # 711  "tig00002278_pilon" chrStart: 200540160
/domus/h1/siqili/gen-ana/result/correct-assembly/pilon.fasta : chr # 712  "tig00002279_pilon" chrStart: 200802304
/domus/h1/siqili/gen-ana/result/correct-assembly/pilon.fasta : chr # 713  "tig00002280_pilon" chrStart: 201064448
/domus/h1/siqili/gen-ana/result/correct-assembly/pilon.fasta : chr # 714  "tig00002281_pilon" chrStart: 201326592
/domus/h1/siqili/gen-ana/result/correct-assembly/pilon.fasta : chr # 715  "tig00002282_pilon" chrStart: 201588736
/domus/h1/siqili/gen-ana/result/correct-assembly/pilon.fasta : chr # 716  "tig00002283_pilon" chrStart: 202113024
/domus/h1/siqili/gen-ana/result/correct-assembly/pilon.fasta : chr # 717  "tig00002284_pilon" chrStart: 202375168
/domus/h1/siqili/gen-ana/result/correct-assembly/pilon.fasta : chr # 718  "tig00002285_pilon" chrStart: 202637312
/domus/h1/siqili/gen-ana/result/correct-assembly/pilon.fasta : chr # 719  "tig00002286_pilon" chrStart: 202899456
/domus/h1/siqili/gen-ana/result/correct-assembly/pilon.fasta : chr # 720  "tig00002287_pilon" chrStart: 203161600
/domus/h1/siqili/gen-ana/result/correct-assembly/pilon.fasta : chr # 721  "tig00002288_pilon" chrStart: 203423744
/domus/h1/siqili/gen-ana/result/correct-assembly/pilon.fasta : chr # 722  "tig00002289_pilon" chrStart: 203685888
/domus/h1/siqili/gen-ana/result/correct-assembly/pilon.fasta : chr # 723  "tig00002290_pilon" chrStart: 203948032
/domus/h1/siqili/gen-ana/result/correct-assembly/pilon.fasta : chr # 724  "tig00002291_pilon" chrStart: 204472320
/domus/h1/siqili/gen-ana/result/correct-assembly/pilon.fasta : chr # 725  "tig00002292_pilon" chrStart: 204734464
/domus/h1/siqili/gen-ana/result/correct-assembly/pilon.fasta : chr # 726  "tig00002293_pilon" chrStart: 204996608
/domus/h1/siqili/gen-ana/result/correct-assembly/pilon.fasta : chr # 727  "tig00002294_pilon" chrStart: 205258752
/domus/h1/siqili/gen-ana/result/correct-assembly/pilon.fasta : chr # 728  "tig00002295_pilon" chrStart: 205520896
/domus/h1/siqili/gen-ana/result/correct-assembly/pilon.fasta : chr # 729  "tig00002296_pilon" chrStart: 206045184
/domus/h1/siqili/gen-ana/result/correct-assembly/pilon.fasta : chr # 730  "tig00002297_pilon" chrStart: 206307328
/domus/h1/siqili/gen-ana/result/correct-assembly/pilon.fasta : chr # 731  "tig00002298_pilon" chrStart: 206569472
/domus/h1/siqili/gen-ana/result/correct-assembly/pilon.fasta : chr # 732  "tig00002299_pilon" chrStart: 206831616
/domus/h1/siqili/gen-ana/result/correct-assembly/pilon.fasta : chr # 733  "tig00002300_pilon" chrStart: 207093760
/domus/h1/siqili/gen-ana/result/correct-assembly/pilon.fasta : chr # 734  "tig00002301_pilon" chrStart: 207355904
/domus/h1/siqili/gen-ana/result/correct-assembly/pilon.fasta : chr # 735  "tig00002302_pilon" chrStart: 207618048
/domus/h1/siqili/gen-ana/result/correct-assembly/pilon.fasta : chr # 736  "tig00002303_pilon" chrStart: 207880192
/domus/h1/siqili/gen-ana/result/correct-assembly/pilon.fasta : chr # 737  "tig00002304_pilon" chrStart: 208142336
/domus/h1/siqili/gen-ana/result/correct-assembly/pilon.fasta : chr # 738  "tig00002305_pilon" chrStart: 208404480
/domus/h1/siqili/gen-ana/result/correct-assembly/pilon.fasta : chr # 739  "tig00002306_pilon" chrStart: 208666624
/domus/h1/siqili/gen-ana/result/correct-assembly/pilon.fasta : chr # 740  "tig00002307_pilon" chrStart: 208928768
/domus/h1/siqili/gen-ana/result/correct-assembly/pilon.fasta : chr # 741  "tig00002308_pilon" chrStart: 209190912
/domus/h1/siqili/gen-ana/result/correct-assembly/pilon.fasta : chr # 742  "tig00002309_pilon" chrStart: 209453056
/domus/h1/siqili/gen-ana/result/correct-assembly/pilon.fasta : chr # 743  "tig00002310_pilon" chrStart: 209715200
/domus/h1/siqili/gen-ana/result/correct-assembly/pilon.fasta : chr # 744  "tig00002311_pilon" chrStart: 209977344
/domus/h1/siqili/gen-ana/result/correct-assembly/pilon.fasta : chr # 745  "tig00002312_pilon" chrStart: 210239488
/domus/h1/siqili/gen-ana/result/correct-assembly/pilon.fasta : chr # 746  "tig00002313_pilon" chrStart: 210501632
/domus/h1/siqili/gen-ana/result/correct-assembly/pilon.fasta : chr # 747  "tig00002314_pilon" chrStart: 210763776
/domus/h1/siqili/gen-ana/result/correct-assembly/pilon.fasta : chr # 748  "tig00002315_pilon" chrStart: 211025920
/domus/h1/siqili/gen-ana/result/correct-assembly/pilon.fasta : chr # 749  "tig00002316_pilon" chrStart: 211288064
/domus/h1/siqili/gen-ana/result/correct-assembly/pilon.fasta : chr # 750  "tig00002317_pilon" chrStart: 211550208
Estimated genome size=412812352   211812352   201000000
GstrandBit=32
Number of SA indices: 59429278
May 17 22:10:23 ... starting to sort Suffix Array. This may take a long time...
Number of chunks: 8;   chunks size limit: 67919168 bytes
May 17 22:10:24 ... sorting Suffix Array chunks and saving them to disk...
Writing 12549136 bytes into /domus/h1/siqili/gen-ana/result/rna-mapping/index/SA_7 ; empty space on disk = 19877560320000 bytes ... done
Writing 66211504 bytes into /domus/h1/siqili/gen-ana/result/rna-mapping/index/SA_1 ; empty space on disk = 19877633130496 bytes ...Writing 63361256 bytes into /domus/h1/siqili/gen-ana/result/rna-mapping/index/SA_6 ; empty space on disk = 19877633130496 bytes ... done
 done
Writing 67529440 bytes into /domus/h1/siqili/gen-ana/result/rna-mapping/index/SA_2 ; empty space on disk = 19877502976000 bytes ...Writing 67283592 bytes into /domus/h1/siqili/gen-ana/result/rna-mapping/index/SA_3 ; empty space on disk = 19877502976000 bytes ...Writing 65231152 bytes into /domus/h1/siqili/gen-ana/result/rna-mapping/index/SA_0 ; empty space on disk = 19877502976000 bytes ...Writing 66985632 bytes into /domus/h1/siqili/gen-ana/result/rna-mapping/index/SA_5 ; empty space on disk = 19877502976000 bytes ...Writing 66282512 bytes into /domus/h1/siqili/gen-ana/result/rna-mapping/index/SA_4 ; empty space on disk = 19877502976000 bytes ... done
 done
 done
 done
 done
May 17 22:10:34 ... loading chunks from disk, packing SA...
May 17 22:10:35 ... finished generating suffix array
May 17 22:10:35 ... generating Suffix Array index
May 17 22:10:39 ... completed Suffix Array index
May 17 22:10:39 ... writing Genome to disk ...
Writing 211812352 bytes into /domus/h1/siqili/gen-ana/result/rna-mapping/index/Genome ; empty space on disk = 19877616746496 bytes ... done
SA size in bytes: 245145775
May 17 22:10:41 ... writing Suffix Array to disk ...
Writing 245145775 bytes into /domus/h1/siqili/gen-ana/result/rna-mapping/index/SA ; empty space on disk = 19877402247168 bytes ... done
May 17 22:10:44 ... writing SAindex to disk
Writing 8 bytes into /domus/h1/siqili/gen-ana/result/rna-mapping/index/SAindex ; empty space on disk = 19877154258944 bytes ... done
Writing 104 bytes into /domus/h1/siqili/gen-ana/result/rna-mapping/index/SAindex ; empty space on disk = 19877154258944 bytes ... done
Writing 97867091 bytes into /domus/h1/siqili/gen-ana/result/rna-mapping/index/SAindex ; empty space on disk = 19877154258944 bytes ... done
May 17 22:10:45 ..... finished successfully
DONE: Genome generation, EXITING
