May 17 21:30:31 ..... started STAR run
May 17 21:30:31 ... starting to generate Genome files
May 17 21:30:35 ... starting to sort Suffix Array. This may take a long time...
May 17 21:30:35 ... sorting Suffix Array chunks and saving them to disk...
May 17 21:31:21 ... loading chunks from disk, packing SA...
May 17 21:31:22 ... finished generating suffix array
May 17 21:31:22 ... generating Suffix Array index
May 17 21:31:27 ... completed Suffix Array index
May 17 21:31:27 ... writing Genome to disk ...
May 17 21:31:45 ... writing Suffix Array to disk ...
May 17 21:32:06 ... writing SAindex to disk
May 17 21:32:15 ..... finished successfully
May 17 21:32:15 ..... started STAR run
May 17 21:32:15 ..... loading genome
May 17 21:32:16 ..... started mapping
May 17 21:34:18 ..... finished mapping
May 17 21:34:18 ..... started sorting BAM
May 17 21:35:13 ..... finished successfully
May 17 21:35:13 ..... started STAR run
May 17 21:35:14 ..... loading genome
May 17 21:35:14 ..... started mapping
May 17 21:36:20 ..... finished mapping
May 17 21:36:20 ..... started sorting BAM
May 17 21:36:45 ..... finished successfully
May 17 21:36:45 ..... started STAR run
May 17 21:36:46 ..... loading genome
May 17 21:36:46 ..... started mapping
May 17 21:37:49 ..... finished mapping
May 17 21:37:50 ..... started sorting BAM
May 17 21:39:19 ..... finished successfully
May 17 21:39:19 ..... started STAR run
May 17 21:39:19 ..... loading genome
May 17 21:39:20 ..... started mapping
May 17 21:39:45 ..... finished mapping
May 17 21:39:45 ..... started sorting BAM
May 17 21:40:39 ..... finished successfully
May 17 21:40:39 ..... started STAR run
May 17 21:40:39 ..... loading genome
May 17 21:40:40 ..... started mapping
May 17 21:43:53 ..... finished mapping
May 17 21:43:53 ..... started sorting BAM
May 17 21:46:18 ..... finished successfully
May 17 21:46:19 ..... started STAR run
May 17 21:46:20 ..... loading genome
May 17 21:46:20 ..... started mapping
May 17 21:57:50 ..... finished mapping
May 17 21:57:52 ..... started sorting BAM

EXITING because of fatal ERROR: not enough memory for BAM sorting: 
SOLUTION: re-run STAR with at least --limitBAMsortRAM 2295432027
May 17 21:57:52 ...... FATAL ERROR, exiting
May 17 21:57:54 ..... started STAR run
May 17 21:57:54 ..... loading genome
May 17 21:57:55 ..... started mapping
May 17 21:59:11 ..... finished mapping
May 17 21:59:14 ..... started sorting BAM
May 17 22:00:36 ..... finished successfully
May 17 22:00:37 ..... started STAR run
May 17 22:00:37 ..... loading genome
May 17 22:00:38 ..... started mapping
May 17 22:02:54 ..... finished mapping
May 17 22:02:56 ..... started sorting BAM
May 17 22:04:18 ..... finished successfully
