May 11 23:07:19 ..... started STAR run
May 11 23:07:19 ... starting to generate Genome files

Genome_genomeGenerate.cpp:217:genomeGenerate: exiting because of *OUTPUT FILE* error: could not create output file /domus/h1/siqili/gen-ana/result/rna-mapping/index/chrName.txt
SOLUTION: check that the path exists and you have write permission for this file. Also check ulimit -n and increase it to allow more open files.

May 11 23:07:20 ...... FATAL ERROR, exiting

EXITING: FATAL INPUT ERROR: unrecognized parameter name "--outSAMtype" in input "Command-Line-Initial"
SOLUTION: use correct parameter name (check the manual)

May 11 23:07:20 ...... FATAL ERROR, exiting

EXITING: FATAL INPUT ERROR: unrecognized parameter name "--outSAMtype" in input "Command-Line-Initial"
SOLUTION: use correct parameter name (check the manual)

May 11 23:07:20 ...... FATAL ERROR, exiting

EXITING: FATAL INPUT ERROR: unrecognized parameter name "--outSAMtype" in input "Command-Line-Initial"
SOLUTION: use correct parameter name (check the manual)

May 11 23:07:20 ...... FATAL ERROR, exiting

EXITING: FATAL INPUT ERROR: unrecognized parameter name "--outSAMtype" in input "Command-Line-Initial"
SOLUTION: use correct parameter name (check the manual)

May 11 23:07:20 ...... FATAL ERROR, exiting

EXITING: FATAL INPUT ERROR: unrecognized parameter name "--outSAMtype" in input "Command-Line-Initial"
SOLUTION: use correct parameter name (check the manual)

May 11 23:07:20 ...... FATAL ERROR, exiting

EXITING: FATAL INPUT ERROR: unrecognized parameter name "--outSAMtype" in input "Command-Line-Initial"
SOLUTION: use correct parameter name (check the manual)

May 11 23:07:20 ...... FATAL ERROR, exiting

EXITING: FATAL INPUT ERROR: unrecognized parameter name "--outSAMtype" in input "Command-Line-Initial"
SOLUTION: use correct parameter name (check the manual)

May 11 23:07:20 ...... FATAL ERROR, exiting

EXITING: FATAL INPUT ERROR: unrecognized parameter name "--outSAMtype" in input "Command-Line-Initial"
SOLUTION: use correct parameter name (check the manual)

May 11 23:07:20 ...... FATAL ERROR, exiting
