augustus/3.4.0 : If you see errors about not being able to write to an augustus directory, see 'module help augustus/3.4.0'
blast/2.2.31+ : the old-format NCBI blast databases are no longer updated after September 2019, use blast/2.9.0+ to search the latest NCBI databases
GeneMark/4.62-es : A recent key file is needed to use this software and it must exist in your home directory. See 'module help GeneMark/4.62-es'
GeneMark/4.62-es : A recent key file is needed to use this software and it must exist in your home directory. See 'module help GeneMark/4.62-es'
diamond/0.9.31 : for available prebuilt databases, see 'module help diamond/0.9.31'
braker/2.1.5-20210115-e98b812 : GeneMark and augustus may require some setup; see 'module help braker/2.1.5-20210115-e98b812'
Copying Augustus config directory to current directory...adjusting permissions...updating AUGUSTUS_CONFIG_PATH...done
export AUGUSTUS_CONFIG_PATH=/domus/h1/siqili/gen-ana/result/genome-annotation/augustus_config
‘/sw/bioinfo/GeneMark/4.33-es/snowy/gm_key’ -> ‘/home/siqili/.gm_key’
#**********************************************************************************
#                               BRAKER CONFIGURATION                               
#**********************************************************************************
# BRAKER CALL: /sw/bioinfo/braker/2.1.5-20210115-e98b812/snowy/scripts/braker.pl --species=durian --genome=/domus/h1/siqili/gen-ana/result/correct-assembly/pilon.fasta --bam=/domus/h1/siqili/gen-ana/result/rna-mapping//SRR6040092Aligned.sortedByCoord.out.bam,/domus/h1/siqili/gen-ana/result/rna-mapping//SRR6040093Aligned.sortedByCoord.out.bam,/domus/h1/siqili/gen-ana/result/rna-mapping//SRR6040094Aligned.sortedByCoord.out.bam,/domus/h1/siqili/gen-ana/result/rna-mapping//SRR6040096Aligned.sortedByCoord.out.bam,/domus/h1/siqili/gen-ana/result/rna-mapping//SRR6040097Aligned.sortedByCoord.out.bam,/domus/h1/siqili/gen-ana/result/rna-mapping//SRR6156066Aligned.sortedByCoord.out.bam,/domus/h1/siqili/gen-ana/result/rna-mapping//SRR6156067Aligned.sortedByCoord.out.bam,/domus/h1/siqili/gen-ana/result/rna-mapping//SRR6156069Aligned.sortedByCoord.out.bam --AUGUSTUS_BIN_PATH=/sw/bioinfo/augustus/3.4.0/snowy/bin --AUGUSTUS_SCRIPTS_PATH=/sw/bioinfo/augustus/3.4.0/snowy/scripts --GENEMARK_PATH=/sw/bioinfo/GeneMark/4.33-es/snowy
# Mon May 17 19:26:57 2021: braker.pl version 2.1.5
# Mon May 17 19:26:57 2021: Configuring of BRAKER for using external tools...
# Mon May 17 19:26:57 2021: Found environment variable $AUGUSTUS_CONFIG_PATH. Setting $AUGUSTUS_CONFIG_PATH to /domus/h1/siqili/gen-ana/result/genome-annotation/augustus_config
# Mon May 17 19:26:57 2021: Setting $AUGUSTUS_BIN_PATH to command line argument --AUGUSTUS_BIN_PATH value /sw/bioinfo/augustus/3.4.0/snowy/bin.
# Mon May 17 19:26:57 2021: Setting $AUGUSTUS_SCRIPTS_PATH to command line argument --AUGUSTUS_SCRIPTS_PATH value /sw/bioinfo/augustus/3.4.0/snowy/scripts.
# Mon May 17 19:26:57 2021: Did not find environment variable $PYTHON3_PATH
# Mon May 17 19:26:57 2021: Trying to guess $PYTHON3_PATH from location of python3 executable that is available in your $PATH
# Mon May 17 19:26:57 2021: Setting $PYTHON3_PATH to /sw/comp/python/3.7.2_snowy/bin
# Mon May 17 19:26:57 2021: Setting $GENEMARK_PATH to command line argument --GENEMARK_PATH value /sw/bioinfo/GeneMark/4.33-es/snowy.
# Mon May 17 19:26:57 2021: Did not find environment variable $BAMTOOLS_PATH (either variable does not exist, or the path given in variable does not exist). Will try to set this variable in a different way, later.
# Mon May 17 19:26:57 2021: Trying to guess $BAMTOOLS_BIN_PATH from location of bamtools executable that is available in your $PATH
# Mon May 17 19:26:57 2021: Setting $BAMTOOLS_BIN_PATH to /sw/bioinfo/bamtools/2.5.1/snowy/bin
# Mon May 17 19:26:57 2021: Did not find environment variable $SAMTOOLS_PATH  (either variable does not exist, or the path given in variable doesnot exist). Will try to set this variable in a different way, later.
# Mon May 17 19:26:57 2021: Trying to guess $SAMTOOLS_PATH from location of samtools executable in your $PATH
# Mon May 17 19:26:57 2021: Setting $SAMTOOLS_PATH to /sw/bioinfo/samtools/1.8/snowy/bin
# Mon May 17 19:26:57 2021: Did not find environment variable $DIAMOND_PATH
# Mon May 17 19:26:57 2021: Trying to guess $DIAMOND_PATH from location of diamond executable that is available in your $PATH
# Mon May 17 19:26:57 2021: Setting $DIAMOND_PATH to /sw/bioinfo/diamond/0.9.31/snowy/bin
# Mon May 17 19:26:57 2021: Did not find environment variable $CDBTOOLS_PATH
# Mon May 17 19:26:57 2021: Trying to guess $CDBTOOLS_PATH from location of cdbfasta executable that is available in your $PATH
# Mon May 17 19:26:57 2021: Setting $CDBTOOLS_PATH to /sw/bioinfo/cdbfasta/1.00/snowy/bin
# Mon May 17 19:26:57 2021: ERROR: in file /sw/bioinfo/braker/2.1.5-20210115-e98b812/snowy/scripts/braker.pl at line 4580
/domus/h1/siqili/gen-ana/result/genome-annotation/augustus_config/species/durian already exists. Choose another species name, delete this directory or use the existing species with the option --useexisting. Be aware that existing parameters will then be overwritten during training.
