[bwa_index] Pack FASTA... 0.28 sec
[bwa_index] Construct BWT for the packed sequence...
[bwa_index] 20.57 seconds elapse.
[bwa_index] Update BWT... 0.21 sec
[bwa_index] Pack forward-only FASTA... 0.16 sec
[bwa_index] Construct SA from BWT and Occ... 9.27 sec
[main] Version: 0.7.17-r1188
[main] CMD: bwa index -a is /domus/h1/siqili/gen-ana/result/canu_genome_assembly/pacbio.contigs.fasta
[main] Real time: 31.342 sec; CPU: 30.504 sec
[M::bwa_idx_load_from_disk] read 0 ALT contigs
[M::process] read 135068 sequences (20000063 bp)...
[M::process] read 135112 sequences (20000147 bp)...
[M::mem_pestat] # candidate unique pairs for (FF, FR, RF, RR): (3, 32531, 13, 2)
[M::mem_pestat] skip orientation FF as there are not enough pairs
[M::mem_pestat] analyzing insert size distribution for orientation FR...
[M::mem_pestat] (25, 50, 75) percentile: (222, 271, 323)
[M::mem_pestat] low and high boundaries for computing mean and std.dev: (20, 525)
[M::mem_pestat] mean and std.dev: (274.13, 76.87)
[M::mem_pestat] low and high boundaries for proper pairs: (1, 626)
[M::mem_pestat] analyzing insert size distribution for orientation RF...
[M::mem_pestat] (25, 50, 75) percentile: (1767, 3450, 6967)
[M::mem_pestat] low and high boundaries for computing mean and std.dev: (1, 17367)
[M::mem_pestat] mean and std.dev: (3932.92, 2493.70)
[M::mem_pestat] low and high boundaries for proper pairs: (1, 22567)
[M::mem_pestat] skip orientation RR as there are not enough pairs
[M::mem_pestat] skip orientation RF
[M::mem_process_seqs] Processed 135068 reads in 109.696 CPU sec, 55.087 real sec
[M::process] read 135032 sequences (20000148 bp)...
[M::mem_pestat] # candidate unique pairs for (FF, FR, RF, RR): (1, 32592, 17, 0)
[M::mem_pestat] skip orientation FF as there are not enough pairs
[M::mem_pestat] analyzing insert size distribution for orientation FR...
[M::mem_pestat] (25, 50, 75) percentile: (221, 272, 325)
[M::mem_pestat] low and high boundaries for computing mean and std.dev: (13, 533)
[M::mem_pestat] mean and std.dev: (275.25, 77.53)
[M::mem_pestat] low and high boundaries for proper pairs: (1, 637)
[M::mem_pestat] analyzing insert size distribution for orientation RF...
[M::mem_pestat] (25, 50, 75) percentile: (576, 1704, 5798)
[M::mem_pestat] low and high boundaries for computing mean and std.dev: (1, 16242)
[M::mem_pestat] mean and std.dev: (2748.59, 2619.63)
[M::mem_pestat] low and high boundaries for proper pairs: (1, 21464)
[M::mem_pestat] skip orientation RR as there are not enough pairs
[M::mem_pestat] skip orientation RF
[M::mem_process_seqs] Processed 135112 reads in 108.160 CPU sec, 54.214 real sec
[M::process] read 134974 sequences (20000206 bp)...
[M::mem_pestat] # candidate unique pairs for (FF, FR, RF, RR): (4, 32785, 10, 2)
[M::mem_pestat] skip orientation FF as there are not enough pairs
[M::mem_pestat] analyzing insert size distribution for orientation FR...
[M::mem_pestat] (25, 50, 75) percentile: (222, 271, 325)
[M::mem_pestat] low and high boundaries for computing mean and std.dev: (16, 531)
[M::mem_pestat] mean and std.dev: (274.79, 77.08)
[M::mem_pestat] low and high boundaries for proper pairs: (1, 634)
[M::mem_pestat] analyzing insert size distribution for orientation RF...
[M::mem_pestat] (25, 50, 75) percentile: (392, 1889, 5919)
[M::mem_pestat] low and high boundaries for computing mean and std.dev: (1, 16973)
[M::mem_pestat] mean and std.dev: (3212.50, 3532.41)
[M::mem_pestat] low and high boundaries for proper pairs: (1, 22500)
[M::mem_pestat] skip orientation RR as there are not enough pairs
[M::mem_pestat] skip orientation RF
[M::mem_process_seqs] Processed 135032 reads in 108.786 CPU sec, 54.518 real sec
[M::process] read 135022 sequences (20000095 bp)...
[M::mem_pestat] # candidate unique pairs for (FF, FR, RF, RR): (0, 32529, 12, 2)
[M::mem_pestat] skip orientation FF as there are not enough pairs
[M::mem_pestat] analyzing insert size distribution for orientation FR...
[M::mem_pestat] (25, 50, 75) percentile: (222, 271, 324)
[M::mem_pestat] low and high boundaries for computing mean and std.dev: (18, 528)
[M::mem_pestat] mean and std.dev: (274.99, 77.08)
[M::mem_pestat] low and high boundaries for proper pairs: (1, 630)
[M::mem_pestat] analyzing insert size distribution for orientation RF...
[M::mem_pestat] (25, 50, 75) percentile: (227, 2558, 6446)
[M::mem_pestat] low and high boundaries for computing mean and std.dev: (1, 18884)
[M::mem_pestat] mean and std.dev: (2836.00, 2706.80)
[M::mem_pestat] low and high boundaries for proper pairs: (1, 25103)
[M::mem_pestat] skip orientation RR as there are not enough pairs
[M::mem_pestat] skip orientation RF
[M::mem_process_seqs] Processed 134974 reads in 107.994 CPU sec, 54.119 real sec
[M::process] read 135026 sequences (20000001 bp)...
[M::mem_pestat] # candidate unique pairs for (FF, FR, RF, RR): (4, 32406, 13, 2)
[M::mem_pestat] skip orientation FF as there are not enough pairs
[M::mem_pestat] analyzing insert size distribution for orientation FR...
[M::mem_pestat] (25, 50, 75) percentile: (222, 271, 323)
[M::mem_pestat] low and high boundaries for computing mean and std.dev: (20, 525)
[M::mem_pestat] mean and std.dev: (274.54, 76.66)
[M::mem_pestat] low and high boundaries for proper pairs: (1, 626)
[M::mem_pestat] analyzing insert size distribution for orientation RF...
[M::mem_pestat] (25, 50, 75) percentile: (2174, 3022, 8797)
[M::mem_pestat] low and high boundaries for computing mean and std.dev: (1, 22043)
[M::mem_pestat] mean and std.dev: (4494.62, 3528.64)
[M::mem_pestat] low and high boundaries for proper pairs: (1, 28666)
[M::mem_pestat] skip orientation RR as there are not enough pairs
[M::mem_pestat] skip orientation RF
[M::mem_process_seqs] Processed 135022 reads in 100.839 CPU sec, 62.269 real sec
[M::process] read 134986 sequences (20000128 bp)...
[M::mem_pestat] # candidate unique pairs for (FF, FR, RF, RR): (3, 32829, 8, 2)
[M::mem_pestat] skip orientation FF as there are not enough pairs
[M::mem_pestat] analyzing insert size distribution for orientation FR...
[M::mem_pestat] (25, 50, 75) percentile: (221, 270, 323)
[M::mem_pestat] low and high boundaries for computing mean and std.dev: (17, 527)
[M::mem_pestat] mean and std.dev: (274.30, 77.35)
[M::mem_pestat] low and high boundaries for proper pairs: (1, 629)
[M::mem_pestat] skip orientation RF as there are not enough pairs
[M::mem_pestat] skip orientation RR as there are not enough pairs
[M::mem_process_seqs] Processed 135026 reads in 95.448 CPU sec, 75.708 real sec
[M::process] read 135028 sequences (20000222 bp)...
[M::mem_pestat] # candidate unique pairs for (FF, FR, RF, RR): (1, 32672, 15, 4)
[M::mem_pestat] skip orientation FF as there are not enough pairs
[M::mem_pestat] analyzing insert size distribution for orientation FR...
[M::mem_pestat] (25, 50, 75) percentile: (223, 271, 324)
[M::mem_pestat] low and high boundaries for computing mean and std.dev: (21, 526)
[M::mem_pestat] mean and std.dev: (274.87, 76.48)
[M::mem_pestat] low and high boundaries for proper pairs: (1, 627)
[M::mem_pestat] analyzing insert size distribution for orientation RF...
[M::mem_pestat] (25, 50, 75) percentile: (1913, 3003, 7301)
[M::mem_pestat] low and high boundaries for computing mean and std.dev: (1, 18077)
[M::mem_pestat] mean and std.dev: (4019.07, 3192.01)
[M::mem_pestat] low and high boundaries for proper pairs: (1, 23465)
[M::mem_pestat] skip orientation RR as there are not enough pairs
[M::mem_pestat] skip orientation RF
[M::mem_process_seqs] Processed 134986 reads in 101.952 CPU sec, 51.501 real sec
[M::process] read 135048 sequences (20000129 bp)...
[M::mem_pestat] # candidate unique pairs for (FF, FR, RF, RR): (3, 32741, 10, 2)
[M::mem_pestat] skip orientation FF as there are not enough pairs
[M::mem_pestat] analyzing insert size distribution for orientation FR...
[M::mem_pestat] (25, 50, 75) percentile: (221, 271, 324)
[M::mem_pestat] low and high boundaries for computing mean and std.dev: (15, 530)
[M::mem_pestat] mean and std.dev: (274.73, 77.70)
[M::mem_pestat] low and high boundaries for proper pairs: (1, 633)
[M::mem_pestat] analyzing insert size distribution for orientation RF...
[M::mem_pestat] (25, 50, 75) percentile: (1604, 2578, 3045)
[M::mem_pestat] low and high boundaries for computing mean and std.dev: (1, 5927)
[M::mem_pestat] mean and std.dev: (2166.11, 1141.04)
[M::mem_pestat] low and high boundaries for proper pairs: (1, 7368)
[M::mem_pestat] skip orientation RR as there are not enough pairs
[M::mem_pestat] skip orientation RF
[M::mem_process_seqs] Processed 135028 reads in 98.658 CPU sec, 55.007 real sec
[M::process] read 135014 sequences (20000150 bp)...
[M::mem_pestat] # candidate unique pairs for (FF, FR, RF, RR): (1, 32637, 13, 2)
[M::mem_pestat] skip orientation FF as there are not enough pairs
[M::mem_pestat] analyzing insert size distribution for orientation FR...
[M::mem_pestat] (25, 50, 75) percentile: (222, 270, 324)
[M::mem_pestat] low and high boundaries for computing mean and std.dev: (18, 528)
[M::mem_pestat] mean and std.dev: (275.06, 76.59)
[M::mem_pestat] low and high boundaries for proper pairs: (1, 630)
[M::mem_pestat] analyzing insert size distribution for orientation RF...
[M::mem_pestat] (25, 50, 75) percentile: (1582, 4060, 5828)
[M::mem_pestat] low and high boundaries for computing mean and std.dev: (1, 14320)
[M::mem_pestat] mean and std.dev: (3746.62, 2577.94)
[M::mem_pestat] low and high boundaries for proper pairs: (1, 18566)
[M::mem_pestat] skip orientation RR as there are not enough pairs
[M::mem_pestat] skip orientation RF
[M::mem_process_seqs] Processed 135048 reads in 99.351 CPU sec, 49.844 real sec
[M::process] read 135058 sequences (20000008 bp)...
[M::mem_pestat] # candidate unique pairs for (FF, FR, RF, RR): (6, 32541, 5, 1)
[M::mem_pestat] skip orientation FF as there are not enough pairs
[M::mem_pestat] analyzing insert size distribution for orientation FR...
[M::mem_pestat] (25, 50, 75) percentile: (222, 270, 324)
[M::mem_pestat] low and high boundaries for computing mean and std.dev: (18, 528)
[M::mem_pestat] mean and std.dev: (274.59, 77.37)
[M::mem_pestat] low and high boundaries for proper pairs: (1, 630)
[M::mem_pestat] skip orientation RF as there are not enough pairs
[M::mem_pestat] skip orientation RR as there are not enough pairs
[M::mem_process_seqs] Processed 135014 reads in 98.130 CPU sec, 55.932 real sec
[M::process] read 135138 sequences (20000106 bp)...
[M::mem_pestat] # candidate unique pairs for (FF, FR, RF, RR): (4, 32694, 12, 2)
[M::mem_pestat] skip orientation FF as there are not enough pairs
[M::mem_pestat] analyzing insert size distribution for orientation FR...
[M::mem_pestat] (25, 50, 75) percentile: (223, 271, 323)
[M::mem_pestat] low and high boundaries for computing mean and std.dev: (23, 523)
[M::mem_pestat] mean and std.dev: (274.29, 76.56)
[M::mem_pestat] low and high boundaries for proper pairs: (1, 623)
[M::mem_pestat] analyzing insert size distribution for orientation RF...
[M::mem_pestat] (25, 50, 75) percentile: (762, 4943, 7370)
[M::mem_pestat] low and high boundaries for computing mean and std.dev: (1, 20586)
[M::mem_pestat] mean and std.dev: (4416.33, 3151.40)
[M::mem_pestat] low and high boundaries for proper pairs: (1, 27194)
[M::mem_pestat] skip orientation RR as there are not enough pairs
[M::mem_pestat] skip orientation RF
[M::mem_process_seqs] Processed 135058 reads in 99.760 CPU sec, 49.992 real sec
[M::process] read 135056 sequences (20000106 bp)...
[M::mem_pestat] # candidate unique pairs for (FF, FR, RF, RR): (1, 32471, 11, 0)
[M::mem_pestat] skip orientation FF as there are not enough pairs
[M::mem_pestat] analyzing insert size distribution for orientation FR...
[M::mem_pestat] (25, 50, 75) percentile: (222, 271, 324)
[M::mem_pestat] low and high boundaries for computing mean and std.dev: (18, 528)
[M::mem_pestat] mean and std.dev: (274.82, 77.30)
[M::mem_pestat] low and high boundaries for proper pairs: (1, 630)
[M::mem_pestat] analyzing insert size distribution for orientation RF...
[M::mem_pestat] (25, 50, 75) percentile: (1504, 2390, 7506)
[M::mem_pestat] low and high boundaries for computing mean and std.dev: (1, 19510)
[M::mem_pestat] mean and std.dev: (3957.82, 3348.36)
[M::mem_pestat] low and high boundaries for proper pairs: (1, 25512)
[M::mem_pestat] skip orientation RR as there are not enough pairs
[M::mem_pestat] skip orientation RF
[M::mem_process_seqs] Processed 135138 reads in 99.136 CPU sec, 49.706 real sec
[M::process] read 135122 sequences (20000292 bp)...
[M::mem_pestat] # candidate unique pairs for (FF, FR, RF, RR): (2, 32597, 8, 2)
[M::mem_pestat] skip orientation FF as there are not enough pairs
[M::mem_pestat] analyzing insert size distribution for orientation FR...
[M::mem_pestat] (25, 50, 75) percentile: (223, 272, 324)
[M::mem_pestat] low and high boundaries for computing mean and std.dev: (21, 526)
[M::mem_pestat] mean and std.dev: (275.01, 76.77)
[M::mem_pestat] low and high boundaries for proper pairs: (1, 627)
[M::mem_pestat] skip orientation RF as there are not enough pairs
[M::mem_pestat] skip orientation RR as there are not enough pairs
[M::mem_process_seqs] Processed 135056 reads in 100.528 CPU sec, 52.822 real sec
[M::process] read 135110 sequences (20000123 bp)...
[M::mem_pestat] # candidate unique pairs for (FF, FR, RF, RR): (1, 32793, 14, 4)
[M::mem_pestat] skip orientation FF as there are not enough pairs
[M::mem_pestat] analyzing insert size distribution for orientation FR...
[M::mem_pestat] (25, 50, 75) percentile: (223, 270, 324)
[M::mem_pestat] low and high boundaries for computing mean and std.dev: (21, 526)
[M::mem_pestat] mean and std.dev: (274.75, 76.50)
[M::mem_pestat] low and high boundaries for proper pairs: (1, 627)
[M::mem_pestat] analyzing insert size distribution for orientation RF...
[M::mem_pestat] (25, 50, 75) percentile: (38, 4395, 6650)
[M::mem_pestat] low and high boundaries for computing mean and std.dev: (1, 19874)
[M::mem_pestat] mean and std.dev: (3833.07, 3046.67)
[M::mem_pestat] low and high boundaries for proper pairs: (1, 26486)
[M::mem_pestat] skip orientation RR as there are not enough pairs
[M::mem_pestat] skip orientation RF
[M::mem_process_seqs] Processed 135122 reads in 101.372 CPU sec, 50.892 real sec
[M::process] read 135194 sequences (20000129 bp)...
[M::mem_pestat] # candidate unique pairs for (FF, FR, RF, RR): (5, 32648, 13, 2)
[M::mem_pestat] skip orientation FF as there are not enough pairs
[M::mem_pestat] analyzing insert size distribution for orientation FR...
[M::mem_pestat] (25, 50, 75) percentile: (223, 271, 323)
[M::mem_pestat] low and high boundaries for computing mean and std.dev: (23, 523)
[M::mem_pestat] mean and std.dev: (274.47, 76.67)
[M::mem_pestat] low and high boundaries for proper pairs: (1, 623)
[M::mem_pestat] analyzing insert size distribution for orientation RF...
[M::mem_pestat] (25, 50, 75) percentile: (4811, 7048, 7596)
[M::mem_pestat] low and high boundaries for computing mean and std.dev: (1, 13166)
[M::mem_pestat] mean and std.dev: (5717.62, 2618.71)
[M::mem_pestat] low and high boundaries for proper pairs: (1, 16192)
[M::mem_pestat] skip orientation RR as there are not enough pairs
[M::mem_pestat] skip orientation RF
[M::mem_process_seqs] Processed 135110 reads in 99.417 CPU sec, 49.830 real sec
[M::process] read 135096 sequences (20000047 bp)...
[M::mem_pestat] # candidate unique pairs for (FF, FR, RF, RR): (1, 32455, 11, 5)
[M::mem_pestat] skip orientation FF as there are not enough pairs
[M::mem_pestat] analyzing insert size distribution for orientation FR...
[M::mem_pestat] (25, 50, 75) percentile: (222, 271, 323)
[M::mem_pestat] low and high boundaries for computing mean and std.dev: (20, 525)
[M::mem_pestat] mean and std.dev: (274.19, 76.30)
[M::mem_pestat] low and high boundaries for proper pairs: (1, 626)
[M::mem_pestat] analyzing insert size distribution for orientation RF...
[M::mem_pestat] (25, 50, 75) percentile: (1715, 3185, 7130)
[M::mem_pestat] low and high boundaries for computing mean and std.dev: (1, 17960)
[M::mem_pestat] mean and std.dev: (4133.64, 2897.85)
[M::mem_pestat] low and high boundaries for proper pairs: (1, 23375)
[M::mem_pestat] skip orientation RR as there are not enough pairs
[M::mem_pestat] skip orientation RF
[M::mem_process_seqs] Processed 135194 reads in 99.383 CPU sec, 49.803 real sec
[M::process] read 135014 sequences (20000028 bp)...
[M::mem_pestat] # candidate unique pairs for (FF, FR, RF, RR): (3, 32576, 15, 3)
[M::mem_pestat] skip orientation FF as there are not enough pairs
[M::mem_pestat] analyzing insert size distribution for orientation FR...
[M::mem_pestat] (25, 50, 75) percentile: (222, 270, 323)
[M::mem_pestat] low and high boundaries for computing mean and std.dev: (20, 525)
[M::mem_pestat] mean and std.dev: (274.07, 76.75)
[M::mem_pestat] low and high boundaries for proper pairs: (1, 626)
[M::mem_pestat] analyzing insert size distribution for orientation RF...
[M::mem_pestat] (25, 50, 75) percentile: (2772, 4609, 6039)
[M::mem_pestat] low and high boundaries for computing mean and std.dev: (1, 12573)
[M::mem_pestat] mean and std.dev: (4218.40, 2942.26)
[M::mem_pestat] low and high boundaries for proper pairs: (1, 15987)
[M::mem_pestat] skip orientation RR as there are not enough pairs
[M::mem_pestat] skip orientation RF
[M::mem_process_seqs] Processed 135096 reads in 97.543 CPU sec, 55.270 real sec
[M::process] read 135136 sequences (20000171 bp)...
[M::mem_pestat] # candidate unique pairs for (FF, FR, RF, RR): (2, 32446, 11, 1)
[M::mem_pestat] skip orientation FF as there are not enough pairs
[M::mem_pestat] analyzing insert size distribution for orientation FR...
[M::mem_pestat] (25, 50, 75) percentile: (223, 272, 325)
[M::mem_pestat] low and high boundaries for computing mean and std.dev: (19, 529)
[M::mem_pestat] mean and std.dev: (275.78, 77.41)
[M::mem_pestat] low and high boundaries for proper pairs: (1, 631)
[M::mem_pestat] analyzing insert size distribution for orientation RF...
[M::mem_pestat] (25, 50, 75) percentile: (945, 4875, 7872)
[M::mem_pestat] low and high boundaries for computing mean and std.dev: (1, 21726)
[M::mem_pestat] mean and std.dev: (4531.91, 3371.43)
[M::mem_pestat] low and high boundaries for proper pairs: (1, 28653)
[M::mem_pestat] skip orientation RR as there are not enough pairs
[M::mem_pestat] skip orientation RF
[M::mem_process_seqs] Processed 135014 reads in 100.034 CPU sec, 50.207 real sec
[M::process] read 135012 sequences (20000047 bp)...
[M::mem_pestat] # candidate unique pairs for (FF, FR, RF, RR): (2, 32506, 11, 2)
[M::mem_pestat] skip orientation FF as there are not enough pairs
[M::mem_pestat] analyzing insert size distribution for orientation FR...
[M::mem_pestat] (25, 50, 75) percentile: (223, 272, 324)
[M::mem_pestat] low and high boundaries for computing mean and std.dev: (21, 526)
[M::mem_pestat] mean and std.dev: (275.53, 76.71)
[M::mem_pestat] low and high boundaries for proper pairs: (1, 627)
[M::mem_pestat] analyzing insert size distribution for orientation RF...
[M::mem_pestat] (25, 50, 75) percentile: (2556, 3206, 5877)
[M::mem_pestat] low and high boundaries for computing mean and std.dev: (1, 12519)
[M::mem_pestat] mean and std.dev: (3772.55, 2954.73)
[M::mem_pestat] low and high boundaries for proper pairs: (1, 15840)
[M::mem_pestat] skip orientation RR as there are not enough pairs
[M::mem_pestat] skip orientation RF
[M::mem_process_seqs] Processed 135136 reads in 102.589 CPU sec, 51.408 real sec
[M::process] read 135144 sequences (20000239 bp)...
[M::mem_pestat] # candidate unique pairs for (FF, FR, RF, RR): (5, 32320, 7, 4)
[M::mem_pestat] skip orientation FF as there are not enough pairs
[M::mem_pestat] analyzing insert size distribution for orientation FR...
[M::mem_pestat] (25, 50, 75) percentile: (223, 272, 323)
[M::mem_pestat] low and high boundaries for computing mean and std.dev: (23, 523)
[M::mem_pestat] mean and std.dev: (274.95, 76.42)
[M::mem_pestat] low and high boundaries for proper pairs: (1, 623)
[M::mem_pestat] skip orientation RF as there are not enough pairs
[M::mem_pestat] skip orientation RR as there are not enough pairs
[M::mem_process_seqs] Processed 135012 reads in 107.332 CPU sec, 53.841 real sec
[M::process] read 135022 sequences (20000029 bp)...
[M::mem_pestat] # candidate unique pairs for (FF, FR, RF, RR): (5, 32607, 18, 1)
[M::mem_pestat] skip orientation FF as there are not enough pairs
[M::mem_pestat] analyzing insert size distribution for orientation FR...
[M::mem_pestat] (25, 50, 75) percentile: (223, 271, 324)
[M::mem_pestat] low and high boundaries for computing mean and std.dev: (21, 526)
[M::mem_pestat] mean and std.dev: (275.18, 76.50)
[M::mem_pestat] low and high boundaries for proper pairs: (1, 627)
[M::mem_pestat] analyzing insert size distribution for orientation RF...
[M::mem_pestat] (25, 50, 75) percentile: (381, 1737, 2511)
[M::mem_pestat] low and high boundaries for computing mean and std.dev: (1, 6771)
[M::mem_pestat] mean and std.dev: (1218.13, 1251.23)
[M::mem_pestat] low and high boundaries for proper pairs: (1, 8901)
[M::mem_pestat] skip orientation RR as there are not enough pairs
[M::mem_pestat] skip orientation RF
[M::mem_process_seqs] Processed 135144 reads in 111.497 CPU sec, 55.968 real sec
[M::process] read 135044 sequences (20000162 bp)...
[M::mem_pestat] # candidate unique pairs for (FF, FR, RF, RR): (0, 32729, 7, 1)
[M::mem_pestat] skip orientation FF as there are not enough pairs
[M::mem_pestat] analyzing insert size distribution for orientation FR...
[M::mem_pestat] (25, 50, 75) percentile: (222, 271, 324)
[M::mem_pestat] low and high boundaries for computing mean and std.dev: (18, 528)
[M::mem_pestat] mean and std.dev: (274.95, 76.60)
[M::mem_pestat] low and high boundaries for proper pairs: (1, 630)
[M::mem_pestat] skip orientation RF as there are not enough pairs
[M::mem_pestat] skip orientation RR as there are not enough pairs
[M::mem_process_seqs] Processed 135022 reads in 111.937 CPU sec, 56.312 real sec
[M::process] read 134978 sequences (20000285 bp)...
[M::mem_pestat] # candidate unique pairs for (FF, FR, RF, RR): (2, 32882, 11, 1)
[M::mem_pestat] skip orientation FF as there are not enough pairs
[M::mem_pestat] analyzing insert size distribution for orientation FR...
[M::mem_pestat] (25, 50, 75) percentile: (223, 271, 324)
[M::mem_pestat] low and high boundaries for computing mean and std.dev: (21, 526)
[M::mem_pestat] mean and std.dev: (274.57, 76.90)
[M::mem_pestat] low and high boundaries for proper pairs: (1, 627)
[M::mem_pestat] analyzing insert size distribution for orientation RF...
[M::mem_pestat] (25, 50, 75) percentile: (291, 6051, 7298)
[M::mem_pestat] low and high boundaries for computing mean and std.dev: (1, 21312)
[M::mem_pestat] mean and std.dev: (4074.36, 3559.98)
[M::mem_pestat] low and high boundaries for proper pairs: (1, 28319)
[M::mem_pestat] skip orientation RR as there are not enough pairs
[M::mem_pestat] skip orientation RF
[M::mem_process_seqs] Processed 135044 reads in 109.826 CPU sec, 55.071 real sec
[M::process] read 135088 sequences (20000007 bp)...
[M::mem_pestat] # candidate unique pairs for (FF, FR, RF, RR): (1, 32570, 24, 5)
[M::mem_pestat] skip orientation FF as there are not enough pairs
[M::mem_pestat] analyzing insert size distribution for orientation FR...
[M::mem_pestat] (25, 50, 75) percentile: (222, 271, 324)
[M::mem_pestat] low and high boundaries for computing mean and std.dev: (18, 528)
[M::mem_pestat] mean and std.dev: (274.93, 76.86)
[M::mem_pestat] low and high boundaries for proper pairs: (1, 630)
[M::mem_pestat] analyzing insert size distribution for orientation RF...
[M::mem_pestat] (25, 50, 75) percentile: (1995, 3442, 8087)
[M::mem_pestat] low and high boundaries for computing mean and std.dev: (1, 20271)
[M::mem_pestat] mean and std.dev: (4479.04, 2962.48)
[M::mem_pestat] low and high boundaries for proper pairs: (1, 26363)
[M::mem_pestat] skip orientation RR as there are not enough pairs
[M::mem_pestat] skip orientation RF
[M::mem_process_seqs] Processed 134978 reads in 108.341 CPU sec, 54.334 real sec
[M::process] read 135018 sequences (20000219 bp)...
[M::mem_pestat] # candidate unique pairs for (FF, FR, RF, RR): (2, 32532, 4, 5)
[M::mem_pestat] skip orientation FF as there are not enough pairs
[M::mem_pestat] analyzing insert size distribution for orientation FR...
[M::mem_pestat] (25, 50, 75) percentile: (224, 272, 324)
[M::mem_pestat] low and high boundaries for computing mean and std.dev: (24, 524)
[M::mem_pestat] mean and std.dev: (275.51, 76.49)
[M::mem_pestat] low and high boundaries for proper pairs: (1, 624)
[M::mem_pestat] skip orientation RF as there are not enough pairs
[M::mem_pestat] skip orientation RR as there are not enough pairs
[M::mem_process_seqs] Processed 135088 reads in 105.788 CPU sec, 53.056 real sec
[M::process] read 135032 sequences (20000190 bp)...
[M::mem_pestat] # candidate unique pairs for (FF, FR, RF, RR): (1, 32681, 12, 2)
[M::mem_pestat] skip orientation FF as there are not enough pairs
[M::mem_pestat] analyzing insert size distribution for orientation FR...
[M::mem_pestat] (25, 50, 75) percentile: (223, 272, 325)
[M::mem_pestat] low and high boundaries for computing mean and std.dev: (19, 529)
[M::mem_pestat] mean and std.dev: (275.87, 77.04)
[M::mem_pestat] low and high boundaries for proper pairs: (1, 631)
[M::mem_pestat] analyzing insert size distribution for orientation RF...
[M::mem_pestat] (25, 50, 75) percentile: (310, 2315, 6797)
[M::mem_pestat] low and high boundaries for computing mean and std.dev: (1, 19771)
[M::mem_pestat] mean and std.dev: (2966.08, 3194.43)
[M::mem_pestat] low and high boundaries for proper pairs: (1, 26258)
[M::mem_pestat] skip orientation RR as there are not enough pairs
[M::mem_pestat] skip orientation RF
[M::mem_process_seqs] Processed 135018 reads in 103.793 CPU sec, 52.011 real sec
[M::process] read 135014 sequences (20000133 bp)...
[M::mem_pestat] # candidate unique pairs for (FF, FR, RF, RR): (2, 32543, 11, 1)
[M::mem_pestat] skip orientation FF as there are not enough pairs
[M::mem_pestat] analyzing insert size distribution for orientation FR...
[M::mem_pestat] (25, 50, 75) percentile: (223, 272, 324)
[M::mem_pestat] low and high boundaries for computing mean and std.dev: (21, 526)
[M::mem_pestat] mean and std.dev: (275.80, 76.38)
[M::mem_pestat] low and high boundaries for proper pairs: (1, 627)
[M::mem_pestat] analyzing insert size distribution for orientation RF...
[M::mem_pestat] (25, 50, 75) percentile: (201, 5672, 7254)
[M::mem_pestat] low and high boundaries for computing mean and std.dev: (1, 21360)
[M::mem_pestat] mean and std.dev: (4197.64, 3620.24)
[M::mem_pestat] low and high boundaries for proper pairs: (1, 28413)
[M::mem_pestat] skip orientation RR as there are not enough pairs
[M::mem_pestat] skip orientation RF
[M::mem_process_seqs] Processed 135032 reads in 97.264 CPU sec, 48.903 real sec
[M::process] read 134944 sequences (20000120 bp)...
[M::mem_pestat] # candidate unique pairs for (FF, FR, RF, RR): (5, 32565, 11, 0)
[M::mem_pestat] skip orientation FF as there are not enough pairs
[M::mem_pestat] analyzing insert size distribution for orientation FR...
[M::mem_pestat] (25, 50, 75) percentile: (222, 272, 324)
[M::mem_pestat] low and high boundaries for computing mean and std.dev: (18, 528)
[M::mem_pestat] mean and std.dev: (275.29, 77.40)
[M::mem_pestat] low and high boundaries for proper pairs: (1, 630)
[M::mem_pestat] analyzing insert size distribution for orientation RF...
[M::mem_pestat] (25, 50, 75) percentile: (83, 2095, 7218)
[M::mem_pestat] low and high boundaries for computing mean and std.dev: (1, 21488)
[M::mem_pestat] mean and std.dev: (3587.09, 3450.46)
[M::mem_pestat] low and high boundaries for proper pairs: (1, 28623)
[M::mem_pestat] skip orientation RR as there are not enough pairs
[M::mem_pestat] skip orientation RF
[M::mem_process_seqs] Processed 135014 reads in 97.902 CPU sec, 49.578 real sec
[M::process] read 134912 sequences (20000023 bp)...
[M::mem_pestat] # candidate unique pairs for (FF, FR, RF, RR): (3, 32590, 16, 1)
[M::mem_pestat] skip orientation FF as there are not enough pairs
[M::mem_pestat] analyzing insert size distribution for orientation FR...
[M::mem_pestat] (25, 50, 75) percentile: (222, 271, 324)
[M::mem_pestat] low and high boundaries for computing mean and std.dev: (18, 528)
[M::mem_pestat] mean and std.dev: (274.72, 77.75)
[M::mem_pestat] low and high boundaries for proper pairs: (1, 630)
[M::mem_pestat] analyzing insert size distribution for orientation RF...
[M::mem_pestat] (25, 50, 75) percentile: (2291, 3465, 7579)
[M::mem_pestat] low and high boundaries for computing mean and std.dev: (1, 18155)
[M::mem_pestat] mean and std.dev: (3985.81, 3164.49)
[M::mem_pestat] low and high boundaries for proper pairs: (1, 23443)
[M::mem_pestat] skip orientation RR as there are not enough pairs
[M::mem_pestat] skip orientation RF
[M::mem_process_seqs] Processed 134944 reads in 100.654 CPU sec, 50.518 real sec
[M::process] read 134880 sequences (20000174 bp)...
[M::mem_pestat] # candidate unique pairs for (FF, FR, RF, RR): (3, 32532, 14, 3)
[M::mem_pestat] skip orientation FF as there are not enough pairs
[M::mem_pestat] analyzing insert size distribution for orientation FR...
[M::mem_pestat] (25, 50, 75) percentile: (223, 272, 324)
[M::mem_pestat] low and high boundaries for computing mean and std.dev: (21, 526)
[M::mem_pestat] mean and std.dev: (275.21, 77.33)
[M::mem_pestat] low and high boundaries for proper pairs: (1, 627)
[M::mem_pestat] analyzing insert size distribution for orientation RF...
[M::mem_pestat] (25, 50, 75) percentile: (1599, 3298, 4081)
[M::mem_pestat] low and high boundaries for computing mean and std.dev: (1, 9045)
[M::mem_pestat] mean and std.dev: (2774.54, 1956.78)
[M::mem_pestat] low and high boundaries for proper pairs: (1, 11527)
[M::mem_pestat] skip orientation RR as there are not enough pairs
[M::mem_pestat] skip orientation RF
[M::mem_process_seqs] Processed 134912 reads in 97.453 CPU sec, 51.027 real sec
[M::process] read 135118 sequences (20000117 bp)...
[M::mem_pestat] # candidate unique pairs for (FF, FR, RF, RR): (2, 32589, 9, 3)
[M::mem_pestat] skip orientation FF as there are not enough pairs
[M::mem_pestat] analyzing insert size distribution for orientation FR...
[M::mem_pestat] (25, 50, 75) percentile: (224, 273, 325)
[M::mem_pestat] low and high boundaries for computing mean and std.dev: (22, 527)
[M::mem_pestat] mean and std.dev: (275.89, 76.65)
[M::mem_pestat] low and high boundaries for proper pairs: (1, 628)
[M::mem_pestat] skip orientation RF as there are not enough pairs
[M::mem_pestat] skip orientation RR as there are not enough pairs
[M::mem_process_seqs] Processed 134880 reads in 96.166 CPU sec, 48.180 real sec
[M::process] read 135006 sequences (20000049 bp)...
[M::mem_pestat] # candidate unique pairs for (FF, FR, RF, RR): (2, 32737, 5, 1)
[M::mem_pestat] skip orientation FF as there are not enough pairs
[M::mem_pestat] analyzing insert size distribution for orientation FR...
[M::mem_pestat] (25, 50, 75) percentile: (223, 272, 325)
[M::mem_pestat] low and high boundaries for computing mean and std.dev: (19, 529)
[M::mem_pestat] mean and std.dev: (275.52, 76.93)
[M::mem_pestat] low and high boundaries for proper pairs: (1, 631)
[M::mem_pestat] skip orientation RF as there are not enough pairs
[M::mem_pestat] skip orientation RR as there are not enough pairs
[M::mem_process_seqs] Processed 135118 reads in 97.887 CPU sec, 49.043 real sec
[M::process] read 134922 sequences (20000162 bp)...
[M::mem_pestat] # candidate unique pairs for (FF, FR, RF, RR): (2, 32594, 14, 3)
[M::mem_pestat] skip orientation FF as there are not enough pairs
[M::mem_pestat] analyzing insert size distribution for orientation FR...
[M::mem_pestat] (25, 50, 75) percentile: (223, 273, 325)
[M::mem_pestat] low and high boundaries for computing mean and std.dev: (19, 529)
[M::mem_pestat] mean and std.dev: (275.90, 76.93)
[M::mem_pestat] low and high boundaries for proper pairs: (1, 631)
[M::mem_pestat] analyzing insert size distribution for orientation RF...
[M::mem_pestat] (25, 50, 75) percentile: (290, 725, 3626)
[M::mem_pestat] low and high boundaries for computing mean and std.dev: (1, 10298)
[M::mem_pestat] mean and std.dev: (2642.64, 3133.09)
[M::mem_pestat] low and high boundaries for proper pairs: (1, 15175)
[M::mem_pestat] skip orientation RR as there are not enough pairs
[M::mem_pestat] skip orientation RF
[M::mem_process_seqs] Processed 135006 reads in 96.668 CPU sec, 48.482 real sec
[M::process] read 134986 sequences (20000269 bp)...
[M::mem_pestat] # candidate unique pairs for (FF, FR, RF, RR): (2, 32570, 12, 1)
[M::mem_pestat] skip orientation FF as there are not enough pairs
[M::mem_pestat] analyzing insert size distribution for orientation FR...
[M::mem_pestat] (25, 50, 75) percentile: (223, 272, 324)
[M::mem_pestat] low and high boundaries for computing mean and std.dev: (21, 526)
[M::mem_pestat] mean and std.dev: (275.42, 76.99)
[M::mem_pestat] low and high boundaries for proper pairs: (1, 627)
[M::mem_pestat] analyzing insert size distribution for orientation RF...
[M::mem_pestat] (25, 50, 75) percentile: (576, 4114, 7346)
[M::mem_pestat] low and high boundaries for computing mean and std.dev: (1, 20886)
[M::mem_pestat] mean and std.dev: (3949.25, 3234.32)
[M::mem_pestat] low and high boundaries for proper pairs: (1, 27656)
[M::mem_pestat] skip orientation RR as there are not enough pairs
[M::mem_pestat] skip orientation RF
[M::mem_process_seqs] Processed 134922 reads in 96.923 CPU sec, 48.578 real sec
[M::process] read 134978 sequences (20000294 bp)...
[M::mem_pestat] # candidate unique pairs for (FF, FR, RF, RR): (0, 32828, 10, 3)
[M::mem_pestat] skip orientation FF as there are not enough pairs
[M::mem_pestat] analyzing insert size distribution for orientation FR...
[M::mem_pestat] (25, 50, 75) percentile: (224, 274, 327)
[M::mem_pestat] low and high boundaries for computing mean and std.dev: (18, 533)
[M::mem_pestat] mean and std.dev: (277.04, 77.29)
[M::mem_pestat] low and high boundaries for proper pairs: (1, 636)
[M::mem_pestat] analyzing insert size distribution for orientation RF...
[M::mem_pestat] (25, 50, 75) percentile: (1259, 3298, 4044)
[M::mem_pestat] low and high boundaries for computing mean and std.dev: (1, 9614)
[M::mem_pestat] mean and std.dev: (3637.20, 2828.50)
[M::mem_pestat] low and high boundaries for proper pairs: (1, 14951)
[M::mem_pestat] skip orientation RR as there are not enough pairs
[M::mem_pestat] skip orientation RF
[M::mem_process_seqs] Processed 134986 reads in 95.854 CPU sec, 48.046 real sec
[M::process] read 135092 sequences (20000015 bp)...
[M::mem_pestat] # candidate unique pairs for (FF, FR, RF, RR): (0, 32561, 7, 2)
[M::mem_pestat] skip orientation FF as there are not enough pairs
[M::mem_pestat] analyzing insert size distribution for orientation FR...
[M::mem_pestat] (25, 50, 75) percentile: (223, 273, 325)
[M::mem_pestat] low and high boundaries for computing mean and std.dev: (19, 529)
[M::mem_pestat] mean and std.dev: (276.05, 77.15)
[M::mem_pestat] low and high boundaries for proper pairs: (1, 631)
[M::mem_pestat] skip orientation RF as there are not enough pairs
[M::mem_pestat] skip orientation RR as there are not enough pairs
[M::mem_process_seqs] Processed 134978 reads in 96.818 CPU sec, 48.535 real sec
[M::process] read 134984 sequences (20000167 bp)...
[M::mem_pestat] # candidate unique pairs for (FF, FR, RF, RR): (3, 32420, 9, 4)
[M::mem_pestat] skip orientation FF as there are not enough pairs
[M::mem_pestat] analyzing insert size distribution for orientation FR...
[M::mem_pestat] (25, 50, 75) percentile: (224, 273, 325)
[M::mem_pestat] low and high boundaries for computing mean and std.dev: (22, 527)
[M::mem_pestat] mean and std.dev: (276.07, 77.05)
[M::mem_pestat] low and high boundaries for proper pairs: (1, 628)
[M::mem_pestat] skip orientation RF as there are not enough pairs
[M::mem_pestat] skip orientation RR as there are not enough pairs
[M::mem_process_seqs] Processed 135092 reads in 98.350 CPU sec, 49.291 real sec
[M::process] read 135018 sequences (20000208 bp)...
[M::mem_pestat] # candidate unique pairs for (FF, FR, RF, RR): (0, 32573, 8, 1)
[M::mem_pestat] skip orientation FF as there are not enough pairs
[M::mem_pestat] analyzing insert size distribution for orientation FR...
[M::mem_pestat] (25, 50, 75) percentile: (224, 273, 326)
[M::mem_pestat] low and high boundaries for computing mean and std.dev: (20, 530)
[M::mem_pestat] mean and std.dev: (276.26, 77.13)
[M::mem_pestat] low and high boundaries for proper pairs: (1, 632)
[M::mem_pestat] skip orientation RF as there are not enough pairs
[M::mem_pestat] skip orientation RR as there are not enough pairs
[M::mem_process_seqs] Processed 134984 reads in 96.016 CPU sec, 48.148 real sec
[M::process] read 135022 sequences (20000000 bp)...
[M::mem_pestat] # candidate unique pairs for (FF, FR, RF, RR): (1, 32529, 8, 0)
[M::mem_pestat] skip orientation FF as there are not enough pairs
[M::mem_pestat] analyzing insert size distribution for orientation FR...
[M::mem_pestat] (25, 50, 75) percentile: (225, 273, 325)
[M::mem_pestat] low and high boundaries for computing mean and std.dev: (25, 525)
[M::mem_pestat] mean and std.dev: (276.62, 76.02)
[M::mem_pestat] low and high boundaries for proper pairs: (1, 625)
[M::mem_pestat] skip orientation RF as there are not enough pairs
[M::mem_pestat] skip orientation RR as there are not enough pairs
[M::mem_process_seqs] Processed 135018 reads in 97.637 CPU sec, 48.997 real sec
[M::process] read 135040 sequences (20000088 bp)...
[M::mem_pestat] # candidate unique pairs for (FF, FR, RF, RR): (2, 32634, 11, 4)
[M::mem_pestat] skip orientation FF as there are not enough pairs
[M::mem_pestat] analyzing insert size distribution for orientation FR...
[M::mem_pestat] (25, 50, 75) percentile: (225, 275, 328)
[M::mem_pestat] low and high boundaries for computing mean and std.dev: (19, 534)
[M::mem_pestat] mean and std.dev: (278.42, 77.42)
[M::mem_pestat] low and high boundaries for proper pairs: (1, 637)
[M::mem_pestat] analyzing insert size distribution for orientation RF...
[M::mem_pestat] (25, 50, 75) percentile: (2379, 4152, 7278)
[M::mem_pestat] low and high boundaries for computing mean and std.dev: (1, 17076)
[M::mem_pestat] mean and std.dev: (4380.55, 3179.05)
[M::mem_pestat] low and high boundaries for proper pairs: (1, 21975)
[M::mem_pestat] skip orientation RR as there are not enough pairs
[M::mem_pestat] skip orientation RF
[M::mem_process_seqs] Processed 135022 reads in 96.896 CPU sec, 48.595 real sec
[M::process] read 135256 sequences (20000200 bp)...
[M::mem_pestat] # candidate unique pairs for (FF, FR, RF, RR): (5, 32592, 7, 1)
[M::mem_pestat] skip orientation FF as there are not enough pairs
[M::mem_pestat] analyzing insert size distribution for orientation FR...
[M::mem_pestat] (25, 50, 75) percentile: (225, 274, 327)
[M::mem_pestat] low and high boundaries for computing mean and std.dev: (21, 531)
[M::mem_pestat] mean and std.dev: (277.68, 76.39)
[M::mem_pestat] low and high boundaries for proper pairs: (1, 633)
[M::mem_pestat] skip orientation RF as there are not enough pairs
[M::mem_pestat] skip orientation RR as there are not enough pairs
[M::mem_process_seqs] Processed 135040 reads in 97.871 CPU sec, 49.029 real sec
[M::process] read 134934 sequences (20000168 bp)...
[M::mem_pestat] # candidate unique pairs for (FF, FR, RF, RR): (0, 32609, 9, 1)
[M::mem_pestat] skip orientation FF as there are not enough pairs
[M::mem_pestat] analyzing insert size distribution for orientation FR...
[M::mem_pestat] (25, 50, 75) percentile: (224, 272, 325)
[M::mem_pestat] low and high boundaries for computing mean and std.dev: (22, 527)
[M::mem_pestat] mean and std.dev: (275.95, 76.54)
[M::mem_pestat] low and high boundaries for proper pairs: (1, 628)
[M::mem_pestat] skip orientation RF as there are not enough pairs
[M::mem_pestat] skip orientation RR as there are not enough pairs
[M::mem_process_seqs] Processed 135256 reads in 97.438 CPU sec, 48.829 real sec
[M::process] read 135034 sequences (20000144 bp)...
[M::mem_pestat] # candidate unique pairs for (FF, FR, RF, RR): (0, 32741, 6, 2)
[M::mem_pestat] skip orientation FF as there are not enough pairs
[M::mem_pestat] analyzing insert size distribution for orientation FR...
[M::mem_pestat] (25, 50, 75) percentile: (223, 272, 326)
[M::mem_pestat] low and high boundaries for computing mean and std.dev: (17, 532)
[M::mem_pestat] mean and std.dev: (275.69, 77.16)
[M::mem_pestat] low and high boundaries for proper pairs: (1, 635)
[M::mem_pestat] skip orientation RF as there are not enough pairs
[M::mem_pestat] skip orientation RR as there are not enough pairs
[M::mem_process_seqs] Processed 134934 reads in 96.421 CPU sec, 48.390 real sec
[M::process] read 134892 sequences (20000130 bp)...
[M::mem_pestat] # candidate unique pairs for (FF, FR, RF, RR): (4, 32679, 12, 1)
[M::mem_pestat] skip orientation FF as there are not enough pairs
[M::mem_pestat] analyzing insert size distribution for orientation FR...
[M::mem_pestat] (25, 50, 75) percentile: (224, 272, 324)
[M::mem_pestat] low and high boundaries for computing mean and std.dev: (24, 524)
[M::mem_pestat] mean and std.dev: (275.68, 76.87)
[M::mem_pestat] low and high boundaries for proper pairs: (1, 624)
[M::mem_pestat] analyzing insert size distribution for orientation RF...
[M::mem_pestat] (25, 50, 75) percentile: (696, 2322, 2567)
[M::mem_pestat] low and high boundaries for computing mean and std.dev: (1, 6309)
[M::mem_pestat] mean and std.dev: (1465.70, 940.48)
[M::mem_pestat] low and high boundaries for proper pairs: (1, 8180)
[M::mem_pestat] skip orientation RR as there are not enough pairs
[M::mem_pestat] skip orientation RF
[M::mem_process_seqs] Processed 135034 reads in 96.353 CPU sec, 48.270 real sec
[M::process] read 134962 sequences (20000098 bp)...
[M::mem_pestat] # candidate unique pairs for (FF, FR, RF, RR): (1, 32721, 15, 1)
[M::mem_pestat] skip orientation FF as there are not enough pairs
[M::mem_pestat] analyzing insert size distribution for orientation FR...
[M::mem_pestat] (25, 50, 75) percentile: (224, 273, 326)
[M::mem_pestat] low and high boundaries for computing mean and std.dev: (20, 530)
[M::mem_pestat] mean and std.dev: (277.05, 77.55)
[M::mem_pestat] low and high boundaries for proper pairs: (1, 632)
[M::mem_pestat] analyzing insert size distribution for orientation RF...
[M::mem_pestat] (25, 50, 75) percentile: (227, 3265, 3517)
[M::mem_pestat] low and high boundaries for computing mean and std.dev: (1, 10097)
[M::mem_pestat] mean and std.dev: (2512.87, 1955.31)
[M::mem_pestat] low and high boundaries for proper pairs: (1, 13387)
[M::mem_pestat] skip orientation RR as there are not enough pairs
[M::mem_pestat] skip orientation RF
[M::mem_process_seqs] Processed 134892 reads in 97.342 CPU sec, 48.783 real sec
[M::process] read 134986 sequences (20000106 bp)...
[M::mem_pestat] # candidate unique pairs for (FF, FR, RF, RR): (2, 32488, 9, 0)
[M::mem_pestat] skip orientation FF as there are not enough pairs
[M::mem_pestat] analyzing insert size distribution for orientation FR...
[M::mem_pestat] (25, 50, 75) percentile: (225, 273, 325)
[M::mem_pestat] low and high boundaries for computing mean and std.dev: (25, 525)
[M::mem_pestat] mean and std.dev: (276.75, 76.66)
[M::mem_pestat] low and high boundaries for proper pairs: (1, 625)
[M::mem_pestat] skip orientation RF as there are not enough pairs
[M::mem_pestat] skip orientation RR as there are not enough pairs
[M::mem_process_seqs] Processed 134962 reads in 97.334 CPU sec, 48.794 real sec
[M::process] read 134978 sequences (20000259 bp)...
[M::mem_pestat] # candidate unique pairs for (FF, FR, RF, RR): (1, 32701, 13, 3)
[M::mem_pestat] skip orientation FF as there are not enough pairs
[M::mem_pestat] analyzing insert size distribution for orientation FR...
[M::mem_pestat] (25, 50, 75) percentile: (224, 274, 326)
[M::mem_pestat] low and high boundaries for computing mean and std.dev: (20, 530)
[M::mem_pestat] mean and std.dev: (277.14, 77.26)
[M::mem_pestat] low and high boundaries for proper pairs: (1, 632)
[M::mem_pestat] analyzing insert size distribution for orientation RF...
[M::mem_pestat] (25, 50, 75) percentile: (214, 1663, 5937)
[M::mem_pestat] low and high boundaries for computing mean and std.dev: (1, 17383)
[M::mem_pestat] mean and std.dev: (2506.31, 2375.18)
[M::mem_pestat] low and high boundaries for proper pairs: (1, 23106)
[M::mem_pestat] skip orientation RR as there are not enough pairs
[M::mem_pestat] skip orientation RF
[M::mem_process_seqs] Processed 134986 reads in 100.460 CPU sec, 50.373 real sec
[M::process] read 135010 sequences (20000264 bp)...
[M::mem_pestat] # candidate unique pairs for (FF, FR, RF, RR): (2, 32683, 16, 3)
[M::mem_pestat] skip orientation FF as there are not enough pairs
[M::mem_pestat] analyzing insert size distribution for orientation FR...
[M::mem_pestat] (25, 50, 75) percentile: (225, 273, 325)
[M::mem_pestat] low and high boundaries for computing mean and std.dev: (25, 525)
[M::mem_pestat] mean and std.dev: (277.13, 76.03)
[M::mem_pestat] low and high boundaries for proper pairs: (1, 625)
[M::mem_pestat] analyzing insert size distribution for orientation RF...
[M::mem_pestat] (25, 50, 75) percentile: (414, 2442, 5405)
[M::mem_pestat] low and high boundaries for computing mean and std.dev: (1, 15387)
[M::mem_pestat] mean and std.dev: (3248.00, 3117.85)
[M::mem_pestat] low and high boundaries for proper pairs: (1, 20378)
[M::mem_pestat] skip orientation RR as there are not enough pairs
[M::mem_pestat] skip orientation RF
[M::mem_process_seqs] Processed 134978 reads in 100.324 CPU sec, 50.648 real sec
[M::process] read 134960 sequences (20000216 bp)...
[M::mem_pestat] # candidate unique pairs for (FF, FR, RF, RR): (2, 32493, 3, 1)
[M::mem_pestat] skip orientation FF as there are not enough pairs
[M::mem_pestat] analyzing insert size distribution for orientation FR...
[M::mem_pestat] (25, 50, 75) percentile: (225, 274, 326)
[M::mem_pestat] low and high boundaries for computing mean and std.dev: (23, 528)
[M::mem_pestat] mean and std.dev: (277.21, 76.60)
[M::mem_pestat] low and high boundaries for proper pairs: (1, 629)
[M::mem_pestat] skip orientation RF as there are not enough pairs
[M::mem_pestat] skip orientation RR as there are not enough pairs
[M::mem_process_seqs] Processed 135010 reads in 100.081 CPU sec, 50.709 real sec
[M::process] read 134868 sequences (20000159 bp)...
[M::mem_pestat] # candidate unique pairs for (FF, FR, RF, RR): (4, 32515, 13, 3)
[M::mem_pestat] skip orientation FF as there are not enough pairs
[M::mem_pestat] analyzing insert size distribution for orientation FR...
[M::mem_pestat] (25, 50, 75) percentile: (224, 273, 326)
[M::mem_pestat] low and high boundaries for computing mean and std.dev: (20, 530)
[M::mem_pestat] mean and std.dev: (276.82, 77.45)
[M::mem_pestat] low and high boundaries for proper pairs: (1, 632)
[M::mem_pestat] analyzing insert size distribution for orientation RF...
[M::mem_pestat] (25, 50, 75) percentile: (237, 640, 7815)
[M::mem_pestat] low and high boundaries for computing mean and std.dev: (1, 22971)
[M::mem_pestat] mean and std.dev: (3244.31, 3580.53)
[M::mem_pestat] low and high boundaries for proper pairs: (1, 30549)
[M::mem_pestat] skip orientation RR as there are not enough pairs
[M::mem_pestat] skip orientation RF
[M::mem_process_seqs] Processed 134960 reads in 100.805 CPU sec, 50.569 real sec
[M::process] read 134856 sequences (20000036 bp)...
[M::mem_pestat] # candidate unique pairs for (FF, FR, RF, RR): (2, 32573, 15, 0)
[M::mem_pestat] skip orientation FF as there are not enough pairs
[M::mem_pestat] analyzing insert size distribution for orientation FR...
[M::mem_pestat] (25, 50, 75) percentile: (225, 274, 326)
[M::mem_pestat] low and high boundaries for computing mean and std.dev: (23, 528)
[M::mem_pestat] mean and std.dev: (277.56, 76.87)
[M::mem_pestat] low and high boundaries for proper pairs: (1, 629)
[M::mem_pestat] analyzing insert size distribution for orientation RF...
[M::mem_pestat] (25, 50, 75) percentile: (256, 1970, 4656)
[M::mem_pestat] low and high boundaries for computing mean and std.dev: (1, 13456)
[M::mem_pestat] mean and std.dev: (2612.47, 2915.06)
[M::mem_pestat] low and high boundaries for proper pairs: (1, 17856)
[M::mem_pestat] skip orientation RR as there are not enough pairs
[M::mem_pestat] skip orientation RF
[M::mem_process_seqs] Processed 134868 reads in 99.458 CPU sec, 50.188 real sec
[M::process] read 135584 sequences (20000182 bp)...
[M::mem_pestat] # candidate unique pairs for (FF, FR, RF, RR): (1, 32489, 11, 1)
[M::mem_pestat] skip orientation FF as there are not enough pairs
[M::mem_pestat] analyzing insert size distribution for orientation FR...
[M::mem_pestat] (25, 50, 75) percentile: (225, 275, 328)
[M::mem_pestat] low and high boundaries for computing mean and std.dev: (19, 534)
[M::mem_pestat] mean and std.dev: (278.45, 77.52)
[M::mem_pestat] low and high boundaries for proper pairs: (1, 637)
[M::mem_pestat] analyzing insert size distribution for orientation RF...
[M::mem_pestat] (25, 50, 75) percentile: (201, 576, 4777)
[M::mem_pestat] low and high boundaries for computing mean and std.dev: (1, 13929)
[M::mem_pestat] mean and std.dev: (2407.45, 2416.90)
[M::mem_pestat] low and high boundaries for proper pairs: (1, 18505)
[M::mem_pestat] skip orientation RR as there are not enough pairs
[M::mem_pestat] skip orientation RF
[M::mem_process_seqs] Processed 134856 reads in 100.527 CPU sec, 50.905 real sec
[M::process] read 135038 sequences (20000090 bp)...
[M::mem_pestat] # candidate unique pairs for (FF, FR, RF, RR): (2, 32272, 12, 3)
[M::mem_pestat] skip orientation FF as there are not enough pairs
[M::mem_pestat] analyzing insert size distribution for orientation FR...
[M::mem_pestat] (25, 50, 75) percentile: (225, 274, 326)
[M::mem_pestat] low and high boundaries for computing mean and std.dev: (23, 528)
[M::mem_pestat] mean and std.dev: (277.21, 76.58)
[M::mem_pestat] low and high boundaries for proper pairs: (1, 629)
[M::mem_pestat] analyzing insert size distribution for orientation RF...
[M::mem_pestat] (25, 50, 75) percentile: (256, 1743, 5796)
[M::mem_pestat] low and high boundaries for computing mean and std.dev: (1, 16876)
[M::mem_pestat] mean and std.dev: (2691.58, 2778.58)
[M::mem_pestat] low and high boundaries for proper pairs: (1, 22416)
[M::mem_pestat] skip orientation RR as there are not enough pairs
[M::mem_pestat] skip orientation RF
[M::mem_process_seqs] Processed 135584 reads in 102.159 CPU sec, 51.628 real sec
[M::process] read 134926 sequences (20000296 bp)...
[M::mem_pestat] # candidate unique pairs for (FF, FR, RF, RR): (1, 32550, 10, 1)
[M::mem_pestat] skip orientation FF as there are not enough pairs
[M::mem_pestat] analyzing insert size distribution for orientation FR...
[M::mem_pestat] (25, 50, 75) percentile: (225, 274, 327)
[M::mem_pestat] low and high boundaries for computing mean and std.dev: (21, 531)
[M::mem_pestat] mean and std.dev: (277.71, 77.20)
[M::mem_pestat] low and high boundaries for proper pairs: (1, 633)
[M::mem_pestat] analyzing insert size distribution for orientation RF...
[M::mem_pestat] (25, 50, 75) percentile: (441, 3136, 3419)
[M::mem_pestat] low and high boundaries for computing mean and std.dev: (1, 9375)
[M::mem_pestat] mean and std.dev: (2729.00, 2440.60)
[M::mem_pestat] low and high boundaries for proper pairs: (1, 12491)
[M::mem_pestat] skip orientation RR as there are not enough pairs
[M::mem_pestat] skip orientation RF
[M::mem_process_seqs] Processed 135038 reads in 99.833 CPU sec, 50.026 real sec
[M::process] read 134976 sequences (20000001 bp)...
[M::mem_pestat] # candidate unique pairs for (FF, FR, RF, RR): (0, 32665, 12, 0)
[M::mem_pestat] skip orientation FF as there are not enough pairs
[M::mem_pestat] analyzing insert size distribution for orientation FR...
[M::mem_pestat] (25, 50, 75) percentile: (225, 274, 328)
[M::mem_pestat] low and high boundaries for computing mean and std.dev: (19, 534)
[M::mem_pestat] mean and std.dev: (277.85, 77.48)
[M::mem_pestat] low and high boundaries for proper pairs: (1, 637)
[M::mem_pestat] analyzing insert size distribution for orientation RF...
[M::mem_pestat] (25, 50, 75) percentile: (434, 2647, 5910)
[M::mem_pestat] low and high boundaries for computing mean and std.dev: (1, 16862)
[M::mem_pestat] mean and std.dev: (3370.00, 3317.30)
[M::mem_pestat] low and high boundaries for proper pairs: (1, 22338)
[M::mem_pestat] skip orientation RR as there are not enough pairs
[M::mem_pestat] skip orientation RF
[M::mem_process_seqs] Processed 134926 reads in 100.940 CPU sec, 52.075 real sec
[M::process] read 134958 sequences (20000036 bp)...
[M::mem_pestat] # candidate unique pairs for (FF, FR, RF, RR): (2, 32338, 8, 3)
[M::mem_pestat] skip orientation FF as there are not enough pairs
[M::mem_pestat] analyzing insert size distribution for orientation FR...
[M::mem_pestat] (25, 50, 75) percentile: (226, 274, 326)
[M::mem_pestat] low and high boundaries for computing mean and std.dev: (26, 526)
[M::mem_pestat] mean and std.dev: (277.89, 76.70)
[M::mem_pestat] low and high boundaries for proper pairs: (1, 626)
[M::mem_pestat] skip orientation RF as there are not enough pairs
[M::mem_pestat] skip orientation RR as there are not enough pairs
[M::mem_process_seqs] Processed 134976 reads in 101.269 CPU sec, 50.842 real sec
[M::process] read 134952 sequences (20000064 bp)...
[M::mem_pestat] # candidate unique pairs for (FF, FR, RF, RR): (1, 32642, 10, 1)
[M::mem_pestat] skip orientation FF as there are not enough pairs
[M::mem_pestat] analyzing insert size distribution for orientation FR...
[M::mem_pestat] (25, 50, 75) percentile: (226, 274, 328)
[M::mem_pestat] low and high boundaries for computing mean and std.dev: (22, 532)
[M::mem_pestat] mean and std.dev: (278.33, 77.45)
[M::mem_pestat] low and high boundaries for proper pairs: (1, 634)
[M::mem_pestat] analyzing insert size distribution for orientation RF...
[M::mem_pestat] (25, 50, 75) percentile: (1652, 1652, 8549)
[M::mem_pestat] low and high boundaries for computing mean and std.dev: (1, 22343)
[M::mem_pestat] mean and std.dev: (3760.90, 3457.42)
[M::mem_pestat] low and high boundaries for proper pairs: (1, 29240)
[M::mem_pestat] skip orientation RR as there are not enough pairs
[M::mem_pestat] skip orientation RF
[M::mem_process_seqs] Processed 134958 reads in 100.956 CPU sec, 50.630 real sec
[M::process] read 134898 sequences (20000064 bp)...
[M::mem_pestat] # candidate unique pairs for (FF, FR, RF, RR): (1, 32665, 14, 0)
[M::mem_pestat] skip orientation FF as there are not enough pairs
[M::mem_pestat] analyzing insert size distribution for orientation FR...
[M::mem_pestat] (25, 50, 75) percentile: (225, 275, 328)
[M::mem_pestat] low and high boundaries for computing mean and std.dev: (19, 534)
[M::mem_pestat] mean and std.dev: (278.55, 77.51)
[M::mem_pestat] low and high boundaries for proper pairs: (1, 637)
[M::mem_pestat] analyzing insert size distribution for orientation RF...
[M::mem_pestat] (25, 50, 75) percentile: (1516, 3375, 4620)
[M::mem_pestat] low and high boundaries for computing mean and std.dev: (1, 10828)
[M::mem_pestat] mean and std.dev: (2933.93, 2085.67)
[M::mem_pestat] low and high boundaries for proper pairs: (1, 13932)
[M::mem_pestat] skip orientation RR as there are not enough pairs
[M::mem_pestat] skip orientation RF
[M::mem_process_seqs] Processed 134952 reads in 100.930 CPU sec, 50.658 real sec
[M::process] read 134946 sequences (20000093 bp)...
[M::mem_pestat] # candidate unique pairs for (FF, FR, RF, RR): (2, 32790, 14, 1)
[M::mem_pestat] skip orientation FF as there are not enough pairs
[M::mem_pestat] analyzing insert size distribution for orientation FR...
[M::mem_pestat] (25, 50, 75) percentile: (225, 274, 326)
[M::mem_pestat] low and high boundaries for computing mean and std.dev: (23, 528)
[M::mem_pestat] mean and std.dev: (277.29, 76.52)
[M::mem_pestat] low and high boundaries for proper pairs: (1, 629)
[M::mem_pestat] analyzing insert size distribution for orientation RF...
[M::mem_pestat] (25, 50, 75) percentile: (264, 4656, 5321)
[M::mem_pestat] low and high boundaries for computing mean and std.dev: (1, 15435)
[M::mem_pestat] mean and std.dev: (3628.43, 2992.03)
[M::mem_pestat] low and high boundaries for proper pairs: (1, 20492)
[M::mem_pestat] skip orientation RR as there are not enough pairs
[M::mem_pestat] skip orientation RF
[M::mem_process_seqs] Processed 134898 reads in 97.686 CPU sec, 49.441 real sec
[M::process] read 134956 sequences (20000220 bp)...
[M::mem_pestat] # candidate unique pairs for (FF, FR, RF, RR): (5, 32452, 11, 5)
[M::mem_pestat] skip orientation FF as there are not enough pairs
[M::mem_pestat] analyzing insert size distribution for orientation FR...
[M::mem_pestat] (25, 50, 75) percentile: (225, 275, 327)
[M::mem_pestat] low and high boundaries for computing mean and std.dev: (21, 531)
[M::mem_pestat] mean and std.dev: (278.02, 77.38)
[M::mem_pestat] low and high boundaries for proper pairs: (1, 633)
[M::mem_pestat] analyzing insert size distribution for orientation RF...
[M::mem_pestat] (25, 50, 75) percentile: (1713, 2222, 3249)
[M::mem_pestat] low and high boundaries for computing mean and std.dev: (1, 6321)
[M::mem_pestat] mean and std.dev: (1977.20, 1082.33)
[M::mem_pestat] low and high boundaries for proper pairs: (1, 7857)
[M::mem_pestat] skip orientation RR as there are not enough pairs
[M::mem_pestat] skip orientation RF
[M::mem_process_seqs] Processed 134946 reads in 98.838 CPU sec, 49.544 real sec
[M::process] read 135044 sequences (20000030 bp)...
[M::mem_pestat] # candidate unique pairs for (FF, FR, RF, RR): (4, 32302, 11, 1)
[M::mem_pestat] skip orientation FF as there are not enough pairs
[M::mem_pestat] analyzing insert size distribution for orientation FR...
[M::mem_pestat] (25, 50, 75) percentile: (225, 275, 328)
[M::mem_pestat] low and high boundaries for computing mean and std.dev: (19, 534)
[M::mem_pestat] mean and std.dev: (278.68, 77.94)
[M::mem_pestat] low and high boundaries for proper pairs: (1, 637)
[M::mem_pestat] analyzing insert size distribution for orientation RF...
[M::mem_pestat] (25, 50, 75) percentile: (2441, 4511, 6769)
[M::mem_pestat] low and high boundaries for computing mean and std.dev: (1, 15425)
[M::mem_pestat] mean and std.dev: (4094.36, 2761.25)
[M::mem_pestat] low and high boundaries for proper pairs: (1, 19753)
[M::mem_pestat] skip orientation RR as there are not enough pairs
[M::mem_pestat] skip orientation RF
[M::mem_process_seqs] Processed 134956 reads in 99.949 CPU sec, 50.847 real sec
[M::process] read 135146 sequences (20000193 bp)...
[M::mem_pestat] # candidate unique pairs for (FF, FR, RF, RR): (1, 32460, 9, 0)
[M::mem_pestat] skip orientation FF as there are not enough pairs
[M::mem_pestat] analyzing insert size distribution for orientation FR...
[M::mem_pestat] (25, 50, 75) percentile: (227, 275, 328)
[M::mem_pestat] low and high boundaries for computing mean and std.dev: (25, 530)
[M::mem_pestat] mean and std.dev: (279.25, 77.29)
[M::mem_pestat] low and high boundaries for proper pairs: (1, 631)
[M::mem_pestat] skip orientation RF as there are not enough pairs
[M::mem_pestat] skip orientation RR as there are not enough pairs
[M::mem_process_seqs] Processed 135044 reads in 98.055 CPU sec, 49.121 real sec
[M::process] read 135048 sequences (20000125 bp)...
[M::mem_pestat] # candidate unique pairs for (FF, FR, RF, RR): (3, 32459, 8, 1)
[M::mem_pestat] skip orientation FF as there are not enough pairs
[M::mem_pestat] analyzing insert size distribution for orientation FR...
[M::mem_pestat] (25, 50, 75) percentile: (226, 275, 329)
[M::mem_pestat] low and high boundaries for computing mean and std.dev: (20, 535)
[M::mem_pestat] mean and std.dev: (279.23, 78.12)
[M::mem_pestat] low and high boundaries for proper pairs: (1, 638)
[M::mem_pestat] skip orientation RF as there are not enough pairs
[M::mem_pestat] skip orientation RR as there are not enough pairs
[M::mem_process_seqs] Processed 135146 reads in 98.710 CPU sec, 50.229 real sec
[M::process] read 135366 sequences (20000237 bp)...
[M::mem_pestat] # candidate unique pairs for (FF, FR, RF, RR): (1, 32541, 13, 5)
[M::mem_pestat] skip orientation FF as there are not enough pairs
[M::mem_pestat] analyzing insert size distribution for orientation FR...
[M::mem_pestat] (25, 50, 75) percentile: (226, 275, 328)
[M::mem_pestat] low and high boundaries for computing mean and std.dev: (22, 532)
[M::mem_pestat] mean and std.dev: (278.59, 77.13)
[M::mem_pestat] low and high boundaries for proper pairs: (1, 634)
[M::mem_pestat] analyzing insert size distribution for orientation RF...
[M::mem_pestat] (25, 50, 75) percentile: (1242, 4230, 8350)
[M::mem_pestat] low and high boundaries for computing mean and std.dev: (1, 22566)
[M::mem_pestat] mean and std.dev: (4456.54, 3466.99)
[M::mem_pestat] low and high boundaries for proper pairs: (1, 29674)
[M::mem_pestat] skip orientation RR as there are not enough pairs
[M::mem_pestat] skip orientation RF
[M::mem_process_seqs] Processed 135048 reads in 98.333 CPU sec, 49.321 real sec
[M::process] read 135194 sequences (20000012 bp)...
[M::mem_pestat] # candidate unique pairs for (FF, FR, RF, RR): (2, 32650, 7, 0)
[M::mem_pestat] skip orientation FF as there are not enough pairs
[M::mem_pestat] analyzing insert size distribution for orientation FR...
[M::mem_pestat] (25, 50, 75) percentile: (222, 271, 323)
[M::mem_pestat] low and high boundaries for computing mean and std.dev: (20, 525)
[M::mem_pestat] mean and std.dev: (274.05, 76.31)
[M::mem_pestat] low and high boundaries for proper pairs: (1, 626)
[M::mem_pestat] skip orientation RF as there are not enough pairs
[M::mem_pestat] skip orientation RR as there are not enough pairs
[M::mem_process_seqs] Processed 135366 reads in 98.500 CPU sec, 49.365 real sec
[M::process] read 135428 sequences (20000238 bp)...
[M::mem_pestat] # candidate unique pairs for (FF, FR, RF, RR): (1, 32975, 7, 3)
[M::mem_pestat] skip orientation FF as there are not enough pairs
[M::mem_pestat] analyzing insert size distribution for orientation FR...
[M::mem_pestat] (25, 50, 75) percentile: (220, 270, 323)
[M::mem_pestat] low and high boundaries for computing mean and std.dev: (14, 529)
[M::mem_pestat] mean and std.dev: (273.56, 76.69)
[M::mem_pestat] low and high boundaries for proper pairs: (1, 632)
[M::mem_pestat] skip orientation RF as there are not enough pairs
[M::mem_pestat] skip orientation RR as there are not enough pairs
[M::mem_process_seqs] Processed 135194 reads in 97.610 CPU sec, 49.595 real sec
[M::process] read 135236 sequences (20000134 bp)...
[M::mem_pestat] # candidate unique pairs for (FF, FR, RF, RR): (1, 32644, 8, 3)
[M::mem_pestat] skip orientation FF as there are not enough pairs
[M::mem_pestat] analyzing insert size distribution for orientation FR...
[M::mem_pestat] (25, 50, 75) percentile: (222, 271, 324)
[M::mem_pestat] low and high boundaries for computing mean and std.dev: (18, 528)
[M::mem_pestat] mean and std.dev: (274.56, 77.28)
[M::mem_pestat] low and high boundaries for proper pairs: (1, 630)
[M::mem_pestat] skip orientation RF as there are not enough pairs
[M::mem_pestat] skip orientation RR as there are not enough pairs
[M::mem_process_seqs] Processed 135428 reads in 99.237 CPU sec, 50.209 real sec
[M::process] read 135146 sequences (20000278 bp)...
[M::mem_pestat] # candidate unique pairs for (FF, FR, RF, RR): (1, 32686, 8, 4)
[M::mem_pestat] skip orientation FF as there are not enough pairs
[M::mem_pestat] analyzing insert size distribution for orientation FR...
[M::mem_pestat] (25, 50, 75) percentile: (220, 270, 322)
[M::mem_pestat] low and high boundaries for computing mean and std.dev: (16, 526)
[M::mem_pestat] mean and std.dev: (272.98, 76.82)
[M::mem_pestat] low and high boundaries for proper pairs: (1, 628)
[M::mem_pestat] skip orientation RF as there are not enough pairs
[M::mem_pestat] skip orientation RR as there are not enough pairs
[M::mem_process_seqs] Processed 135236 reads in 98.041 CPU sec, 49.155 real sec
[M::process] read 135044 sequences (20000008 bp)...
[M::mem_pestat] # candidate unique pairs for (FF, FR, RF, RR): (0, 32764, 14, 0)
[M::mem_pestat] skip orientation FF as there are not enough pairs
[M::mem_pestat] analyzing insert size distribution for orientation FR...
[M::mem_pestat] (25, 50, 75) percentile: (222, 271, 324)
[M::mem_pestat] low and high boundaries for computing mean and std.dev: (18, 528)
[M::mem_pestat] mean and std.dev: (274.73, 77.20)
[M::mem_pestat] low and high boundaries for proper pairs: (1, 630)
[M::mem_pestat] analyzing insert size distribution for orientation RF...
[M::mem_pestat] (25, 50, 75) percentile: (512, 1970, 4851)
[M::mem_pestat] low and high boundaries for computing mean and std.dev: (1, 13529)
[M::mem_pestat] mean and std.dev: (2898.29, 2623.50)
[M::mem_pestat] low and high boundaries for proper pairs: (1, 17868)
[M::mem_pestat] skip orientation RR as there are not enough pairs
[M::mem_pestat] skip orientation RF
[M::mem_process_seqs] Processed 135146 reads in 96.707 CPU sec, 48.436 real sec
[M::process] read 135178 sequences (20000286 bp)...
[M::mem_pestat] # candidate unique pairs for (FF, FR, RF, RR): (3, 32523, 10, 2)
[M::mem_pestat] skip orientation FF as there are not enough pairs
[M::mem_pestat] analyzing insert size distribution for orientation FR...
[M::mem_pestat] (25, 50, 75) percentile: (221, 270, 323)
[M::mem_pestat] low and high boundaries for computing mean and std.dev: (17, 527)
[M::mem_pestat] mean and std.dev: (273.83, 76.88)
[M::mem_pestat] low and high boundaries for proper pairs: (1, 629)
[M::mem_pestat] analyzing insert size distribution for orientation RF...
[M::mem_pestat] (25, 50, 75) percentile: (92, 1658, 6434)
[M::mem_pestat] low and high boundaries for computing mean and std.dev: (1, 19118)
[M::mem_pestat] mean and std.dev: (3214.60, 3347.02)
[M::mem_pestat] low and high boundaries for proper pairs: (1, 25460)
[M::mem_pestat] skip orientation RR as there are not enough pairs
[M::mem_pestat] skip orientation RF
[M::mem_process_seqs] Processed 135044 reads in 97.202 CPU sec, 49.085 real sec
[M::process] read 135114 sequences (20000264 bp)...
[M::mem_pestat] # candidate unique pairs for (FF, FR, RF, RR): (3, 32699, 14, 1)
[M::mem_pestat] skip orientation FF as there are not enough pairs
[M::mem_pestat] analyzing insert size distribution for orientation FR...
[M::mem_pestat] (25, 50, 75) percentile: (220, 270, 323)
[M::mem_pestat] low and high boundaries for computing mean and std.dev: (14, 529)
[M::mem_pestat] mean and std.dev: (273.70, 76.81)
[M::mem_pestat] low and high boundaries for proper pairs: (1, 632)
[M::mem_pestat] analyzing insert size distribution for orientation RF...
[M::mem_pestat] (25, 50, 75) percentile: (391, 2327, 5817)
[M::mem_pestat] low and high boundaries for computing mean and std.dev: (1, 16669)
[M::mem_pestat] mean and std.dev: (3200.21, 2772.21)
[M::mem_pestat] low and high boundaries for proper pairs: (1, 22095)
[M::mem_pestat] skip orientation RR as there are not enough pairs
[M::mem_pestat] skip orientation RF
[M::mem_process_seqs] Processed 135178 reads in 98.492 CPU sec, 50.137 real sec
[M::process] read 61018 sequences (9030879 bp)...
[M::mem_pestat] # candidate unique pairs for (FF, FR, RF, RR): (1, 32493, 11, 0)
[M::mem_pestat] skip orientation FF as there are not enough pairs
[M::mem_pestat] analyzing insert size distribution for orientation FR...
[M::mem_pestat] (25, 50, 75) percentile: (222, 271, 324)
[M::mem_pestat] low and high boundaries for computing mean and std.dev: (18, 528)
[M::mem_pestat] mean and std.dev: (275.04, 76.92)
[M::mem_pestat] low and high boundaries for proper pairs: (1, 630)
[M::mem_pestat] analyzing insert size distribution for orientation RF...
[M::mem_pestat] (25, 50, 75) percentile: (567, 1755, 7144)
[M::mem_pestat] low and high boundaries for computing mean and std.dev: (1, 20298)
[M::mem_pestat] mean and std.dev: (3410.00, 3527.32)
[M::mem_pestat] low and high boundaries for proper pairs: (1, 26875)
[M::mem_pestat] skip orientation RR as there are not enough pairs
[M::mem_pestat] skip orientation RF
[M::mem_process_seqs] Processed 135114 reads in 97.996 CPU sec, 49.143 real sec
[M::mem_pestat] # candidate unique pairs for (FF, FR, RF, RR): (1, 14720, 6, 1)
[M::mem_pestat] skip orientation FF as there are not enough pairs
[M::mem_pestat] analyzing insert size distribution for orientation FR...
[M::mem_pestat] (25, 50, 75) percentile: (221, 269, 321)
[M::mem_pestat] low and high boundaries for computing mean and std.dev: (21, 521)
[M::mem_pestat] mean and std.dev: (272.96, 76.57)
[M::mem_pestat] low and high boundaries for proper pairs: (1, 621)
[M::mem_pestat] skip orientation RF as there are not enough pairs
[M::mem_pestat] skip orientation RR as there are not enough pairs
[M::mem_process_seqs] Processed 61018 reads in 44.589 CPU sec, 22.562 real sec
[main] Version: 0.7.17-r1188
[main] CMD: bwa mem -t 2 /domus/h1/siqili/gen-ana/result/canu_genome_assembly/pacbio.contigs.fasta /domus/h1/siqili/gen-ana/raw-data/illumina_data/SRR6058604_scaffold_10.1P.fastq.gz /domus/h1/siqili/gen-ana/raw-data/illumina_data/SRR6058604_scaffold_10.2P.fastq.gz
[main] Real time: 3714.350 sec; CPU: 7261.208 sec
