/sw/bioinfo/quast/4.5.4/rackham/bin/quast.py -o ./quast_result -t 2 -e -1 /domus/h1/siqili/gen-ana/result//../raw-data/illumina_data/SRR6058604_scaffold_10.1P.fastq.gz -2 /domus/h1/siqili/gen-ana/result//../raw-data/illumina_data/SRR6058604_scaffold_10.2P.fastq.gz /domus/h1/siqili/gen-ana/result//correct-assembly/pilon.fasta

Version: 4.5.4

System information:
  OS: Linux-3.10.0-1160.21.1.el7.x86_64-x86_64-with-centos-7.9.2009-Core (linux_64)
  Python version: 2.7.6
  CPUs number: 16

Started: 2021-05-04 16:06:34

Logging to /domus/h1/siqili/gen-ana/result/assembly-quality-assessment/quast_result/quast.log

CWD: /domus/h1/siqili/gen-ana/result/assembly-quality-assessment
Main parameters: 
  Threads: 2, eukaryotic: true, minimum contig length: 500, ambiguity: one, threshold for extensive misassembly size: 1000

Contigs:
  Pre-processing...
  /domus/h1/siqili/gen-ana/result//correct-assembly/pilon.fasta ==> pilon

2021-05-04 16:06:40
Running Basic statistics processor...
  Contig files: 
    pilon
  Calculating N50 and L50...
    pilon, N50 = 574089, L50 = 13, Total length = 29714639, GC % = 31.63, # N's per 100 kbp =  0.00
  Drawing Nx plot...
    saved to /domus/h1/siqili/gen-ana/result/assembly-quality-assessment/quast_result/basic_stats/Nx_plot.pdf
  Drawing cumulative plot...
    saved to /domus/h1/siqili/gen-ana/result/assembly-quality-assessment/quast_result/basic_stats/cumulative_plot.pdf
  Drawing GC content plot...
    saved to /domus/h1/siqili/gen-ana/result/assembly-quality-assessment/quast_result/basic_stats/GC_content_plot.pdf
  Drawing pilon GC content plot...
    saved to /domus/h1/siqili/gen-ana/result/assembly-quality-assessment/quast_result/basic_stats/pilon_GC_content_plot.pdf
Done.

NOTICE: Genes are not predicted by default. Use --gene-finding option to enable it.

2021-05-04 16:06:44
Creating large visual summaries...
This may take a while: press Ctrl-C to skip this step..
  1 of 2: Creating Icarus viewers...
  2 of 2: Creating PDF with all tables and plots...
Done

2021-05-04 16:06:45
RESULTS:
  Text versions of total report are saved to /domus/h1/siqili/gen-ana/result/assembly-quality-assessment/quast_result/report.txt, report.tsv, and report.tex
  Text versions of transposed total report are saved to /domus/h1/siqili/gen-ana/result/assembly-quality-assessment/quast_result/transposed_report.txt, transposed_report.tsv, and transposed_report.tex
  HTML version (interactive tables and plots) saved to /domus/h1/siqili/gen-ana/result/assembly-quality-assessment/quast_result/report.html
  PDF version (tables and plots) is saved to /domus/h1/siqili/gen-ana/result/assembly-quality-assessment/quast_result/report.pdf
  Icarus (contig browser) is saved to /domus/h1/siqili/gen-ana/result/assembly-quality-assessment/quast_result/icarus.html
  Log saved to /domus/h1/siqili/gen-ana/result/assembly-quality-assessment/quast_result/quast.log

Finished: 2021-05-04 16:06:45
Elapsed time: 0:00:10.825966
NOTICEs: 1; WARNINGs: 0; non-fatal ERRORs: 0

Thank you for using QUAST!
