Bowtie2 looks for the specified index first in the current directory, then in the directory specified in the BOWTIE2_INDEXES environment variable.
The pregenerated indexes for the reference genonomes are placed under /sw/data/reference/*/*/program_files/bowtie2 for each reference genome
jellyfish/2.3.0 : Use node-local storage when building and accessing jellyfish databases.  See 'module help jellyfish/2.3.0'.


     ______  ____   ____  ____   ____  ______  __ __
    |      ||    \ |    ||    \ |    ||      ||  |  |
    |      ||  D  ) |  | |  _  | |  | |      ||  |  |
    |_|  |_||    /  |  | |  |  | |  | |_|  |_||  ~  |
      |  |  |    \  |  | |  |  | |  |   |  |  |___, |
      |  |  |  .  \ |  | |  |  | |  |   |  |  |     |
      |__|  |__|\_||____||__|__||____|  |__|  |____/

    Trinity-v2.11.0



Left read files: $VAR1 = [
          '/domus/h1/siqili/gen-ana/raw-data/transcriptome/trimmed/SRR604009*.1.fastq.gz'
        ];
Right read files: $VAR1 = [
          '/domus/h1/siqili/gen-ana/raw-data/transcriptome/trimmed/SRR604009*.2.fastq.gz'
        ];
Trinity version: Trinity-v2.11.0
** NOTE: Latest version of Trinity is v2.12.0, and can be obtained at:
	https://github.com/trinityrnaseq/trinityrnaseq/releases

Sunday, May 23, 2021: 13:20:00	CMD: java -Xmx64m -XX:ParallelGCThreads=2  -jar /sw/bioinfo/trinity/2.11.0/rackham/util/support_scripts/ExitTester.jar 0
Sunday, May 23, 2021: 13:20:00	CMD: java -Xmx4g -XX:ParallelGCThreads=2  -jar /sw/bioinfo/trinity/2.11.0/rackham/util/support_scripts/ExitTester.jar 1
Error, cannot locate file: /domus/h1/siqili/gen-ana/raw-data/transcriptome/trimmed/SRR604009*.1.fastq.gz at /sw/bioinfo/trinity/2.11.0/snowy/Trinity line 2795.
	main::create_full_path('ARRAY(0xd8c368)', 1) called at /sw/bioinfo/trinity/2.11.0/snowy/Trinity line 1285
